{"/Users/khantil/Developer/MCSStudy/DevOps/Project/DevOps-Project/checkbox_test_generation/test.js":{"path":"/Users/khantil/Developer/MCSStudy/DevOps/Project/DevOps-Project/checkbox_test_generation/test.js","s":{"1":1,"2":1,"3":1,"4":1,"5":1,"6":1,"7":1},"b":{},"f":{"1":1},"fnMap":{"1":{"name":"(anonymous_1)","line":11,"loc":{"start":{"line":11,"column":69},"end":{"line":11,"column":101}}}},"statementMap":{"1":{"start":{"line":1,"column":0},"end":{"line":1,"column":121}},"2":{"start":{"line":2,"column":0},"end":{"line":2,"column":33}},"3":{"start":{"line":3,"column":0},"end":{"line":3,"column":31}},"4":{"start":{"line":4,"column":0},"end":{"line":4,"column":28}},"5":{"start":{"line":5,"column":0},"end":{"line":5,"column":34}},"6":{"start":{"line":11,"column":0},"end":{"line":11,"column":125}},"7":{"start":{"line":11,"column":103},"end":{"line":11,"column":121}}},"branchMap":{}},"/Users/khantil/Developer/MCSStudy/DevOps/Project/DevOps-Project/checkbox_test_generation/mock_routes/study.js":{"path":"/Users/khantil/Developer/MCSStudy/DevOps/Project/DevOps-Project/checkbox_test_generation/mock_routes/study.js","s":{"1":1,"2":1,"3":1,"4":0,"5":1,"6":1,"7":0,"8":0,"9":0,"10":0,"11":0,"12":0,"13":0,"14":0,"15":0,"16":0,"17":0,"18":0,"19":0,"20":0,"21":0,"22":0,"23":0,"24":0,"25":0,"26":0,"27":0,"28":0,"29":0,"30":0,"31":0,"32":1,"33":0,"34":0,"35":0,"36":0,"37":0,"38":0,"39":0,"40":0,"41":0,"42":0,"43":1,"44":0,"45":0,"46":0,"47":0,"48":1,"49":0,"50":0,"51":0,"52":0,"53":0,"54":0,"55":0,"56":0,"57":1,"58":0,"59":0,"60":0,"61":0,"62":0,"63":0,"64":0,"65":0,"66":0,"67":0,"68":0,"69":0,"70":0,"71":1,"72":0,"73":0,"74":0,"75":0,"76":0,"77":0,"78":0,"79":1,"80":0},"b":{"1":[0,0],"2":[0,0],"3":[0,0],"4":[0,0],"5":[0,0],"6":[0,0],"7":[0,0,0],"8":[0,0],"9":[0,0],"10":[0,0]},"f":{"1":0,"2":0,"3":0,"4":0,"5":0,"6":0,"7":0,"8":0,"9":0,"10":0,"11":0,"12":0,"13":0,"14":0,"15":0,"16":0,"17":0,"18":0,"19":0,"20":0,"21":0,"22":0},"fnMap":{"1":{"name":"(anonymous_1)","line":8,"loc":{"start":{"line":8,"column":15},"end":{"line":8,"column":20}}},"2":{"name":"(anonymous_2)","line":30,"loc":{"start":{"line":30,"column":18},"end":{"line":31,"column":0}}},"3":{"name":"(anonymous_3)","line":32,"loc":{"start":{"line":32,"column":27},"end":{"line":32,"column":48}}},"4":{"name":"(anonymous_4)","line":34,"loc":{"start":{"line":34,"column":33},"end":{"line":34,"column":57}}},"5":{"name":"(anonymous_5)","line":37,"loc":{"start":{"line":37,"column":16},"end":{"line":38,"column":16}}},"6":{"name":"(anonymous_6)","line":44,"loc":{"start":{"line":44,"column":20},"end":{"line":45,"column":20}}},"7":{"name":"(anonymous_7)","line":95,"loc":{"start":{"line":95,"column":44},"end":{"line":96,"column":24}}},"8":{"name":"(anonymous_8)","line":111,"loc":{"start":{"line":111,"column":20},"end":{"line":111,"column":39}}},"9":{"name":"(anonymous_9)","line":114,"loc":{"start":{"line":114,"column":29},"end":{"line":114,"column":55}}},"10":{"name":"(anonymous_10)","line":116,"loc":{"start":{"line":116,"column":53},"end":{"line":116,"column":73}}},"11":{"name":"(anonymous_11)","line":128,"loc":{"start":{"line":128,"column":17},"end":{"line":128,"column":36}}},"12":{"name":"(anonymous_12)","line":131,"loc":{"start":{"line":131,"column":27},"end":{"line":131,"column":53}}},"13":{"name":"(anonymous_13)","line":132,"loc":{"start":{"line":132,"column":53},"end":{"line":132,"column":74}}},"14":{"name":"(anonymous_14)","line":139,"loc":{"start":{"line":139,"column":21},"end":{"line":140,"column":0}}},"15":{"name":"(anonymous_15)","line":146,"loc":{"start":{"line":146,"column":27},"end":{"line":146,"column":53}}},"16":{"name":"(anonymous_16)","line":153,"loc":{"start":{"line":153,"column":12},"end":{"line":154,"column":12}}},"17":{"name":"(anonymous_17)","line":167,"loc":{"start":{"line":167,"column":21},"end":{"line":167,"column":40}}},"18":{"name":"(anonymous_18)","line":189,"loc":{"start":{"line":189,"column":38},"end":{"line":189,"column":56}}},"19":{"name":"commonSubmit","line":202,"loc":{"start":{"line":202,"column":0},"end":{"line":203,"column":0}}},"20":{"name":"(anonymous_20)","line":207,"loc":{"start":{"line":207,"column":27},"end":{"line":207,"column":53}}},"21":{"name":"(anonymous_21)","line":208,"loc":{"start":{"line":208,"column":45},"end":{"line":208,"column":67}}},"22":{"name":"(anonymous_22)","line":219,"loc":{"start":{"line":219,"column":23},"end":{"line":219,"column":38}}}},"statementMap":{"1":{"start":{"line":3,"column":0},"end":{"line":3,"column":39}},"2":{"start":{"line":4,"column":0},"end":{"line":4,"column":30}},"3":{"start":{"line":5,"column":0},"end":{"line":5,"column":41}},"4":{"start":{"line":9,"column":8},"end":{"line":9,"column":24}},"5":{"start":{"line":13,"column":0},"end":{"line":13,"column":37}},"6":{"start":{"line":30,"column":0},"end":{"line":109,"column":1}},"7":{"start":{"line":32,"column":4},"end":{"line":108,"column":7}},"8":{"start":{"line":34,"column":8},"end":{"line":107,"column":11}},"9":{"start":{"line":36,"column":12},"end":{"line":106,"column":14}},"10":{"start":{"line":39,"column":20},"end":{"line":39,"column":37}},"11":{"start":{"line":40,"column":20},"end":{"line":104,"column":23}},"12":{"start":{"line":46,"column":24},"end":{"line":46,"column":61}},"13":{"start":{"line":48,"column":24},"end":{"line":48,"column":41}},"14":{"start":{"line":49,"column":24},"end":{"line":49,"column":50}},"15":{"start":{"line":50,"column":24},"end":{"line":57,"column":25}},"16":{"start":{"line":52,"column":28},"end":{"line":52,"column":51}},"17":{"start":{"line":53,"column":28},"end":{"line":56,"column":29}},"18":{"start":{"line":55,"column":32},"end":{"line":55,"column":57}},"19":{"start":{"line":59,"column":24},"end":{"line":59,"column":63}},"20":{"start":{"line":61,"column":24},"end":{"line":88,"column":25}},"21":{"start":{"line":63,"column":28},"end":{"line":63,"column":50}},"22":{"start":{"line":64,"column":28},"end":{"line":87,"column":29}},"23":{"start":{"line":66,"column":32},"end":{"line":77,"column":34}},"24":{"start":{"line":79,"column":32},"end":{"line":86,"column":33}},"25":{"start":{"line":85,"column":36},"end":{"line":85,"column":68}},"26":{"start":{"line":90,"column":24},"end":{"line":93,"column":26}},"27":{"start":{"line":95,"column":24},"end":{"line":101,"column":27}},"28":{"start":{"line":97,"column":28},"end":{"line":97,"column":69}},"29":{"start":{"line":98,"column":28},"end":{"line":98,"column":69}},"30":{"start":{"line":100,"column":28},"end":{"line":100,"column":57}},"31":{"start":{"line":103,"column":24},"end":{"line":103,"column":41}},"32":{"start":{"line":111,"column":0},"end":{"line":126,"column":2}},"33":{"start":{"line":112,"column":4},"end":{"line":112,"column":27}},"34":{"start":{"line":113,"column":4},"end":{"line":113,"column":43}},"35":{"start":{"line":114,"column":4},"end":{"line":125,"column":7}},"36":{"start":{"line":115,"column":8},"end":{"line":115,"column":33}},"37":{"start":{"line":116,"column":8},"end":{"line":124,"column":11}},"38":{"start":{"line":118,"column":12},"end":{"line":118,"column":39}},"39":{"start":{"line":119,"column":12},"end":{"line":119,"column":30}},"40":{"start":{"line":120,"column":12},"end":{"line":120,"column":33}},"41":{"start":{"line":121,"column":12},"end":{"line":121,"column":38}},"42":{"start":{"line":123,"column":12},"end":{"line":123,"column":27}},"43":{"start":{"line":128,"column":0},"end":{"line":136,"column":2}},"44":{"start":{"line":129,"column":4},"end":{"line":129,"column":46}},"45":{"start":{"line":131,"column":4},"end":{"line":135,"column":7}},"46":{"start":{"line":132,"column":8},"end":{"line":134,"column":11}},"47":{"start":{"line":133,"column":12},"end":{"line":133,"column":44}},"48":{"start":{"line":139,"column":0},"end":{"line":165,"column":1}},"49":{"start":{"line":141,"column":4},"end":{"line":141,"column":50}},"50":{"start":{"line":142,"column":4},"end":{"line":142,"column":35}},"51":{"start":{"line":143,"column":4},"end":{"line":143,"column":44}},"52":{"start":{"line":146,"column":4},"end":{"line":164,"column":7}},"53":{"start":{"line":147,"column":8},"end":{"line":163,"column":15}},"54":{"start":{"line":155,"column":16},"end":{"line":162,"column":17}},"55":{"start":{"line":157,"column":20},"end":{"line":157,"column":61}},"56":{"start":{"line":161,"column":20},"end":{"line":161,"column":44}},"57":{"start":{"line":167,"column":0},"end":{"line":200,"column":1}},"58":{"start":{"line":169,"column":4},"end":{"line":169,"column":35}},"59":{"start":{"line":170,"column":4},"end":{"line":170,"column":35}},"60":{"start":{"line":171,"column":4},"end":{"line":171,"column":43}},"61":{"start":{"line":172,"column":4},"end":{"line":172,"column":47}},"62":{"start":{"line":173,"column":4},"end":{"line":173,"column":31}},"63":{"start":{"line":174,"column":4},"end":{"line":174,"column":35}},"64":{"start":{"line":176,"column":4},"end":{"line":185,"column":6}},"65":{"start":{"line":187,"column":4},"end":{"line":198,"column":5}},"66":{"start":{"line":189,"column":8},"end":{"line":193,"column":11}},"67":{"start":{"line":190,"column":12},"end":{"line":190,"column":35}},"68":{"start":{"line":191,"column":12},"end":{"line":191,"column":33}},"69":{"start":{"line":192,"column":12},"end":{"line":192,"column":40}},"70":{"start":{"line":197,"column":8},"end":{"line":197,"column":36}},"71":{"start":{"line":202,"column":0},"end":{"line":217,"column":1}},"72":{"start":{"line":205,"column":4},"end":{"line":205,"column":40}},"73":{"start":{"line":207,"column":4},"end":{"line":216,"column":7}},"74":{"start":{"line":208,"column":8},"end":{"line":215,"column":11}},"75":{"start":{"line":209,"column":12},"end":{"line":214,"column":13}},"76":{"start":{"line":210,"column":16},"end":{"line":210,"column":60}},"77":{"start":{"line":212,"column":16},"end":{"line":212,"column":69}},"78":{"start":{"line":213,"column":16},"end":{"line":213,"column":42}},"79":{"start":{"line":219,"column":0},"end":{"line":222,"column":2}},"80":{"start":{"line":220,"column":4},"end":{"line":221,"column":40}}},"branchMap":{"1":{"line":53,"type":"if","locations":[{"start":{"line":53,"column":28},"end":{"line":53,"column":28}},{"start":{"line":53,"column":28},"end":{"line":53,"column":28}}]},"2":{"line":64,"type":"if","locations":[{"start":{"line":64,"column":28},"end":{"line":64,"column":28}},{"start":{"line":64,"column":28},"end":{"line":64,"column":28}}]},"3":{"line":79,"type":"if","locations":[{"start":{"line":79,"column":32},"end":{"line":79,"column":32}},{"start":{"line":79,"column":32},"end":{"line":79,"column":32}}]},"4":{"line":155,"type":"if","locations":[{"start":{"line":155,"column":16},"end":{"line":155,"column":16}},{"start":{"line":155,"column":16},"end":{"line":155,"column":16}}]},"5":{"line":155,"type":"binary-expr","locations":[{"start":{"line":155,"column":20},"end":{"line":155,"column":25}},{"start":{"line":155,"column":29},"end":{"line":155,"column":45}}]},"6":{"line":187,"type":"if","locations":[{"start":{"line":187,"column":4},"end":{"line":187,"column":4}},{"start":{"line":187,"column":4},"end":{"line":187,"column":4}}]},"7":{"line":187,"type":"binary-expr","locations":[{"start":{"line":187,"column":8},"end":{"line":187,"column":17}},{"start":{"line":187,"column":21},"end":{"line":187,"column":36}},{"start":{"line":187,"column":40},"end":{"line":187,"column":66}}]},"8":{"line":209,"type":"if","locations":[{"start":{"line":209,"column":12},"end":{"line":209,"column":12}},{"start":{"line":209,"column":12},"end":{"line":209,"column":12}}]},"9":{"line":220,"type":"binary-expr","locations":[{"start":{"line":220,"column":11},"end":{"line":220,"column":63}},{"start":{"line":221,"column":11},"end":{"line":221,"column":39}}]},"10":{"line":220,"type":"binary-expr","locations":[{"start":{"line":220,"column":12},"end":{"line":220,"column":42}},{"start":{"line":220,"column":46},"end":{"line":220,"column":48}}]}}},"/Users/khantil/Developer/MCSStudy/DevOps/Project/DevOps-Project/checkbox_test_generation/mock_routes/upload.js":{"path":"/Users/khantil/Developer/MCSStudy/DevOps/Project/DevOps-Project/checkbox_test_generation/mock_routes/upload.js","s":{"1":1,"2":1,"3":1,"4":1,"5":1,"6":1,"7":1,"8":1,"9":1,"10":1,"11":1,"12":1,"13":1,"14":1,"15":0,"16":0,"17":0,"18":1,"19":0,"20":0,"21":0,"22":0,"23":0,"24":0,"25":0,"26":1,"27":0,"28":0,"29":0,"30":0,"31":0,"32":0,"33":0,"34":0,"35":0,"36":0,"37":1,"38":0,"39":0,"40":0,"41":1,"42":0,"43":0,"44":0,"45":0,"46":0,"47":0,"48":0,"49":0,"50":0,"51":0,"52":0},"b":{"1":[1,0],"2":[0,0]},"f":{"1":1,"2":0,"3":0,"4":0,"5":0,"6":0,"7":0,"8":0,"9":0,"10":0,"11":0,"12":0,"13":0,"14":0,"15":0,"16":0,"17":0,"18":0,"19":0,"20":0},"fnMap":{"1":{"name":"(anonymous_1)","line":18,"loc":{"start":{"line":18,"column":144},"end":{"line":18,"column":166}}},"2":{"name":"(anonymous_2)","line":24,"loc":{"start":{"line":24,"column":22},"end":{"line":25,"column":0}}},"3":{"name":"(anonymous_3)","line":28,"loc":{"start":{"line":28,"column":31},"end":{"line":29,"column":1}}},"4":{"name":"(anonymous_4)","line":34,"loc":{"start":{"line":34,"column":20},"end":{"line":35,"column":0}}},"5":{"name":"(anonymous_5)","line":38,"loc":{"start":{"line":38,"column":24},"end":{"line":38,"column":38}}},"6":{"name":"(anonymous_6)","line":44,"loc":{"start":{"line":44,"column":24},"end":{"line":44,"column":38}}},"7":{"name":"(anonymous_7)","line":44,"loc":{"start":{"line":44,"column":97},"end":{"line":45,"column":1}}},"8":{"name":"readFileStream","line":50,"loc":{"start":{"line":50,"column":0},"end":{"line":51,"column":0}}},"9":{"name":"(anonymous_9)","line":55,"loc":{"start":{"line":55,"column":43},"end":{"line":56,"column":4}}},"10":{"name":"(anonymous_10)","line":60,"loc":{"start":{"line":60,"column":26},"end":{"line":60,"column":41}}},"11":{"name":"(anonymous_11)","line":66,"loc":{"start":{"line":66,"column":25},"end":{"line":66,"column":40}}},"12":{"name":"(anonymous_12)","line":70,"loc":{"start":{"line":70,"column":27},"end":{"line":70,"column":38}}},"13":{"name":"(anonymous_13)","line":74,"loc":{"start":{"line":74,"column":72},"end":{"line":75,"column":4}}},"14":{"name":"readFile","line":83,"loc":{"start":{"line":83,"column":0},"end":{"line":84,"column":0}}},"15":{"name":"(anonymous_15)","line":86,"loc":{"start":{"line":86,"column":34},"end":{"line":87,"column":1}}},"16":{"name":"uploadFile","line":93,"loc":{"start":{"line":93,"column":0},"end":{"line":94,"column":0}}},"17":{"name":"(anonymous_17)","line":103,"loc":{"start":{"line":103,"column":9},"end":{"line":104,"column":1}}},"18":{"name":"(anonymous_18)","line":105,"loc":{"start":{"line":105,"column":26},"end":{"line":106,"column":2}}},"19":{"name":"(anonymous_19)","line":109,"loc":{"start":{"line":109,"column":12},"end":{"line":110,"column":3}}},"20":{"name":"(anonymous_20)","line":112,"loc":{"start":{"line":112,"column":37},"end":{"line":112,"column":61}}}},"statementMap":{"1":{"start":{"line":1,"column":0},"end":{"line":1,"column":33}},"2":{"start":{"line":2,"column":0},"end":{"line":2,"column":23}},"3":{"start":{"line":3,"column":0},"end":{"line":3,"column":29}},"4":{"start":{"line":5,"column":0},"end":{"line":5,"column":31}},"5":{"start":{"line":6,"column":0},"end":{"line":6,"column":39}},"6":{"start":{"line":7,"column":0},"end":{"line":7,"column":30}},"7":{"start":{"line":9,"column":0},"end":{"line":9,"column":35}},"8":{"start":{"line":12,"column":0},"end":{"line":14,"column":30}},"9":{"start":{"line":16,"column":0},"end":{"line":16,"column":36}},"10":{"start":{"line":17,"column":0},"end":{"line":17,"column":14}},"11":{"start":{"line":18,"column":0},"end":{"line":22,"column":3}},"12":{"start":{"line":20,"column":2},"end":{"line":20,"column":14}},"13":{"start":{"line":21,"column":2},"end":{"line":21,"column":37}},"14":{"start":{"line":24,"column":0},"end":{"line":32,"column":2}},"15":{"start":{"line":26,"column":1},"end":{"line":26,"column":29}},"16":{"start":{"line":28,"column":1},"end":{"line":31,"column":4}},"17":{"start":{"line":30,"column":2},"end":{"line":30,"column":21}},"18":{"start":{"line":34,"column":0},"end":{"line":48,"column":1}},"19":{"start":{"line":36,"column":4},"end":{"line":36,"column":34}},"20":{"start":{"line":38,"column":4},"end":{"line":40,"column":4}},"21":{"start":{"line":39,"column":4},"end":{"line":39,"column":14}},"22":{"start":{"line":42,"column":4},"end":{"line":42,"column":24}},"23":{"start":{"line":44,"column":1},"end":{"line":47,"column":4}},"24":{"start":{"line":44,"column":40},"end":{"line":44,"column":77}},"25":{"start":{"line":46,"column":3},"end":{"line":46,"column":25}},"26":{"start":{"line":50,"column":0},"end":{"line":81,"column":1}},"27":{"start":{"line":52,"column":1},"end":{"line":52,"column":25}},"28":{"start":{"line":53,"column":1},"end":{"line":53,"column":27}},"29":{"start":{"line":55,"column":1},"end":{"line":80,"column":4}},"30":{"start":{"line":57,"column":2},"end":{"line":57,"column":38}},"31":{"start":{"line":60,"column":8},"end":{"line":64,"column":11}},"32":{"start":{"line":66,"column":8},"end":{"line":68,"column":11}},"33":{"start":{"line":70,"column":8},"end":{"line":72,"column":11}},"34":{"start":{"line":74,"column":3},"end":{"line":77,"column":7}},"35":{"start":{"line":76,"column":5},"end":{"line":76,"column":52}},"36":{"start":{"line":79,"column":2},"end":{"line":79,"column":23}},"37":{"start":{"line":83,"column":0},"end":{"line":91,"column":1}},"38":{"start":{"line":86,"column":1},"end":{"line":90,"column":4}},"39":{"start":{"line":88,"column":2},"end":{"line":88,"column":33}},"40":{"start":{"line":89,"column":2},"end":{"line":89,"column":48}},"41":{"start":{"line":93,"column":0},"end":{"line":124,"column":1}},"42":{"start":{"line":96,"column":1},"end":{"line":96,"column":29}},"43":{"start":{"line":98,"column":1},"end":{"line":101,"column":4}},"44":{"start":{"line":103,"column":1},"end":{"line":122,"column":4}},"45":{"start":{"line":105,"column":2},"end":{"line":121,"column":5}},"46":{"start":{"line":107,"column":3},"end":{"line":107,"column":37}},"47":{"start":{"line":109,"column":3},"end":{"line":119,"column":6}},"48":{"start":{"line":112,"column":4},"end":{"line":118,"column":7}},"49":{"start":{"line":113,"column":5},"end":{"line":113,"column":22}},"50":{"start":{"line":114,"column":5},"end":{"line":115,"column":35}},"51":{"start":{"line":115,"column":6},"end":{"line":115,"column":35}},"52":{"start":{"line":117,"column":5},"end":{"line":117,"column":35}}},"branchMap":{"1":{"line":21,"type":"binary-expr","locations":[{"start":{"line":21,"column":15},"end":{"line":21,"column":18}},{"start":{"line":21,"column":22},"end":{"line":21,"column":34}}]},"2":{"line":114,"type":"if","locations":[{"start":{"line":114,"column":5},"end":{"line":114,"column":5}},{"start":{"line":114,"column":5},"end":{"line":114,"column":5}}]}}},"/Users/khantil/Developer/MCSStudy/DevOps/Project/DevOps-Project/checkbox_test_generation/mock_db/db.js":{"path":"/Users/khantil/Developer/MCSStudy/DevOps/Project/DevOps-Project/checkbox_test_generation/mock_db/db.js","s":{"1":1,"2":1,"3":1,"4":1,"5":0,"6":0,"7":0,"8":0,"9":0,"10":0,"11":1},"b":{"1":[0,0],"2":[0,0]},"f":{"1":0},"fnMap":{"1":{"name":"(anonymous_1)","line":6,"loc":{"start":{"line":6,"column":16},"end":{"line":6,"column":37}}}},"statementMap":{"1":{"start":{"line":1,"column":0},"end":{"line":1,"column":38}},"2":{"start":{"line":2,"column":0},"end":{"line":2,"column":34}},"3":{"start":{"line":3,"column":0},"end":{"line":3,"column":28}},"4":{"start":{"line":6,"column":0},"end":{"line":19,"column":2}},"5":{"start":{"line":7,"column":1},"end":{"line":18,"column":2}},"6":{"start":{"line":8,"column":2},"end":{"line":14,"column":3}},"7":{"start":{"line":9,"column":3},"end":{"line":9,"column":21}},"8":{"start":{"line":12,"column":7},"end":{"line":14,"column":3}},"9":{"start":{"line":13,"column":3},"end":{"line":13,"column":19}},"10":{"start":{"line":17,"column":3},"end":{"line":17,"column":13}},"11":{"start":{"line":39,"column":0},"end":{"line":39,"column":20}}},"branchMap":{"1":{"line":8,"type":"if","locations":[{"start":{"line":8,"column":2},"end":{"line":8,"column":2}},{"start":{"line":8,"column":2},"end":{"line":8,"column":2}}]},"2":{"line":12,"type":"if","locations":[{"start":{"line":12,"column":7},"end":{"line":12,"column":7}},{"start":{"line":12,"column":7},"end":{"line":12,"column":7}}]}}},"/Users/khantil/Developer/MCSStudy/DevOps/Project/DevOps-Project/checkbox_test_generation/mock_db/studies.js":{"path":"/Users/khantil/Developer/MCSStudy/DevOps/Project/DevOps-Project/checkbox_test_generation/mock_db/studies.js","s":{"1":1,"2":1,"3":1,"4":1,"5":1,"6":0,"7":0,"8":0,"9":0,"10":0,"11":0,"12":0,"13":1},"b":{"1":[0,0]},"f":{"1":0},"fnMap":{"1":{"name":"(anonymous_1)","line":7,"loc":{"start":{"line":7,"column":18},"end":{"line":7,"column":36}}}},"statementMap":{"1":{"start":{"line":1,"column":0},"end":{"line":1,"column":34}},"2":{"start":{"line":2,"column":0},"end":{"line":2,"column":28}},"3":{"start":{"line":3,"column":0},"end":{"line":3,"column":56}},"4":{"start":{"line":5,"column":0},"end":{"line":5,"column":38}},"5":{"start":{"line":7,"column":0},"end":{"line":21,"column":2}},"6":{"start":{"line":8,"column":1},"end":{"line":8,"column":32}},"7":{"start":{"line":10,"column":1},"end":{"line":10,"column":27}},"8":{"start":{"line":13,"column":1},"end":{"line":19,"column":2}},"9":{"start":{"line":14,"column":2},"end":{"line":14,"column":52}},"10":{"start":{"line":15,"column":2},"end":{"line":15,"column":35}},"11":{"start":{"line":16,"column":2},"end":{"line":18,"column":3}},"12":{"start":{"line":17,"column":3},"end":{"line":17,"column":31}},"13":{"start":{"line":25,"column":0},"end":{"line":25,"column":25}}},"branchMap":{"1":{"line":16,"type":"if","locations":[{"start":{"line":16,"column":2},"end":{"line":16,"column":2}},{"start":{"line":16,"column":2},"end":{"line":16,"column":2}}]}}},"/Users/khantil/Developer/MCSStudy/DevOps/Project/DevOps-Project/checkbox_test_generation/mock_db/votes.js":{"path":"/Users/khantil/Developer/MCSStudy/DevOps/Project/DevOps-Project/checkbox_test_generation/mock_db/votes.js","s":{"1":1,"2":1,"3":1,"4":1,"5":1,"6":0,"7":0,"8":0,"9":0,"10":0,"11":0,"12":0,"13":1},"b":{"1":[0,0]},"f":{"1":0},"fnMap":{"1":{"name":"(anonymous_1)","line":8,"loc":{"start":{"line":8,"column":16},"end":{"line":8,"column":34}}}},"statementMap":{"1":{"start":{"line":1,"column":0},"end":{"line":1,"column":38}},"2":{"start":{"line":2,"column":0},"end":{"line":2,"column":28}},"3":{"start":{"line":3,"column":0},"end":{"line":3,"column":52}},"4":{"start":{"line":5,"column":0},"end":{"line":5,"column":34}},"5":{"start":{"line":8,"column":0},"end":{"line":21,"column":2}},"6":{"start":{"line":9,"column":1},"end":{"line":9,"column":32}},"7":{"start":{"line":11,"column":1},"end":{"line":11,"column":27}},"8":{"start":{"line":14,"column":1},"end":{"line":20,"column":2}},"9":{"start":{"line":15,"column":2},"end":{"line":15,"column":50}},"10":{"start":{"line":16,"column":2},"end":{"line":16,"column":35}},"11":{"start":{"line":17,"column":2},"end":{"line":19,"column":3}},"12":{"start":{"line":18,"column":3},"end":{"line":18,"column":29}},"13":{"start":{"line":24,"column":0},"end":{"line":24,"column":23}}},"branchMap":{"1":{"line":17,"type":"if","locations":[{"start":{"line":17,"column":2},"end":{"line":17,"column":2}},{"start":{"line":17,"column":2},"end":{"line":17,"column":2}}]}}}}