{"G:\\CSC 519 - DevOps\\DevOps-Project\\checkbox_test_generation\\test.js":{"path":"G:\\CSC 519 - DevOps\\DevOps-Project\\checkbox_test_generation\\test.js","s":{"1":1,"2":1,"3":1,"4":1,"5":1,"6":1,"7":1,"8":1,"9":1,"10":1,"11":1,"12":1,"13":1,"14":1,"15":1,"16":1,"17":1,"18":1,"19":1,"20":1,"21":1,"22":1,"23":1,"24":1,"25":1,"26":1,"27":1,"28":1,"29":1,"30":1,"31":1,"32":1,"33":1,"34":1,"35":1,"36":1,"37":1,"38":1,"39":1,"40":1,"41":1,"42":1,"43":1,"44":1,"45":1,"46":1,"47":1,"48":1,"49":1,"50":1,"51":1,"52":1,"53":1,"54":1,"55":1,"56":1,"57":1,"58":1,"59":1,"60":1,"61":1,"62":1,"63":1,"64":1,"65":1,"66":1,"67":1,"68":1,"69":1,"70":1,"71":1,"72":1,"73":1,"74":1,"75":1,"76":1,"77":1,"78":1,"79":1,"80":1,"81":1,"82":1,"83":1,"84":1,"85":1,"86":1,"87":1,"88":1,"89":1,"90":1,"91":1},"b":{},"f":{"1":1,"2":1,"3":1,"4":1,"5":1,"6":1,"7":1,"8":1,"9":1,"10":1,"11":1,"12":1,"13":1,"14":1,"15":1,"16":1,"17":1,"18":1,"19":1,"20":1,"21":1,"22":1,"23":1,"24":1,"25":1,"26":1,"27":1,"28":1,"29":1,"30":1,"31":1,"32":1,"33":1,"34":1,"35":1,"36":1,"37":1,"38":1,"39":1,"40":1,"41":1,"42":1,"43":1},"fnMap":{"1":{"name":"(anonymous_1)","line":11,"loc":{"start":{"line":11,"column":14},"end":{"line":11,"column":46}}},"2":{"name":"(anonymous_2)","line":12,"loc":{"start":{"line":12,"column":74},"end":{"line":12,"column":106}}},"3":{"name":"(anonymous_3)","line":13,"loc":{"start":{"line":13,"column":74},"end":{"line":13,"column":106}}},"4":{"name":"(anonymous_4)","line":14,"loc":{"start":{"line":14,"column":79},"end":{"line":14,"column":111}}},"5":{"name":"(anonymous_5)","line":15,"loc":{"start":{"line":15,"column":76},"end":{"line":15,"column":108}}},"6":{"name":"(anonymous_6)","line":16,"loc":{"start":{"line":16,"column":76},"end":{"line":16,"column":108}}},"7":{"name":"(anonymous_7)","line":17,"loc":{"start":{"line":17,"column":75},"end":{"line":17,"column":107}}},"8":{"name":"(anonymous_8)","line":19,"loc":{"start":{"line":19,"column":14},"end":{"line":19,"column":46}}},"9":{"name":"(anonymous_9)","line":21,"loc":{"start":{"line":21,"column":14},"end":{"line":21,"column":46}}},"10":{"name":"(anonymous_10)","line":23,"loc":{"start":{"line":23,"column":14},"end":{"line":23,"column":46}}},"11":{"name":"(anonymous_11)","line":25,"loc":{"start":{"line":25,"column":14},"end":{"line":25,"column":46}}},"12":{"name":"(anonymous_12)","line":27,"loc":{"start":{"line":27,"column":14},"end":{"line":27,"column":46}}},"13":{"name":"(anonymous_13)","line":29,"loc":{"start":{"line":29,"column":14},"end":{"line":29,"column":46}}},"14":{"name":"(anonymous_14)","line":31,"loc":{"start":{"line":31,"column":14},"end":{"line":31,"column":46}}},"15":{"name":"(anonymous_15)","line":33,"loc":{"start":{"line":33,"column":14},"end":{"line":33,"column":46}}},"16":{"name":"(anonymous_16)","line":35,"loc":{"start":{"line":35,"column":14},"end":{"line":35,"column":46}}},"17":{"name":"(anonymous_17)","line":37,"loc":{"start":{"line":37,"column":14},"end":{"line":37,"column":46}}},"18":{"name":"(anonymous_18)","line":39,"loc":{"start":{"line":39,"column":14},"end":{"line":39,"column":46}}},"19":{"name":"(anonymous_19)","line":41,"loc":{"start":{"line":41,"column":14},"end":{"line":41,"column":46}}},"20":{"name":"(anonymous_20)","line":43,"loc":{"start":{"line":43,"column":14},"end":{"line":43,"column":46}}},"21":{"name":"(anonymous_21)","line":45,"loc":{"start":{"line":45,"column":14},"end":{"line":45,"column":46}}},"22":{"name":"(anonymous_22)","line":47,"loc":{"start":{"line":47,"column":14},"end":{"line":47,"column":46}}},"23":{"name":"(anonymous_23)","line":49,"loc":{"start":{"line":49,"column":14},"end":{"line":49,"column":46}}},"24":{"name":"(anonymous_24)","line":50,"loc":{"start":{"line":50,"column":75},"end":{"line":50,"column":107}}},"25":{"name":"(anonymous_25)","line":51,"loc":{"start":{"line":51,"column":75},"end":{"line":51,"column":107}}},"26":{"name":"(anonymous_26)","line":52,"loc":{"start":{"line":52,"column":84},"end":{"line":52,"column":116}}},"27":{"name":"(anonymous_27)","line":53,"loc":{"start":{"line":53,"column":84},"end":{"line":53,"column":116}}},"28":{"name":"(anonymous_28)","line":54,"loc":{"start":{"line":54,"column":82},"end":{"line":54,"column":114}}},"29":{"name":"(anonymous_29)","line":55,"loc":{"start":{"line":55,"column":82},"end":{"line":55,"column":114}}},"30":{"name":"(anonymous_30)","line":57,"loc":{"start":{"line":57,"column":14},"end":{"line":57,"column":46}}},"31":{"name":"(anonymous_31)","line":59,"loc":{"start":{"line":59,"column":14},"end":{"line":59,"column":46}}},"32":{"name":"(anonymous_32)","line":61,"loc":{"start":{"line":61,"column":14},"end":{"line":61,"column":46}}},"33":{"name":"(anonymous_33)","line":63,"loc":{"start":{"line":63,"column":14},"end":{"line":63,"column":46}}},"34":{"name":"(anonymous_34)","line":65,"loc":{"start":{"line":65,"column":14},"end":{"line":65,"column":46}}},"35":{"name":"(anonymous_35)","line":67,"loc":{"start":{"line":67,"column":14},"end":{"line":67,"column":46}}},"36":{"name":"(anonymous_36)","line":69,"loc":{"start":{"line":69,"column":14},"end":{"line":69,"column":46}}},"37":{"name":"(anonymous_37)","line":71,"loc":{"start":{"line":71,"column":14},"end":{"line":71,"column":46}}},"38":{"name":"(anonymous_38)","line":73,"loc":{"start":{"line":73,"column":14},"end":{"line":73,"column":46}}},"39":{"name":"(anonymous_39)","line":75,"loc":{"start":{"line":75,"column":14},"end":{"line":75,"column":46}}},"40":{"name":"(anonymous_40)","line":77,"loc":{"start":{"line":77,"column":14},"end":{"line":77,"column":46}}},"41":{"name":"(anonymous_41)","line":79,"loc":{"start":{"line":79,"column":14},"end":{"line":79,"column":46}}},"42":{"name":"(anonymous_42)","line":81,"loc":{"start":{"line":81,"column":14},"end":{"line":81,"column":46}}},"43":{"name":"(anonymous_43)","line":83,"loc":{"start":{"line":83,"column":12},"end":{"line":83,"column":23}}}},"statementMap":{"1":{"start":{"line":2,"column":1},"end":{"line":2,"column":98}},"2":{"start":{"line":3,"column":1},"end":{"line":3,"column":110}},"3":{"start":{"line":4,"column":1},"end":{"line":4,"column":110}},"4":{"start":{"line":5,"column":1},"end":{"line":5,"column":111}},"5":{"start":{"line":6,"column":0},"end":{"line":6,"column":33}},"6":{"start":{"line":10,"column":0},"end":{"line":11,"column":70}},"7":{"start":{"line":11,"column":48},"end":{"line":11,"column":66}},"8":{"start":{"line":12,"column":0},"end":{"line":12,"column":130}},"9":{"start":{"line":12,"column":108},"end":{"line":12,"column":126}},"10":{"start":{"line":13,"column":0},"end":{"line":13,"column":130}},"11":{"start":{"line":13,"column":108},"end":{"line":13,"column":126}},"12":{"start":{"line":14,"column":0},"end":{"line":14,"column":135}},"13":{"start":{"line":14,"column":113},"end":{"line":14,"column":131}},"14":{"start":{"line":15,"column":0},"end":{"line":15,"column":132}},"15":{"start":{"line":15,"column":110},"end":{"line":15,"column":128}},"16":{"start":{"line":16,"column":0},"end":{"line":16,"column":132}},"17":{"start":{"line":16,"column":110},"end":{"line":16,"column":128}},"18":{"start":{"line":17,"column":0},"end":{"line":17,"column":131}},"19":{"start":{"line":17,"column":109},"end":{"line":17,"column":127}},"20":{"start":{"line":18,"column":0},"end":{"line":19,"column":70}},"21":{"start":{"line":19,"column":48},"end":{"line":19,"column":66}},"22":{"start":{"line":20,"column":0},"end":{"line":21,"column":70}},"23":{"start":{"line":21,"column":48},"end":{"line":21,"column":66}},"24":{"start":{"line":22,"column":0},"end":{"line":23,"column":70}},"25":{"start":{"line":23,"column":48},"end":{"line":23,"column":66}},"26":{"start":{"line":24,"column":0},"end":{"line":25,"column":70}},"27":{"start":{"line":25,"column":48},"end":{"line":25,"column":66}},"28":{"start":{"line":26,"column":0},"end":{"line":27,"column":70}},"29":{"start":{"line":27,"column":48},"end":{"line":27,"column":66}},"30":{"start":{"line":28,"column":0},"end":{"line":29,"column":70}},"31":{"start":{"line":29,"column":48},"end":{"line":29,"column":66}},"32":{"start":{"line":30,"column":0},"end":{"line":31,"column":70}},"33":{"start":{"line":31,"column":48},"end":{"line":31,"column":66}},"34":{"start":{"line":32,"column":0},"end":{"line":33,"column":70}},"35":{"start":{"line":33,"column":48},"end":{"line":33,"column":66}},"36":{"start":{"line":34,"column":0},"end":{"line":35,"column":70}},"37":{"start":{"line":35,"column":48},"end":{"line":35,"column":66}},"38":{"start":{"line":36,"column":0},"end":{"line":37,"column":70}},"39":{"start":{"line":37,"column":48},"end":{"line":37,"column":66}},"40":{"start":{"line":38,"column":0},"end":{"line":39,"column":70}},"41":{"start":{"line":39,"column":48},"end":{"line":39,"column":66}},"42":{"start":{"line":40,"column":0},"end":{"line":41,"column":70}},"43":{"start":{"line":41,"column":48},"end":{"line":41,"column":66}},"44":{"start":{"line":42,"column":0},"end":{"line":43,"column":70}},"45":{"start":{"line":43,"column":48},"end":{"line":43,"column":66}},"46":{"start":{"line":44,"column":0},"end":{"line":45,"column":70}},"47":{"start":{"line":45,"column":48},"end":{"line":45,"column":66}},"48":{"start":{"line":46,"column":0},"end":{"line":47,"column":70}},"49":{"start":{"line":47,"column":48},"end":{"line":47,"column":66}},"50":{"start":{"line":48,"column":0},"end":{"line":49,"column":70}},"51":{"start":{"line":49,"column":48},"end":{"line":49,"column":66}},"52":{"start":{"line":50,"column":0},"end":{"line":50,"column":131}},"53":{"start":{"line":50,"column":109},"end":{"line":50,"column":127}},"54":{"start":{"line":51,"column":0},"end":{"line":51,"column":131}},"55":{"start":{"line":51,"column":109},"end":{"line":51,"column":127}},"56":{"start":{"line":52,"column":0},"end":{"line":52,"column":140}},"57":{"start":{"line":52,"column":118},"end":{"line":52,"column":136}},"58":{"start":{"line":53,"column":0},"end":{"line":53,"column":140}},"59":{"start":{"line":53,"column":118},"end":{"line":53,"column":136}},"60":{"start":{"line":54,"column":0},"end":{"line":54,"column":138}},"61":{"start":{"line":54,"column":116},"end":{"line":54,"column":134}},"62":{"start":{"line":55,"column":0},"end":{"line":55,"column":138}},"63":{"start":{"line":55,"column":116},"end":{"line":55,"column":134}},"64":{"start":{"line":56,"column":0},"end":{"line":57,"column":70}},"65":{"start":{"line":57,"column":48},"end":{"line":57,"column":66}},"66":{"start":{"line":58,"column":0},"end":{"line":59,"column":70}},"67":{"start":{"line":59,"column":48},"end":{"line":59,"column":66}},"68":{"start":{"line":60,"column":0},"end":{"line":61,"column":70}},"69":{"start":{"line":61,"column":48},"end":{"line":61,"column":66}},"70":{"start":{"line":62,"column":0},"end":{"line":63,"column":70}},"71":{"start":{"line":63,"column":48},"end":{"line":63,"column":66}},"72":{"start":{"line":64,"column":0},"end":{"line":65,"column":70}},"73":{"start":{"line":65,"column":48},"end":{"line":65,"column":66}},"74":{"start":{"line":66,"column":0},"end":{"line":67,"column":70}},"75":{"start":{"line":67,"column":48},"end":{"line":67,"column":66}},"76":{"start":{"line":68,"column":0},"end":{"line":69,"column":70}},"77":{"start":{"line":69,"column":48},"end":{"line":69,"column":66}},"78":{"start":{"line":70,"column":0},"end":{"line":71,"column":70}},"79":{"start":{"line":71,"column":48},"end":{"line":71,"column":66}},"80":{"start":{"line":72,"column":0},"end":{"line":73,"column":70}},"81":{"start":{"line":73,"column":48},"end":{"line":73,"column":66}},"82":{"start":{"line":74,"column":0},"end":{"line":75,"column":70}},"83":{"start":{"line":75,"column":48},"end":{"line":75,"column":66}},"84":{"start":{"line":76,"column":0},"end":{"line":77,"column":70}},"85":{"start":{"line":77,"column":48},"end":{"line":77,"column":66}},"86":{"start":{"line":78,"column":0},"end":{"line":79,"column":70}},"87":{"start":{"line":79,"column":48},"end":{"line":79,"column":66}},"88":{"start":{"line":80,"column":0},"end":{"line":81,"column":70}},"89":{"start":{"line":81,"column":48},"end":{"line":81,"column":66}},"90":{"start":{"line":83,"column":1},"end":{"line":83,"column":56}},"91":{"start":{"line":83,"column":25},"end":{"line":83,"column":46}}},"branchMap":{}},"G:\\CSC 519 - DevOps\\DevOps-Project\\checkbox_test_generation\\server.js":{"path":"G:\\CSC 519 - DevOps\\DevOps-Project\\checkbox_test_generation\\server.js","s":{"1":1,"2":1,"3":1,"4":1,"5":1,"6":1,"7":1,"8":12,"9":12,"10":1,"11":1,"12":1,"13":1,"14":1,"15":1,"16":1,"17":1,"18":1,"19":1,"20":1,"21":1,"22":1,"23":1,"24":1,"25":1,"26":1,"27":1,"28":1,"29":1},"b":{},"f":{"1":1,"2":12,"3":1},"fnMap":{"1":{"name":"(anonymous_1)","line":19,"loc":{"start":{"line":19,"column":14},"end":{"line":19,"column":26}}},"2":{"name":"(anonymous_2)","line":26,"loc":{"start":{"line":26,"column":8},"end":{"line":26,"column":34}}},"3":{"name":"(anonymous_3)","line":35,"loc":{"start":{"line":35,"column":0},"end":{"line":36,"column":0}}}},"statementMap":{"1":{"start":{"line":1,"column":0},"end":{"line":14,"column":42}},"2":{"start":{"line":17,"column":0},"end":{"line":17,"column":20}},"3":{"start":{"line":19,"column":0},"end":{"line":22,"column":3}},"4":{"start":{"line":20,"column":0},"end":{"line":20,"column":31}},"5":{"start":{"line":21,"column":0},"end":{"line":21,"column":30}},"6":{"start":{"line":24,"column":0},"end":{"line":24,"column":150}},"7":{"start":{"line":25,"column":0},"end":{"line":30,"column":2}},"8":{"start":{"line":27,"column":0},"end":{"line":27,"column":59}},"9":{"start":{"line":28,"column":0},"end":{"line":28,"column":36}},"10":{"start":{"line":32,"column":0},"end":{"line":32,"column":58}},"11":{"start":{"line":34,"column":0},"end":{"line":42,"column":2}},"12":{"start":{"line":37,"column":0},"end":{"line":37,"column":31}},"13":{"start":{"line":39,"column":0},"end":{"line":39,"column":48}},"14":{"start":{"line":40,"column":0},"end":{"line":40,"column":28}},"15":{"start":{"line":56,"column":0},"end":{"line":56,"column":49}},"16":{"start":{"line":57,"column":0},"end":{"line":57,"column":53}},"17":{"start":{"line":58,"column":0},"end":{"line":58,"column":48}},"18":{"start":{"line":60,"column":0},"end":{"line":60,"column":46}},"19":{"start":{"line":62,"column":0},"end":{"line":62,"column":51}},"20":{"start":{"line":63,"column":0},"end":{"line":63,"column":74}},"21":{"start":{"line":66,"column":0},"end":{"line":66,"column":53}},"22":{"start":{"line":67,"column":0},"end":{"line":67,"column":61}},"23":{"start":{"line":68,"column":0},"end":{"line":68,"column":62}},"24":{"start":{"line":70,"column":0},"end":{"line":70,"column":53}},"25":{"start":{"line":71,"column":0},"end":{"line":71,"column":55}},"26":{"start":{"line":72,"column":0},"end":{"line":72,"column":62}},"27":{"start":{"line":94,"column":0},"end":{"line":94,"column":48}},"28":{"start":{"line":95,"column":0},"end":{"line":95,"column":41}},"29":{"start":{"line":97,"column":0},"end":{"line":97,"column":24}}},"branchMap":{}},"G:\\CSC 519 - DevOps\\DevOps-Project\\checkbox_test_generation\\marqdown.js":{"path":"G:\\CSC 519 - DevOps\\DevOps-Project\\checkbox_test_generation\\marqdown.js","s":{"1":1,"2":1,"3":1,"4":1,"5":1,"6":1,"7":1,"8":1,"9":1,"10":1,"11":1,"12":1,"13":1,"14":1,"15":1,"16":1,"17":1,"18":1,"19":1,"20":1,"21":1,"22":1,"23":1,"24":1,"25":1,"26":1,"27":1,"28":1,"29":1,"30":1,"31":0,"32":0,"33":0,"34":0,"35":0,"36":0,"37":0,"38":0,"39":0,"40":0,"41":0,"42":0,"43":1,"44":1,"45":1,"46":3,"47":3,"48":1,"49":2,"50":1,"51":1,"52":1,"53":1,"54":3,"55":3,"56":1,"57":1,"58":2,"59":0,"60":1,"61":1,"62":0,"63":1,"64":1,"65":1,"66":1,"67":1,"68":1,"69":1,"70":1,"71":1,"72":1,"73":1,"74":0,"75":0,"76":0,"77":0,"78":0,"79":0,"80":0,"81":0,"82":0,"83":0,"84":0,"85":0,"86":0,"87":0,"88":0,"89":0,"90":0,"91":0,"92":0,"93":0,"94":0,"95":0,"96":0,"97":0,"98":0,"99":0,"100":0,"101":0,"102":0,"103":0,"104":0,"105":0,"106":0,"107":0,"108":0,"109":0,"110":0,"111":0,"112":0,"113":0,"114":0,"115":0,"116":0,"117":0,"118":0,"119":0,"120":0,"121":0,"122":0,"123":0,"124":0,"125":0,"126":0,"127":0,"128":0,"129":0,"130":0,"131":0,"132":0,"133":0,"134":0,"135":0,"136":0,"137":0,"138":0,"139":0,"140":0,"141":0,"142":0,"143":0,"144":0,"145":0,"146":0,"147":0,"148":0,"149":0,"150":0,"151":0,"152":0,"153":0,"154":0,"155":0,"156":0,"157":0,"158":0,"159":0,"160":1,"161":1,"162":1,"163":1,"164":0,"165":0,"166":0,"167":0,"168":0,"169":0,"170":0,"171":0,"172":0,"173":0,"174":0,"175":0,"176":1,"177":1,"178":1,"179":1,"180":1},"b":{"1":[0,0],"2":[1,2],"3":[1,2],"4":[3,3],"5":[0,2],"6":[0,0],"7":[0,0,0],"8":[0,0],"9":[0,0],"10":[0,0],"11":[0,0],"12":[0,0],"13":[0,0],"14":[0,0],"15":[0,0],"16":[0,0],"17":[0,0],"18":[0,0],"19":[0,0],"20":[0,0,0],"21":[0,0],"22":[0,0],"23":[0,0],"24":[0,0],"25":[0,0],"26":[0,0],"27":[0,0],"28":[0,0],"29":[0,0,0],"30":[0,0],"31":[0,0],"32":[0,0],"33":[0,0],"34":[0,0],"35":[0,0],"36":[0,0],"37":[0,0],"38":[0,0],"39":[0,0],"40":[0,0],"41":[0,0],"42":[1,0],"43":[1,0]},"f":{"1":1,"2":1,"3":0,"4":0,"5":1,"6":1,"7":0,"8":1,"9":0,"10":0,"11":0,"12":0,"13":1,"14":1},"fnMap":{"1":{"name":"(anonymous_1)","line":9,"loc":{"start":{"line":9,"column":17},"end":{"line":10,"column":0}}},"2":{"name":"loadJadeTemplates","line":32,"loc":{"start":{"line":32,"column":0},"end":{"line":33,"column":0}}},"3":{"name":"testFile","line":59,"loc":{"start":{"line":59,"column":0},"end":{"line":60,"column":0}}},"4":{"name":"(anonymous_4)","line":61,"loc":{"start":{"line":61,"column":32},"end":{"line":61,"column":52}}},"5":{"name":"ReadHeader","line":86,"loc":{"start":{"line":86,"column":0},"end":{"line":87,"column":0}}},"6":{"name":"ReadBody","line":100,"loc":{"start":{"line":100,"column":0},"end":{"line":101,"column":0}}},"7":{"name":"EscapeCode","line":120,"loc":{"start":{"line":120,"column":0},"end":{"line":121,"column":0}}},"8":{"name":"ProcessTokens","line":137,"loc":{"start":{"line":137,"column":0},"end":{"line":138,"column":0}}},"9":{"name":"(anonymous_9)","line":342,"loc":{"start":{"line":342,"column":27},"end":{"line":343,"column":5}}},"10":{"name":"processInnerText","line":371,"loc":{"start":{"line":371,"column":0},"end":{"line":372,"column":0}}},"11":{"name":"(anonymous_11)","line":374,"loc":{"start":{"line":374,"column":25},"end":{"line":374,"column":39}}},"12":{"name":"(anonymous_12)","line":388,"loc":{"start":{"line":388,"column":36},"end":{"line":388,"column":49}}},"13":{"name":"(anonymous_13)","line":397,"loc":{"start":{"line":397,"column":28},"end":{"line":397,"column":39}}},"14":{"name":"(anonymous_14)","line":399,"loc":{"start":{"line":399,"column":36},"end":{"line":399,"column":60}}}},"statementMap":{"1":{"start":{"line":1,"column":0},"end":{"line":1,"column":31}},"2":{"start":{"line":2,"column":0},"end":{"line":2,"column":23}},"3":{"start":{"line":3,"column":0},"end":{"line":3,"column":29}},"4":{"start":{"line":4,"column":0},"end":{"line":4,"column":27}},"5":{"start":{"line":5,"column":0},"end":{"line":5,"column":30}},"6":{"start":{"line":7,"column":0},"end":{"line":7,"column":36}},"7":{"start":{"line":9,"column":0},"end":{"line":29,"column":2}},"8":{"start":{"line":11,"column":1},"end":{"line":11,"column":19}},"9":{"start":{"line":12,"column":1},"end":{"line":12,"column":43}},"10":{"start":{"line":14,"column":3},"end":{"line":14,"column":32}},"11":{"start":{"line":15,"column":3},"end":{"line":15,"column":34}},"12":{"start":{"line":16,"column":1},"end":{"line":16,"column":21}},"13":{"start":{"line":17,"column":3},"end":{"line":17,"column":38}},"14":{"start":{"line":19,"column":3},"end":{"line":19,"column":30}},"15":{"start":{"line":21,"column":1},"end":{"line":21,"column":57}},"16":{"start":{"line":24,"column":1},"end":{"line":24,"column":49}},"17":{"start":{"line":26,"column":1},"end":{"line":26,"column":37}},"18":{"start":{"line":28,"column":1},"end":{"line":28,"column":13}},"19":{"start":{"line":32,"column":0},"end":{"line":56,"column":1}},"20":{"start":{"line":34,"column":1},"end":{"line":34,"column":29}},"21":{"start":{"line":36,"column":1},"end":{"line":36,"column":92}},"22":{"start":{"line":37,"column":1},"end":{"line":37,"column":90}},"23":{"start":{"line":38,"column":1},"end":{"line":38,"column":102}},"24":{"start":{"line":39,"column":1},"end":{"line":39,"column":100}},"25":{"start":{"line":40,"column":1},"end":{"line":40,"column":76}},"26":{"start":{"line":41,"column":1},"end":{"line":41,"column":84}},"27":{"start":{"line":42,"column":1},"end":{"line":42,"column":76}},"28":{"start":{"line":44,"column":1},"end":{"line":44,"column":84}},"29":{"start":{"line":46,"column":1},"end":{"line":55,"column":3}},"30":{"start":{"line":59,"column":0},"end":{"line":84,"column":1}},"31":{"start":{"line":61,"column":1},"end":{"line":83,"column":4}},"32":{"start":{"line":62,"column":4},"end":{"line":64,"column":5}},"33":{"start":{"line":63,"column":6},"end":{"line":63,"column":30}},"34":{"start":{"line":66,"column":2},"end":{"line":66,"column":44}},"35":{"start":{"line":68,"column":4},"end":{"line":68,"column":33}},"36":{"start":{"line":69,"column":4},"end":{"line":69,"column":35}},"37":{"start":{"line":70,"column":4},"end":{"line":70,"column":39}},"38":{"start":{"line":72,"column":4},"end":{"line":72,"column":31}},"39":{"start":{"line":74,"column":2},"end":{"line":74,"column":58}},"40":{"start":{"line":78,"column":2},"end":{"line":78,"column":50}},"41":{"start":{"line":80,"column":2},"end":{"line":80,"column":38}},"42":{"start":{"line":82,"column":2},"end":{"line":82,"column":20}},"43":{"start":{"line":86,"column":0},"end":{"line":98,"column":1}},"44":{"start":{"line":88,"column":1},"end":{"line":88,"column":17}},"45":{"start":{"line":89,"column":1},"end":{"line":97,"column":2}},"46":{"start":{"line":91,"column":2},"end":{"line":91,"column":22}},"47":{"start":{"line":92,"column":2},"end":{"line":95,"column":3}},"48":{"start":{"line":94,"column":3},"end":{"line":94,"column":17}},"49":{"start":{"line":96,"column":2},"end":{"line":96,"column":17}},"50":{"start":{"line":100,"column":0},"end":{"line":118,"column":1}},"51":{"start":{"line":102,"column":1},"end":{"line":102,"column":15}},"52":{"start":{"line":103,"column":1},"end":{"line":103,"column":19}},"53":{"start":{"line":104,"column":1},"end":{"line":116,"column":2}},"54":{"start":{"line":106,"column":2},"end":{"line":106,"column":22}},"55":{"start":{"line":107,"column":2},"end":{"line":111,"column":3}},"56":{"start":{"line":109,"column":3},"end":{"line":109,"column":16}},"57":{"start":{"line":110,"column":3},"end":{"line":110,"column":12}},"58":{"start":{"line":112,"column":2},"end":{"line":115,"column":3}},"59":{"start":{"line":114,"column":3},"end":{"line":114,"column":23}},"60":{"start":{"line":117,"column":1},"end":{"line":117,"column":13}},"61":{"start":{"line":120,"column":0},"end":{"line":135,"column":1}},"62":{"start":{"line":122,"column":1},"end":{"line":129,"column":29}},"63":{"start":{"line":137,"column":0},"end":{"line":369,"column":1}},"64":{"start":{"line":139,"column":1},"end":{"line":139,"column":20}},"65":{"start":{"line":141,"column":1},"end":{"line":141,"column":21}},"66":{"start":{"line":142,"column":1},"end":{"line":142,"column":17}},"67":{"start":{"line":144,"column":1},"end":{"line":144,"column":24}},"68":{"start":{"line":150,"column":1},"end":{"line":150,"column":24}},"69":{"start":{"line":151,"column":1},"end":{"line":151,"column":64}},"70":{"start":{"line":154,"column":1},"end":{"line":154,"column":20}},"71":{"start":{"line":155,"column":1},"end":{"line":155,"column":42}},"72":{"start":{"line":158,"column":1},"end":{"line":158,"column":72}},"73":{"start":{"line":160,"column":1},"end":{"line":361,"column":2}},"74":{"start":{"line":162,"column":2},"end":{"line":162,"column":20}},"75":{"start":{"line":163,"column":2},"end":{"line":163,"column":20}},"76":{"start":{"line":165,"column":2},"end":{"line":175,"column":3}},"77":{"start":{"line":169,"column":3},"end":{"line":169,"column":43}},"78":{"start":{"line":171,"column":3},"end":{"line":171,"column":59}},"79":{"start":{"line":174,"column":3},"end":{"line":174,"column":47}},"80":{"start":{"line":177,"column":2},"end":{"line":201,"column":3}},"81":{"start":{"line":179,"column":3},"end":{"line":191,"column":4}},"82":{"start":{"line":181,"column":4},"end":{"line":181,"column":50}},"83":{"start":{"line":183,"column":4},"end":{"line":190,"column":5}},"84":{"start":{"line":185,"column":5},"end":{"line":185,"column":75}},"85":{"start":{"line":189,"column":5},"end":{"line":189,"column":75}},"86":{"start":{"line":192,"column":3},"end":{"line":192,"column":40}},"87":{"start":{"line":193,"column":3},"end":{"line":193,"column":56}},"88":{"start":{"line":196,"column":3},"end":{"line":196,"column":20}},"89":{"start":{"line":197,"column":3},"end":{"line":200,"column":4}},"90":{"start":{"line":199,"column":4},"end":{"line":199,"column":44}},"91":{"start":{"line":203,"column":2},"end":{"line":213,"column":3}},"92":{"start":{"line":206,"column":3},"end":{"line":206,"column":43}},"93":{"start":{"line":209,"column":3},"end":{"line":209,"column":49}},"94":{"start":{"line":211,"column":3},"end":{"line":211,"column":72}},"95":{"start":{"line":217,"column":2},"end":{"line":265,"column":3}},"96":{"start":{"line":220,"column":3},"end":{"line":220,"column":43}},"97":{"start":{"line":222,"column":3},"end":{"line":222,"column":20}},"98":{"start":{"line":223,"column":3},"end":{"line":223,"column":24}},"99":{"start":{"line":224,"column":3},"end":{"line":224,"column":28}},"100":{"start":{"line":225,"column":3},"end":{"line":225,"column":22}},"101":{"start":{"line":226,"column":3},"end":{"line":250,"column":4}},"102":{"start":{"line":228,"column":4},"end":{"line":231,"column":5}},"103":{"start":{"line":230,"column":5},"end":{"line":230,"column":22}},"104":{"start":{"line":233,"column":4},"end":{"line":237,"column":5}},"105":{"start":{"line":235,"column":5},"end":{"line":235,"column":27}},"106":{"start":{"line":236,"column":5},"end":{"line":236,"column":18}},"107":{"start":{"line":239,"column":4},"end":{"line":247,"column":5}},"108":{"start":{"line":241,"column":5},"end":{"line":241,"column":37}},"109":{"start":{"line":243,"column":5},"end":{"line":243,"column":62}},"110":{"start":{"line":245,"column":5},"end":{"line":245,"column":86}},"111":{"start":{"line":246,"column":5},"end":{"line":246,"column":28}},"112":{"start":{"line":249,"column":4},"end":{"line":249,"column":20}},"113":{"start":{"line":252,"column":3},"end":{"line":252,"column":17}},"114":{"start":{"line":253,"column":3},"end":{"line":262,"column":4}},"115":{"start":{"line":255,"column":4},"end":{"line":255,"column":56}},"116":{"start":{"line":256,"column":4},"end":{"line":256,"column":75}},"117":{"start":{"line":260,"column":4},"end":{"line":260,"column":55}},"118":{"start":{"line":261,"column":4},"end":{"line":261,"column":74}},"119":{"start":{"line":264,"column":3},"end":{"line":264,"column":47}},"120":{"start":{"line":267,"column":2},"end":{"line":316,"column":3}},"121":{"start":{"line":270,"column":3},"end":{"line":270,"column":19}},"122":{"start":{"line":272,"column":3},"end":{"line":314,"column":4}},"123":{"start":{"line":275,"column":4},"end":{"line":275,"column":44}},"124":{"start":{"line":277,"column":4},"end":{"line":277,"column":22}},"125":{"start":{"line":280,"column":4},"end":{"line":283,"column":5}},"126":{"start":{"line":282,"column":5},"end":{"line":282,"column":21}},"127":{"start":{"line":286,"column":4},"end":{"line":286,"column":33}},"128":{"start":{"line":288,"column":4},"end":{"line":288,"column":18}},"129":{"start":{"line":289,"column":4},"end":{"line":306,"column":5}},"130":{"start":{"line":291,"column":5},"end":{"line":291,"column":90}},"131":{"start":{"line":292,"column":5},"end":{"line":292,"column":74}},"132":{"start":{"line":294,"column":9},"end":{"line":306,"column":5}},"133":{"start":{"line":296,"column":5},"end":{"line":296,"column":105}},"134":{"start":{"line":297,"column":5},"end":{"line":297,"column":72}},"135":{"start":{"line":301,"column":5},"end":{"line":301,"column":26}},"136":{"start":{"line":302,"column":5},"end":{"line":303,"column":37}},"137":{"start":{"line":303,"column":6},"end":{"line":303,"column":37}},"138":{"start":{"line":304,"column":5},"end":{"line":304,"column":79}},"139":{"start":{"line":305,"column":5},"end":{"line":305,"column":68}},"140":{"start":{"line":308,"column":4},"end":{"line":308,"column":48}},"141":{"start":{"line":313,"column":4},"end":{"line":313,"column":24}},"142":{"start":{"line":318,"column":2},"end":{"line":360,"column":3}},"143":{"start":{"line":321,"column":3},"end":{"line":322,"column":13}},"144":{"start":{"line":322,"column":4},"end":{"line":322,"column":13}},"145":{"start":{"line":325,"column":3},"end":{"line":325,"column":43}},"146":{"start":{"line":328,"column":3},"end":{"line":328,"column":34}},"147":{"start":{"line":329,"column":3},"end":{"line":333,"column":4}},"148":{"start":{"line":332,"column":4},"end":{"line":332,"column":30}},"149":{"start":{"line":335,"column":3},"end":{"line":335,"column":26}},"150":{"start":{"line":336,"column":3},"end":{"line":336,"column":26}},"151":{"start":{"line":338,"column":3},"end":{"line":338,"column":17}},"152":{"start":{"line":341,"column":3},"end":{"line":341,"column":61}},"153":{"start":{"line":342,"column":3},"end":{"line":357,"column":4}},"154":{"start":{"line":345,"column":6},"end":{"line":345,"column":51}},"155":{"start":{"line":350,"column":4},"end":{"line":350,"column":98}},"156":{"start":{"line":351,"column":4},"end":{"line":351,"column":79}},"157":{"start":{"line":355,"column":4},"end":{"line":355,"column":99}},"158":{"start":{"line":356,"column":4},"end":{"line":356,"column":80}},"159":{"start":{"line":359,"column":3},"end":{"line":359,"column":47}},"160":{"start":{"line":364,"column":1},"end":{"line":364,"column":49}},"161":{"start":{"line":367,"column":1},"end":{"line":367,"column":32}},"162":{"start":{"line":368,"column":1},"end":{"line":368,"column":18}},"163":{"start":{"line":371,"column":0},"end":{"line":393,"column":1}},"164":{"start":{"line":373,"column":1},"end":{"line":373,"column":23}},"165":{"start":{"line":374,"column":1},"end":{"line":391,"column":2}},"166":{"start":{"line":374,"column":41},"end":{"line":374,"column":90}},"167":{"start":{"line":377,"column":2},"end":{"line":382,"column":3}},"168":{"start":{"line":379,"column":3},"end":{"line":379,"column":28}},"169":{"start":{"line":380,"column":3},"end":{"line":381,"column":63}},"170":{"start":{"line":381,"column":4},"end":{"line":381,"column":63}},"171":{"start":{"line":388,"column":2},"end":{"line":388,"column":102}},"172":{"start":{"line":388,"column":50},"end":{"line":388,"column":99}},"173":{"start":{"line":389,"column":2},"end":{"line":389,"column":37}},"174":{"start":{"line":390,"column":2},"end":{"line":390,"column":50}},"175":{"start":{"line":392,"column":1},"end":{"line":392,"column":21}},"176":{"start":{"line":396,"column":0},"end":{"line":406,"column":1}},"177":{"start":{"line":397,"column":2},"end":{"line":405,"column":4}},"178":{"start":{"line":398,"column":4},"end":{"line":398,"column":25}},"179":{"start":{"line":399,"column":4},"end":{"line":404,"column":7}},"180":{"start":{"line":400,"column":6},"end":{"line":403,"column":7}}},"branchMap":{"1":{"line":62,"type":"if","locations":[{"start":{"line":62,"column":4},"end":{"line":62,"column":4}},{"start":{"line":62,"column":4},"end":{"line":62,"column":4}}]},"2":{"line":92,"type":"if","locations":[{"start":{"line":92,"column":2},"end":{"line":92,"column":2}},{"start":{"line":92,"column":2},"end":{"line":92,"column":2}}]},"3":{"line":107,"type":"if","locations":[{"start":{"line":107,"column":2},"end":{"line":107,"column":2}},{"start":{"line":107,"column":2},"end":{"line":107,"column":2}}]},"4":{"line":107,"type":"binary-expr","locations":[{"start":{"line":107,"column":6},"end":{"line":107,"column":12}},{"start":{"line":107,"column":16},"end":{"line":107,"column":40}}]},"5":{"line":112,"type":"if","locations":[{"start":{"line":112,"column":2},"end":{"line":112,"column":2}},{"start":{"line":112,"column":2},"end":{"line":112,"column":2}}]},"6":{"line":165,"type":"if","locations":[{"start":{"line":165,"column":2},"end":{"line":165,"column":2}},{"start":{"line":165,"column":2},"end":{"line":165,"column":2}}]},"7":{"line":165,"type":"binary-expr","locations":[{"start":{"line":165,"column":6},"end":{"line":165,"column":22}},{"start":{"line":165,"column":26},"end":{"line":165,"column":32}},{"start":{"line":165,"column":36},"end":{"line":165,"column":52}}]},"8":{"line":177,"type":"if","locations":[{"start":{"line":177,"column":2},"end":{"line":177,"column":2}},{"start":{"line":177,"column":2},"end":{"line":177,"column":2}}]},"9":{"line":177,"type":"binary-expr","locations":[{"start":{"line":177,"column":6},"end":{"line":177,"column":25}},{"start":{"line":177,"column":29},"end":{"line":177,"column":41}}]},"10":{"line":179,"type":"if","locations":[{"start":{"line":179,"column":3},"end":{"line":179,"column":3}},{"start":{"line":179,"column":3},"end":{"line":179,"column":3}}]},"11":{"line":183,"type":"if","locations":[{"start":{"line":183,"column":4},"end":{"line":183,"column":4}},{"start":{"line":183,"column":4},"end":{"line":183,"column":4}}]},"12":{"line":183,"type":"binary-expr","locations":[{"start":{"line":183,"column":8},"end":{"line":183,"column":32}},{"start":{"line":183,"column":36},"end":{"line":183,"column":77}}]},"13":{"line":197,"type":"if","locations":[{"start":{"line":197,"column":3},"end":{"line":197,"column":3}},{"start":{"line":197,"column":3},"end":{"line":197,"column":3}}]},"14":{"line":203,"type":"if","locations":[{"start":{"line":203,"column":2},"end":{"line":203,"column":2}},{"start":{"line":203,"column":2},"end":{"line":203,"column":2}}]},"15":{"line":217,"type":"if","locations":[{"start":{"line":217,"column":2},"end":{"line":217,"column":2}},{"start":{"line":217,"column":2},"end":{"line":217,"column":2}}]},"16":{"line":226,"type":"binary-expr","locations":[{"start":{"line":226,"column":10},"end":{"line":226,"column":11}},{"start":{"line":226,"column":15},"end":{"line":226,"column":35}}]},"17":{"line":228,"type":"if","locations":[{"start":{"line":228,"column":4},"end":{"line":228,"column":4}},{"start":{"line":228,"column":4},"end":{"line":228,"column":4}}]},"18":{"line":228,"type":"binary-expr","locations":[{"start":{"line":228,"column":8},"end":{"line":228,"column":35}},{"start":{"line":228,"column":39},"end":{"line":228,"column":67}}]},"19":{"line":233,"type":"if","locations":[{"start":{"line":233,"column":4},"end":{"line":233,"column":4}},{"start":{"line":233,"column":4},"end":{"line":233,"column":4}}]},"20":{"line":233,"type":"binary-expr","locations":[{"start":{"line":233,"column":8},"end":{"line":233,"column":35}},{"start":{"line":233,"column":39},"end":{"line":233,"column":67}},{"start":{"line":233,"column":71},"end":{"line":233,"column":96}}]},"21":{"line":239,"type":"if","locations":[{"start":{"line":239,"column":4},"end":{"line":239,"column":4}},{"start":{"line":239,"column":4},"end":{"line":239,"column":4}}]},"22":{"line":253,"type":"if","locations":[{"start":{"line":253,"column":3},"end":{"line":253,"column":3}},{"start":{"line":253,"column":3},"end":{"line":253,"column":3}}]},"23":{"line":267,"type":"if","locations":[{"start":{"line":267,"column":2},"end":{"line":267,"column":2}},{"start":{"line":267,"column":2},"end":{"line":267,"column":2}}]},"24":{"line":272,"type":"if","locations":[{"start":{"line":272,"column":3},"end":{"line":272,"column":3}},{"start":{"line":272,"column":3},"end":{"line":272,"column":3}}]},"25":{"line":272,"type":"binary-expr","locations":[{"start":{"line":272,"column":7},"end":{"line":272,"column":13}},{"start":{"line":272,"column":17},"end":{"line":272,"column":41}}]},"26":{"line":289,"type":"if","locations":[{"start":{"line":289,"column":4},"end":{"line":289,"column":4}},{"start":{"line":289,"column":4},"end":{"line":289,"column":4}}]},"27":{"line":289,"type":"binary-expr","locations":[{"start":{"line":289,"column":8},"end":{"line":289,"column":12}},{"start":{"line":289,"column":16},"end":{"line":289,"column":27}}]},"28":{"line":294,"type":"if","locations":[{"start":{"line":294,"column":9},"end":{"line":294,"column":9}},{"start":{"line":294,"column":9},"end":{"line":294,"column":9}}]},"29":{"line":294,"type":"binary-expr","locations":[{"start":{"line":294,"column":13},"end":{"line":294,"column":17}},{"start":{"line":294,"column":21},"end":{"line":294,"column":30}},{"start":{"line":294,"column":34},"end":{"line":294,"column":47}}]},"30":{"line":302,"type":"if","locations":[{"start":{"line":302,"column":5},"end":{"line":302,"column":5}},{"start":{"line":302,"column":5},"end":{"line":302,"column":5}}]},"31":{"line":302,"type":"binary-expr","locations":[{"start":{"line":302,"column":9},"end":{"line":302,"column":13}},{"start":{"line":302,"column":17},"end":{"line":302,"column":33}}]},"32":{"line":318,"type":"if","locations":[{"start":{"line":318,"column":2},"end":{"line":318,"column":2}},{"start":{"line":318,"column":2},"end":{"line":318,"column":2}}]},"33":{"line":321,"type":"if","locations":[{"start":{"line":321,"column":3},"end":{"line":321,"column":3}},{"start":{"line":321,"column":3},"end":{"line":321,"column":3}}]},"34":{"line":321,"type":"binary-expr","locations":[{"start":{"line":321,"column":7},"end":{"line":321,"column":26}},{"start":{"line":321,"column":30},"end":{"line":321,"column":66}}]},"35":{"line":329,"type":"if","locations":[{"start":{"line":329,"column":3},"end":{"line":329,"column":3}},{"start":{"line":329,"column":3},"end":{"line":329,"column":3}}]},"36":{"line":329,"type":"binary-expr","locations":[{"start":{"line":329,"column":7},"end":{"line":329,"column":18}},{"start":{"line":329,"column":22},"end":{"line":329,"column":76}}]},"37":{"line":342,"type":"if","locations":[{"start":{"line":342,"column":3},"end":{"line":342,"column":3}},{"start":{"line":342,"column":3},"end":{"line":342,"column":3}}]},"38":{"line":374,"type":"if","locations":[{"start":{"line":374,"column":1},"end":{"line":374,"column":1}},{"start":{"line":374,"column":1},"end":{"line":374,"column":1}}]},"39":{"line":374,"type":"binary-expr","locations":[{"start":{"line":374,"column":48},"end":{"line":374,"column":66}},{"start":{"line":374,"column":70},"end":{"line":374,"column":89}}]},"40":{"line":380,"type":"if","locations":[{"start":{"line":380,"column":3},"end":{"line":380,"column":3}},{"start":{"line":380,"column":3},"end":{"line":380,"column":3}}]},"41":{"line":388,"type":"binary-expr","locations":[{"start":{"line":388,"column":57},"end":{"line":388,"column":76}},{"start":{"line":388,"column":80},"end":{"line":388,"column":98}}]},"42":{"line":396,"type":"if","locations":[{"start":{"line":396,"column":0},"end":{"line":396,"column":0}},{"start":{"line":396,"column":0},"end":{"line":396,"column":0}}]},"43":{"line":400,"type":"cond-expr","locations":[{"start":{"line":401,"column":10},"end":{"line":401,"column":22}},{"start":{"line":402,"column":10},"end":{"line":402,"column":15}}]}}},"G:\\CSC 519 - DevOps\\DevOps-Project\\checkbox_test_generation\\mock_routes\\create.js":{"path":"G:\\CSC 519 - DevOps\\DevOps-Project\\checkbox_test_generation\\mock_routes\\create.js","s":{"1":1,"2":1,"3":1,"4":1,"5":1,"6":1,"7":4,"8":4,"9":4,"10":2,"11":2,"12":2,"13":2,"14":2,"15":0,"16":2,"17":2,"18":2,"19":0,"20":2,"21":2,"22":2,"23":2,"24":1,"25":2,"26":2,"27":2,"28":2,"29":2,"30":2,"31":2,"32":1,"33":2,"34":1,"35":2,"36":2,"37":2,"38":1,"39":2,"40":2},"b":{"1":[2,2],"2":[0,2],"3":[2,2],"4":[0,2],"5":[1,1],"6":[1,1],"7":[2,0]},"f":{"1":4,"2":2,"3":2,"4":2,"5":2,"6":2,"7":2,"8":2,"9":2,"10":2},"fnMap":{"1":{"name":"(anonymous_1)","line":30,"loc":{"start":{"line":30,"column":22},"end":{"line":30,"column":41}}},"2":{"name":"(anonymous_2)","line":41,"loc":{"start":{"line":41,"column":49},"end":{"line":42,"column":4}}},"3":{"name":"(anonymous_3)","line":43,"loc":{"start":{"line":43,"column":33},"end":{"line":44,"column":8}}},"4":{"name":"(anonymous_4)","line":48,"loc":{"start":{"line":48,"column":50},"end":{"line":49,"column":12}}},"5":{"name":"(anonymous_5)","line":62,"loc":{"start":{"line":62,"column":24},"end":{"line":63,"column":20}}},"6":{"name":"basicCreate","line":76,"loc":{"start":{"line":76,"column":0},"end":{"line":77,"column":0}}},"7":{"name":"(anonymous_7)","line":79,"loc":{"start":{"line":79,"column":20},"end":{"line":80,"column":4}}},"8":{"name":"(anonymous_8)","line":81,"loc":{"start":{"line":81,"column":31},"end":{"line":82,"column":8}}},"9":{"name":"sendStudyEmail","line":107,"loc":{"start":{"line":107,"column":0},"end":{"line":107,"column":32}}},"10":{"name":"(anonymous_10)","line":109,"loc":{"start":{"line":109,"column":8},"end":{"line":110,"column":8}}}},"statementMap":{"1":{"start":{"line":2,"column":0},"end":{"line":2,"column":31}},"2":{"start":{"line":3,"column":0},"end":{"line":3,"column":39}},"3":{"start":{"line":4,"column":0},"end":{"line":4,"column":40}},"4":{"start":{"line":7,"column":0},"end":{"line":7,"column":37}},"5":{"start":{"line":22,"column":0},"end":{"line":28,"column":3}},"6":{"start":{"line":30,"column":0},"end":{"line":72,"column":2}},"7":{"start":{"line":32,"column":4},"end":{"line":32,"column":41}},"8":{"start":{"line":33,"column":4},"end":{"line":33,"column":39}},"9":{"start":{"line":35,"column":4},"end":{"line":39,"column":5}},"10":{"start":{"line":37,"column":8},"end":{"line":37,"column":49}},"11":{"start":{"line":38,"column":8},"end":{"line":38,"column":15}},"12":{"start":{"line":41,"column":4},"end":{"line":71,"column":7}},"13":{"start":{"line":43,"column":8},"end":{"line":70,"column":11}},"14":{"start":{"line":45,"column":12},"end":{"line":46,"column":35}},"15":{"start":{"line":46,"column":16},"end":{"line":46,"column":35}},"16":{"start":{"line":48,"column":12},"end":{"line":68,"column":15}},"17":{"start":{"line":50,"column":16},"end":{"line":50,"column":68}},"18":{"start":{"line":52,"column":16},"end":{"line":67,"column":17}},"19":{"start":{"line":54,"column":20},"end":{"line":54,"column":44}},"20":{"start":{"line":58,"column":20},"end":{"line":58,"column":53}},"21":{"start":{"line":61,"column":20},"end":{"line":66,"column":23}},"22":{"start":{"line":64,"column":24},"end":{"line":64,"column":48}},"23":{"start":{"line":65,"column":24},"end":{"line":65,"column":63}},"24":{"start":{"line":76,"column":0},"end":{"line":105,"column":1}},"25":{"start":{"line":78,"column":4},"end":{"line":78,"column":24}},"26":{"start":{"line":79,"column":4},"end":{"line":102,"column":6}},"27":{"start":{"line":81,"column":8},"end":{"line":101,"column":11}},"28":{"start":{"line":84,"column":12},"end":{"line":84,"column":44}},"29":{"start":{"line":86,"column":12},"end":{"line":86,"column":33}},"30":{"start":{"line":88,"column":12},"end":{"line":88,"column":29}},"31":{"start":{"line":89,"column":12},"end":{"line":92,"column":13}},"32":{"start":{"line":91,"column":16},"end":{"line":91,"column":66}},"33":{"start":{"line":93,"column":12},"end":{"line":96,"column":13}},"34":{"start":{"line":95,"column":16},"end":{"line":95,"column":69}},"35":{"start":{"line":98,"column":12},"end":{"line":98,"column":33}},"36":{"start":{"line":100,"column":12},"end":{"line":100,"column":27}},"37":{"start":{"line":104,"column":4},"end":{"line":104,"column":16}},"38":{"start":{"line":107,"column":0},"end":{"line":114,"column":1}},"39":{"start":{"line":108,"column":4},"end":{"line":113,"column":6}},"40":{"start":{"line":111,"column":12},"end":{"line":111,"column":40}}},"branchMap":{"1":{"line":35,"type":"if","locations":[{"start":{"line":35,"column":4},"end":{"line":35,"column":4}},{"start":{"line":35,"column":4},"end":{"line":35,"column":4}}]},"2":{"line":45,"type":"if","locations":[{"start":{"line":45,"column":12},"end":{"line":45,"column":12}},{"start":{"line":45,"column":12},"end":{"line":45,"column":12}}]},"3":{"line":50,"type":"binary-expr","locations":[{"start":{"line":50,"column":29},"end":{"line":50,"column":32}},{"start":{"line":50,"column":36},"end":{"line":50,"column":65}}]},"4":{"line":52,"type":"if","locations":[{"start":{"line":52,"column":16},"end":{"line":52,"column":16}},{"start":{"line":52,"column":16},"end":{"line":52,"column":16}}]},"5":{"line":89,"type":"if","locations":[{"start":{"line":89,"column":12},"end":{"line":89,"column":12}},{"start":{"line":89,"column":12},"end":{"line":89,"column":12}}]},"6":{"line":93,"type":"if","locations":[{"start":{"line":93,"column":12},"end":{"line":93,"column":12}},{"start":{"line":93,"column":12},"end":{"line":93,"column":12}}]},"7":{"line":111,"type":"binary-expr","locations":[{"start":{"line":111,"column":24},"end":{"line":111,"column":27}},{"start":{"line":111,"column":31},"end":{"line":111,"column":38}}]}}},"G:\\CSC 519 - DevOps\\DevOps-Project\\checkbox_test_generation\\mock_routes\\studyModel.js":{"path":"G:\\CSC 519 - DevOps\\DevOps-Project\\checkbox_test_generation\\mock_routes\\studyModel.js","s":{"1":1,"2":1,"3":2,"4":2,"5":2,"6":1,"7":2,"8":2,"9":2,"10":2,"11":2,"12":2,"13":2,"14":2,"15":2,"16":2,"17":2,"18":1,"19":1,"20":1,"21":1,"22":1,"23":1,"24":1,"25":1,"26":1,"27":1,"28":1,"29":1,"30":1,"31":1,"32":1,"33":1,"34":1,"35":1,"36":1,"37":1,"38":1,"39":1,"40":1,"41":1},"b":{"1":[2,2]},"f":{"1":2,"2":2,"3":2,"4":1,"5":1,"6":1,"7":1,"8":1,"9":1},"fnMap":{"1":{"name":"surrogateCtor","line":4,"loc":{"start":{"line":4,"column":0},"end":{"line":4,"column":25}}},"2":{"name":"extend","line":6,"loc":{"start":{"line":6,"column":0},"end":{"line":6,"column":27}}},"3":{"name":"(anonymous_3)","line":15,"loc":{"start":{"line":15,"column":12},"end":{"line":16,"column":0}}},"4":{"name":"(anonymous_4)","line":36,"loc":{"start":{"line":36,"column":14},"end":{"line":37,"column":0}}},"5":{"name":"(anonymous_5)","line":46,"loc":{"start":{"line":46,"column":22},"end":{"line":47,"column":1}}},"6":{"name":"(anonymous_6)","line":52,"loc":{"start":{"line":52,"column":19},"end":{"line":53,"column":1}}},"7":{"name":"(anonymous_7)","line":73,"loc":{"start":{"line":73,"column":17},"end":{"line":74,"column":0}}},"8":{"name":"(anonymous_8)","line":83,"loc":{"start":{"line":83,"column":22},"end":{"line":84,"column":1}}},"9":{"name":"(anonymous_9)","line":89,"loc":{"start":{"line":89,"column":19},"end":{"line":90,"column":1}}}},"statementMap":{"1":{"start":{"line":4,"column":0},"end":{"line":4,"column":27}},"2":{"start":{"line":6,"column":0},"end":{"line":13,"column":1}},"3":{"start":{"line":8,"column":2},"end":{"line":8,"column":43}},"4":{"start":{"line":10,"column":2},"end":{"line":10,"column":38}},"5":{"start":{"line":12,"column":2},"end":{"line":12,"column":34}},"6":{"start":{"line":15,"column":0},"end":{"line":34,"column":2}},"7":{"start":{"line":17,"column":1},"end":{"line":17,"column":17}},"8":{"start":{"line":19,"column":1},"end":{"line":19,"column":27}},"9":{"start":{"line":20,"column":4},"end":{"line":20,"column":44}},"10":{"start":{"line":21,"column":4},"end":{"line":21,"column":40}},"11":{"start":{"line":23,"column":4},"end":{"line":23,"column":50}},"12":{"start":{"line":24,"column":4},"end":{"line":24,"column":36}},"13":{"start":{"line":26,"column":4},"end":{"line":26,"column":34}},"14":{"start":{"line":28,"column":4},"end":{"line":28,"column":128}},"15":{"start":{"line":30,"column":1},"end":{"line":30,"column":22}},"16":{"start":{"line":31,"column":1},"end":{"line":31,"column":34}},"17":{"start":{"line":33,"column":1},"end":{"line":33,"column":39}},"18":{"start":{"line":36,"column":0},"end":{"line":66,"column":1}},"19":{"start":{"line":38,"column":1},"end":{"line":38,"column":17}},"20":{"start":{"line":39,"column":1},"end":{"line":39,"column":32}},"21":{"start":{"line":41,"column":1},"end":{"line":41,"column":35}},"22":{"start":{"line":42,"column":1},"end":{"line":42,"column":20}},"23":{"start":{"line":44,"column":1},"end":{"line":44,"column":51}},"24":{"start":{"line":46,"column":1},"end":{"line":49,"column":3}},"25":{"start":{"line":48,"column":2},"end":{"line":48,"column":41}},"26":{"start":{"line":52,"column":1},"end":{"line":65,"column":3}},"27":{"start":{"line":54,"column":2},"end":{"line":64,"column":10}},"28":{"start":{"line":68,"column":0},"end":{"line":68,"column":31}},"29":{"start":{"line":71,"column":0},"end":{"line":71,"column":34}},"30":{"start":{"line":73,"column":0},"end":{"line":103,"column":1}},"31":{"start":{"line":75,"column":1},"end":{"line":75,"column":17}},"32":{"start":{"line":76,"column":1},"end":{"line":76,"column":32}},"33":{"start":{"line":78,"column":1},"end":{"line":78,"column":35}},"34":{"start":{"line":79,"column":1},"end":{"line":79,"column":20}},"35":{"start":{"line":81,"column":1},"end":{"line":81,"column":51}},"36":{"start":{"line":83,"column":1},"end":{"line":86,"column":3}},"37":{"start":{"line":85,"column":2},"end":{"line":85,"column":41}},"38":{"start":{"line":89,"column":1},"end":{"line":102,"column":3}},"39":{"start":{"line":91,"column":2},"end":{"line":101,"column":10}},"40":{"start":{"line":105,"column":0},"end":{"line":105,"column":34}},"41":{"start":{"line":108,"column":0},"end":{"line":108,"column":40}}},"branchMap":{"1":{"line":31,"type":"binary-expr","locations":[{"start":{"line":31,"column":13},"end":{"line":31,"column":26}},{"start":{"line":31,"column":30},"end":{"line":31,"column":33}}]}}},"G:\\CSC 519 - DevOps\\DevOps-Project\\checkbox_test_generation\\mock_db\\db.js":{"path":"G:\\CSC 519 - DevOps\\DevOps-Project\\checkbox_test_generation\\mock_db\\db.js","s":{"1":1,"2":1,"3":1,"4":1,"5":1,"6":39,"7":39,"8":39,"9":19,"10":19,"11":20,"12":20,"13":20,"14":0,"15":0,"16":0,"17":0,"18":1},"b":{"1":[19,20],"2":[20,0],"3":[0,0]},"f":{"1":39},"fnMap":{"1":{"name":"(anonymous_1)","line":7,"loc":{"start":{"line":7,"column":16},"end":{"line":7,"column":37}}}},"statementMap":{"1":{"start":{"line":1,"column":0},"end":{"line":1,"column":38}},"2":{"start":{"line":2,"column":0},"end":{"line":2,"column":34}},"3":{"start":{"line":3,"column":0},"end":{"line":3,"column":38}},"4":{"start":{"line":4,"column":0},"end":{"line":4,"column":28}},"5":{"start":{"line":7,"column":0},"end":{"line":27,"column":2}},"6":{"start":{"line":8,"column":1},"end":{"line":26,"column":2}},"7":{"start":{"line":9,"column":2},"end":{"line":9,"column":61}},"8":{"start":{"line":10,"column":2},"end":{"line":22,"column":3}},"9":{"start":{"line":11,"column":3},"end":{"line":11,"column":33}},"10":{"start":{"line":12,"column":3},"end":{"line":12,"column":21}},"11":{"start":{"line":15,"column":7},"end":{"line":22,"column":3}},"12":{"start":{"line":16,"column":3},"end":{"line":16,"column":31}},"13":{"start":{"line":17,"column":3},"end":{"line":17,"column":19}},"14":{"start":{"line":19,"column":7},"end":{"line":22,"column":3}},"15":{"start":{"line":20,"column":3},"end":{"line":20,"column":33}},"16":{"start":{"line":21,"column":3},"end":{"line":21,"column":21}},"17":{"start":{"line":25,"column":3},"end":{"line":25,"column":13}},"18":{"start":{"line":47,"column":0},"end":{"line":47,"column":20}}},"branchMap":{"1":{"line":10,"type":"if","locations":[{"start":{"line":10,"column":2},"end":{"line":10,"column":2}},{"start":{"line":10,"column":2},"end":{"line":10,"column":2}}]},"2":{"line":15,"type":"if","locations":[{"start":{"line":15,"column":7},"end":{"line":15,"column":7}},{"start":{"line":15,"column":7},"end":{"line":15,"column":7}}]},"3":{"line":19,"type":"if","locations":[{"start":{"line":19,"column":7},"end":{"line":19,"column":7}},{"start":{"line":19,"column":7},"end":{"line":19,"column":7}}]}}},"G:\\CSC 519 - DevOps\\DevOps-Project\\checkbox_test_generation\\mock_db\\studies.js":{"path":"G:\\CSC 519 - DevOps\\DevOps-Project\\checkbox_test_generation\\mock_db\\studies.js","s":{"1":1,"2":1,"3":1,"4":1,"5":1,"6":1,"7":1,"8":1,"9":1,"10":16,"11":16,"12":15,"13":15,"14":16,"15":16,"16":16,"17":16,"18":16,"19":2,"20":14,"21":16,"22":64,"23":64,"24":64,"25":64,"26":64,"27":64,"28":16,"29":16,"30":16,"31":16,"32":0,"33":1,"34":1,"35":1,"36":1,"37":1,"38":1,"39":1,"40":4,"41":4,"42":1,"43":1,"44":1,"45":1,"46":1,"47":0,"48":0,"49":0,"50":0,"51":0,"52":0,"53":0,"54":0,"55":0,"56":0,"57":0,"58":0,"59":0,"60":0,"61":0,"62":0,"63":0,"64":0,"65":1,"66":0,"67":0,"68":0,"69":0,"70":0,"71":0,"72":1,"73":10,"74":10,"75":10,"76":0,"77":10,"78":10,"79":10,"80":10,"81":10,"82":10,"83":44,"84":10,"85":44,"86":10,"87":10,"88":0,"89":10,"90":10,"91":2,"92":1,"93":2,"94":2,"95":2,"96":2,"97":2,"98":2,"99":2,"100":30,"101":30,"102":14,"103":16,"104":30,"105":30,"106":2,"107":2,"108":2,"109":2,"110":2,"111":2,"112":2,"113":2,"114":0,"115":2,"116":2,"117":1},"b":{"1":[15,1],"2":[2,14],"3":[16,2],"4":[16,48],"5":[1,0],"6":[1,3],"7":[0,0],"8":[0,0],"9":[0,0],"10":[0,0],"11":[0,0],"12":[0,10],"13":[10,0],"14":[10,0],"15":[10,34],"16":[10,34],"17":[0,10],"18":[2,8],"19":[14,16],"20":[0,2]},"f":{"1":16,"2":1,"3":1,"4":0,"5":0,"6":10,"7":10,"8":2,"9":2},"fnMap":{"1":{"name":"(anonymous_1)","line":14,"loc":{"start":{"line":14,"column":18},"end":{"line":14,"column":36}}},"2":{"name":"(anonymous_2)","line":52,"loc":{"start":{"line":52,"column":15},"end":{"line":52,"column":29}}},"3":{"name":"(anonymous_3)","line":64,"loc":{"start":{"line":64,"column":15},"end":{"line":64,"column":27}}},"4":{"name":"(anonymous_4)","line":94,"loc":{"start":{"line":94,"column":16},"end":{"line":94,"column":28}}},"5":{"name":"(anonymous_5)","line":109,"loc":{"start":{"line":109,"column":20},"end":{"line":109,"column":38}}},"6":{"name":"(anonymous_6)","line":120,"loc":{"start":{"line":120,"column":17},"end":{"line":120,"column":48}}},"7":{"name":"(anonymous_7)","line":142,"loc":{"start":{"line":142,"column":100},"end":{"line":142,"column":113}}},"8":{"name":"(anonymous_8)","line":154,"loc":{"start":{"line":154,"column":17},"end":{"line":154,"column":47}}},"9":{"name":"(anonymous_9)","line":178,"loc":{"start":{"line":178,"column":98},"end":{"line":178,"column":111}}}},"statementMap":{"1":{"start":{"line":1,"column":0},"end":{"line":1,"column":34}},"2":{"start":{"line":2,"column":0},"end":{"line":2,"column":28}},"3":{"start":{"line":3,"column":0},"end":{"line":3,"column":23}},"4":{"start":{"line":6,"column":0},"end":{"line":6,"column":38}},"5":{"start":{"line":7,"column":0},"end":{"line":7,"column":94}},"6":{"start":{"line":9,"column":0},"end":{"line":9,"column":22}},"7":{"start":{"line":10,"column":0},"end":{"line":10,"column":23}},"8":{"start":{"line":11,"column":0},"end":{"line":11,"column":24}},"9":{"start":{"line":14,"column":0},"end":{"line":50,"column":2}},"10":{"start":{"line":15,"column":1},"end":{"line":49,"column":4}},"11":{"start":{"line":16,"column":2},"end":{"line":19,"column":3}},"12":{"start":{"line":17,"column":3},"end":{"line":17,"column":53}},"13":{"start":{"line":18,"column":3},"end":{"line":18,"column":58}},"14":{"start":{"line":21,"column":2},"end":{"line":21,"column":22}},"15":{"start":{"line":22,"column":2},"end":{"line":22,"column":20}},"16":{"start":{"line":23,"column":2},"end":{"line":23,"column":33}},"17":{"start":{"line":24,"column":2},"end":{"line":24,"column":19}},"18":{"start":{"line":25,"column":2},"end":{"line":30,"column":3}},"19":{"start":{"line":26,"column":3},"end":{"line":26,"column":29}},"20":{"start":{"line":29,"column":3},"end":{"line":29,"column":25}},"21":{"start":{"line":33,"column":2},"end":{"line":45,"column":3}},"22":{"start":{"line":34,"column":3},"end":{"line":34,"column":31}},"23":{"start":{"line":35,"column":3},"end":{"line":35,"column":36}},"24":{"start":{"line":36,"column":3},"end":{"line":36,"column":34}},"25":{"start":{"line":37,"column":3},"end":{"line":37,"column":53}},"26":{"start":{"line":38,"column":3},"end":{"line":38,"column":36}},"27":{"start":{"line":39,"column":3},"end":{"line":44,"column":4}},"28":{"start":{"line":40,"column":4},"end":{"line":40,"column":44}},"29":{"start":{"line":41,"column":4},"end":{"line":41,"column":50}},"30":{"start":{"line":42,"column":4},"end":{"line":42,"column":23}},"31":{"start":{"line":43,"column":4},"end":{"line":43,"column":32}},"32":{"start":{"line":48,"column":4},"end":{"line":48,"column":19}},"33":{"start":{"line":52,"column":0},"end":{"line":106,"column":1}},"34":{"start":{"line":53,"column":1},"end":{"line":53,"column":57}},"35":{"start":{"line":54,"column":1},"end":{"line":54,"column":30}},"36":{"start":{"line":55,"column":1},"end":{"line":55,"column":17}},"37":{"start":{"line":56,"column":1},"end":{"line":104,"column":2}},"38":{"start":{"line":57,"column":2},"end":{"line":57,"column":30}},"39":{"start":{"line":58,"column":2},"end":{"line":70,"column":3}},"40":{"start":{"line":59,"column":3},"end":{"line":59,"column":34}},"41":{"start":{"line":60,"column":3},"end":{"line":69,"column":4}},"42":{"start":{"line":61,"column":4},"end":{"line":61,"column":35}},"43":{"start":{"line":62,"column":4},"end":{"line":62,"column":24}},"44":{"start":{"line":63,"column":4},"end":{"line":68,"column":5}},"45":{"start":{"line":65,"column":6},"end":{"line":65,"column":40}},"46":{"start":{"line":66,"column":6},"end":{"line":66,"column":23}},"47":{"start":{"line":73,"column":2},"end":{"line":73,"column":37}},"48":{"start":{"line":74,"column":2},"end":{"line":74,"column":18}},"49":{"start":{"line":75,"column":2},"end":{"line":82,"column":3}},"50":{"start":{"line":76,"column":3},"end":{"line":81,"column":4}},"51":{"start":{"line":77,"column":4},"end":{"line":77,"column":41}},"52":{"start":{"line":80,"column":4},"end":{"line":80,"column":37}},"53":{"start":{"line":84,"column":2},"end":{"line":102,"column":3}},"54":{"start":{"line":85,"column":3},"end":{"line":85,"column":33}},"55":{"start":{"line":86,"column":3},"end":{"line":101,"column":4}},"56":{"start":{"line":87,"column":4},"end":{"line":91,"column":5}},"57":{"start":{"line":88,"column":5},"end":{"line":90,"column":6}},"58":{"start":{"line":89,"column":6},"end":{"line":89,"column":37}},"59":{"start":{"line":92,"column":4},"end":{"line":100,"column":5}},"60":{"start":{"line":93,"column":5},"end":{"line":99,"column":6}},"61":{"start":{"line":95,"column":7},"end":{"line":95,"column":38}},"62":{"start":{"line":96,"column":7},"end":{"line":96,"column":27}},"63":{"start":{"line":97,"column":7},"end":{"line":97,"column":24}},"64":{"start":{"line":105,"column":1},"end":{"line":105,"column":27}},"65":{"start":{"line":109,"column":0},"end":{"line":117,"column":1}},"66":{"start":{"line":110,"column":1},"end":{"line":110,"column":57}},"67":{"start":{"line":111,"column":1},"end":{"line":111,"column":35}},"68":{"start":{"line":112,"column":1},"end":{"line":112,"column":17}},"69":{"start":{"line":113,"column":1},"end":{"line":115,"column":2}},"70":{"start":{"line":114,"column":2},"end":{"line":114,"column":33}},"71":{"start":{"line":116,"column":1},"end":{"line":116,"column":18}},"72":{"start":{"line":120,"column":0},"end":{"line":152,"column":2}},"73":{"start":{"line":121,"column":1},"end":{"line":121,"column":57}},"74":{"start":{"line":122,"column":1},"end":{"line":122,"column":49}},"75":{"start":{"line":124,"column":1},"end":{"line":129,"column":2}},"76":{"start":{"line":125,"column":2},"end":{"line":125,"column":56}},"77":{"start":{"line":128,"column":2},"end":{"line":128,"column":52}},"78":{"start":{"line":131,"column":1},"end":{"line":131,"column":42}},"79":{"start":{"line":132,"column":1},"end":{"line":135,"column":2}},"80":{"start":{"line":133,"column":2},"end":{"line":133,"column":58}},"81":{"start":{"line":134,"column":2},"end":{"line":134,"column":57}},"82":{"start":{"line":137,"column":1},"end":{"line":151,"column":2}},"83":{"start":{"line":138,"column":2},"end":{"line":140,"column":3}},"84":{"start":{"line":139,"column":3},"end":{"line":139,"column":52}},"85":{"start":{"line":141,"column":2},"end":{"line":150,"column":3}},"86":{"start":{"line":142,"column":3},"end":{"line":149,"column":6}},"87":{"start":{"line":143,"column":4},"end":{"line":145,"column":5}},"88":{"start":{"line":144,"column":5},"end":{"line":144,"column":29}},"89":{"start":{"line":146,"column":4},"end":{"line":146,"column":42}},"90":{"start":{"line":147,"column":4},"end":{"line":148,"column":25}},"91":{"start":{"line":148,"column":5},"end":{"line":148,"column":25}},"92":{"start":{"line":154,"column":0},"end":{"line":186,"column":2}},"93":{"start":{"line":155,"column":1},"end":{"line":155,"column":57}},"94":{"start":{"line":156,"column":1},"end":{"line":156,"column":35}},"95":{"start":{"line":157,"column":1},"end":{"line":157,"column":20}},"96":{"start":{"line":158,"column":1},"end":{"line":158,"column":41}},"97":{"start":{"line":159,"column":1},"end":{"line":159,"column":36}},"98":{"start":{"line":160,"column":1},"end":{"line":160,"column":43}},"99":{"start":{"line":162,"column":1},"end":{"line":171,"column":2}},"100":{"start":{"line":163,"column":2},"end":{"line":163,"column":20}},"101":{"start":{"line":164,"column":2},"end":{"line":167,"column":35}},"102":{"start":{"line":165,"column":3},"end":{"line":165,"column":59}},"103":{"start":{"line":167,"column":3},"end":{"line":167,"column":35}},"104":{"start":{"line":169,"column":2},"end":{"line":169,"column":25}},"105":{"start":{"line":170,"column":2},"end":{"line":170,"column":25}},"106":{"start":{"line":172,"column":1},"end":{"line":172,"column":30}},"107":{"start":{"line":173,"column":1},"end":{"line":173,"column":25}},"108":{"start":{"line":174,"column":1},"end":{"line":174,"column":32}},"109":{"start":{"line":175,"column":1},"end":{"line":175,"column":30}},"110":{"start":{"line":176,"column":1},"end":{"line":176,"column":27}},"111":{"start":{"line":177,"column":1},"end":{"line":177,"column":50}},"112":{"start":{"line":178,"column":1},"end":{"line":184,"column":3}},"113":{"start":{"line":179,"column":2},"end":{"line":181,"column":3}},"114":{"start":{"line":180,"column":3},"end":{"line":180,"column":27}},"115":{"start":{"line":182,"column":2},"end":{"line":182,"column":40}},"116":{"start":{"line":183,"column":2},"end":{"line":183,"column":22}},"117":{"start":{"line":189,"column":0},"end":{"line":189,"column":25}}},"branchMap":{"1":{"line":16,"type":"if","locations":[{"start":{"line":16,"column":2},"end":{"line":16,"column":2}},{"start":{"line":16,"column":2},"end":{"line":16,"column":2}}]},"2":{"line":25,"type":"if","locations":[{"start":{"line":25,"column":2},"end":{"line":25,"column":2}},{"start":{"line":25,"column":2},"end":{"line":25,"column":2}}]},"3":{"line":25,"type":"binary-expr","locations":[{"start":{"line":25,"column":5},"end":{"line":25,"column":34}},{"start":{"line":25,"column":38},"end":{"line":25,"column":56}}]},"4":{"line":39,"type":"if","locations":[{"start":{"line":39,"column":3},"end":{"line":39,"column":3}},{"start":{"line":39,"column":3},"end":{"line":39,"column":3}}]},"5":{"line":56,"type":"if","locations":[{"start":{"line":56,"column":1},"end":{"line":56,"column":1}},{"start":{"line":56,"column":1},"end":{"line":56,"column":1}}]},"6":{"line":60,"type":"if","locations":[{"start":{"line":60,"column":3},"end":{"line":60,"column":3}},{"start":{"line":60,"column":3},"end":{"line":60,"column":3}}]},"7":{"line":76,"type":"if","locations":[{"start":{"line":76,"column":3},"end":{"line":76,"column":3}},{"start":{"line":76,"column":3},"end":{"line":76,"column":3}}]},"8":{"line":76,"type":"binary-expr","locations":[{"start":{"line":76,"column":6},"end":{"line":76,"column":45}},{"start":{"line":76,"column":49},"end":{"line":76,"column":77}}]},"9":{"line":87,"type":"if","locations":[{"start":{"line":87,"column":4},"end":{"line":87,"column":4}},{"start":{"line":87,"column":4},"end":{"line":87,"column":4}}]},"10":{"line":88,"type":"if","locations":[{"start":{"line":88,"column":5},"end":{"line":88,"column":5}},{"start":{"line":88,"column":5},"end":{"line":88,"column":5}}]},"11":{"line":92,"type":"if","locations":[{"start":{"line":92,"column":4},"end":{"line":92,"column":4}},{"start":{"line":92,"column":4},"end":{"line":92,"column":4}}]},"12":{"line":124,"type":"if","locations":[{"start":{"line":124,"column":1},"end":{"line":124,"column":1}},{"start":{"line":124,"column":1},"end":{"line":124,"column":1}}]},"13":{"line":124,"type":"binary-expr","locations":[{"start":{"line":124,"column":4},"end":{"line":124,"column":50}},{"start":{"line":124,"column":54},"end":{"line":124,"column":89}}]},"14":{"line":132,"type":"if","locations":[{"start":{"line":132,"column":1},"end":{"line":132,"column":1}},{"start":{"line":132,"column":1},"end":{"line":132,"column":1}}]},"15":{"line":138,"type":"if","locations":[{"start":{"line":138,"column":2},"end":{"line":138,"column":2}},{"start":{"line":138,"column":2},"end":{"line":138,"column":2}}]},"16":{"line":141,"type":"if","locations":[{"start":{"line":141,"column":2},"end":{"line":141,"column":2}},{"start":{"line":141,"column":2},"end":{"line":141,"column":2}}]},"17":{"line":143,"type":"if","locations":[{"start":{"line":143,"column":4},"end":{"line":143,"column":4}},{"start":{"line":143,"column":4},"end":{"line":143,"column":4}}]},"18":{"line":147,"type":"if","locations":[{"start":{"line":147,"column":4},"end":{"line":147,"column":4}},{"start":{"line":147,"column":4},"end":{"line":147,"column":4}}]},"19":{"line":164,"type":"if","locations":[{"start":{"line":164,"column":2},"end":{"line":164,"column":2}},{"start":{"line":164,"column":2},"end":{"line":164,"column":2}}]},"20":{"line":179,"type":"if","locations":[{"start":{"line":179,"column":2},"end":{"line":179,"column":2}},{"start":{"line":179,"column":2},"end":{"line":179,"column":2}}]}}},"G:\\CSC 519 - DevOps\\DevOps-Project\\checkbox_test_generation\\mock_db\\votes.js":{"path":"G:\\CSC 519 - DevOps\\DevOps-Project\\checkbox_test_generation\\mock_db\\votes.js","s":{"1":1,"2":1,"3":1,"4":1,"5":1,"6":1,"7":0,"8":0,"9":0,"10":0,"11":0,"12":0,"13":0,"14":0,"15":0,"16":1,"17":7,"18":7,"19":7,"20":7,"21":7,"22":7,"23":7,"24":9,"25":3,"26":6,"27":7,"28":7,"29":7,"30":7,"31":62,"32":62,"33":66,"34":3,"35":3,"36":3,"37":3,"38":3,"39":3,"40":62,"41":7,"42":7,"43":7,"44":7,"45":0,"46":1,"47":1,"48":1,"49":1,"50":1,"51":2,"52":1,"53":1,"54":0,"55":0,"56":0,"57":1,"58":0,"59":0,"60":0,"61":0,"62":0,"63":0,"64":0,"65":0,"66":0,"67":0,"68":0,"69":0,"70":0,"71":0,"72":0,"73":0,"74":0,"75":1,"76":12,"77":12,"78":12,"79":12,"80":12,"81":12,"82":12,"83":84,"84":84,"85":0,"86":84,"87":84,"88":84,"89":12,"90":12,"91":12,"92":12,"93":12,"94":12,"95":12,"96":0,"97":12,"98":12,"99":0,"100":1},"b":{"1":[0,0],"2":[3,6],"3":[9,3],"4":[3,63],"5":[3,0],"6":[7,55],"7":[0,0],"8":[0,0],"9":[0,0],"10":[0,0],"11":[0,0],"12":[0,0],"13":[0,84],"14":[0,12]},"f":{"1":0,"2":7,"3":7,"4":1,"5":0,"6":0,"7":0,"8":12,"9":12},"fnMap":{"1":{"name":"(anonymous_1)","line":9,"loc":{"start":{"line":9,"column":16},"end":{"line":9,"column":34}}},"2":{"name":"(anonymous_2)","line":30,"loc":{"start":{"line":30,"column":13},"end":{"line":30,"column":27}}},"3":{"name":"(anonymous_3)","line":70,"loc":{"start":{"line":70,"column":15},"end":{"line":70,"column":27}}},"4":{"name":"(anonymous_4)","line":85,"loc":{"start":{"line":85,"column":18},"end":{"line":85,"column":36}}},"5":{"name":"(anonymous_5)","line":97,"loc":{"start":{"line":97,"column":31},"end":{"line":97,"column":46}}},"6":{"name":"(anonymous_6)","line":104,"loc":{"start":{"line":104,"column":15},"end":{"line":104,"column":42}}},"7":{"name":"(anonymous_7)","line":126,"loc":{"start":{"line":126,"column":55},"end":{"line":126,"column":68}}},"8":{"name":"(anonymous_8)","line":137,"loc":{"start":{"line":137,"column":15},"end":{"line":137,"column":45}}},"9":{"name":"(anonymous_9)","line":160,"loc":{"start":{"line":160,"column":94},"end":{"line":160,"column":107}}}},"statementMap":{"1":{"start":{"line":1,"column":0},"end":{"line":1,"column":38}},"2":{"start":{"line":2,"column":0},"end":{"line":2,"column":28}},"3":{"start":{"line":3,"column":0},"end":{"line":3,"column":23}},"4":{"start":{"line":5,"column":0},"end":{"line":5,"column":34}},"5":{"start":{"line":6,"column":0},"end":{"line":6,"column":90}},"6":{"start":{"line":9,"column":0},"end":{"line":27,"column":2}},"7":{"start":{"line":10,"column":1},"end":{"line":26,"column":2}},"8":{"start":{"line":11,"column":2},"end":{"line":11,"column":33}},"9":{"start":{"line":13,"column":2},"end":{"line":13,"column":28}},"10":{"start":{"line":16,"column":2},"end":{"line":22,"column":3}},"11":{"start":{"line":17,"column":3},"end":{"line":17,"column":51}},"12":{"start":{"line":18,"column":3},"end":{"line":18,"column":36}},"13":{"start":{"line":19,"column":3},"end":{"line":21,"column":4}},"14":{"start":{"line":20,"column":4},"end":{"line":20,"column":30}},"15":{"start":{"line":25,"column":2},"end":{"line":25,"column":17}},"16":{"start":{"line":30,"column":0},"end":{"line":81,"column":2}},"17":{"start":{"line":31,"column":1},"end":{"line":79,"column":2}},"18":{"start":{"line":32,"column":2},"end":{"line":32,"column":54}},"19":{"start":{"line":33,"column":2},"end":{"line":33,"column":18}},"20":{"start":{"line":34,"column":2},"end":{"line":34,"column":37}},"21":{"start":{"line":35,"column":2},"end":{"line":35,"column":18}},"22":{"start":{"line":36,"column":2},"end":{"line":36,"column":18}},"23":{"start":{"line":38,"column":2},"end":{"line":45,"column":3}},"24":{"start":{"line":39,"column":3},"end":{"line":44,"column":4}},"25":{"start":{"line":40,"column":4},"end":{"line":40,"column":41}},"26":{"start":{"line":43,"column":4},"end":{"line":43,"column":37}},"27":{"start":{"line":47,"column":2},"end":{"line":47,"column":31}},"28":{"start":{"line":48,"column":2},"end":{"line":48,"column":22}},"29":{"start":{"line":49,"column":2},"end":{"line":49,"column":26}},"30":{"start":{"line":53,"column":2},"end":{"line":75,"column":3}},"31":{"start":{"line":54,"column":3},"end":{"line":54,"column":31}},"32":{"start":{"line":55,"column":3},"end":{"line":65,"column":4}},"33":{"start":{"line":56,"column":4},"end":{"line":64,"column":5}},"34":{"start":{"line":57,"column":5},"end":{"line":57,"column":46}},"35":{"start":{"line":58,"column":5},"end":{"line":58,"column":24}},"36":{"start":{"line":59,"column":5},"end":{"line":59,"column":34}},"37":{"start":{"line":60,"column":5},"end":{"line":63,"column":6}},"38":{"start":{"line":61,"column":6},"end":{"line":61,"column":35}},"39":{"start":{"line":62,"column":6},"end":{"line":62,"column":26}},"40":{"start":{"line":66,"column":3},"end":{"line":74,"column":4}},"41":{"start":{"line":67,"column":4},"end":{"line":67,"column":37}},"42":{"start":{"line":68,"column":4},"end":{"line":68,"column":24}},"43":{"start":{"line":69,"column":4},"end":{"line":73,"column":6}},"44":{"start":{"line":71,"column":6},"end":{"line":71,"column":23}},"45":{"start":{"line":78,"column":2},"end":{"line":78,"column":17}},"46":{"start":{"line":85,"column":0},"end":{"line":93,"column":1}},"47":{"start":{"line":86,"column":1},"end":{"line":86,"column":53}},"48":{"start":{"line":87,"column":1},"end":{"line":87,"column":35}},"49":{"start":{"line":88,"column":1},"end":{"line":88,"column":17}},"50":{"start":{"line":89,"column":1},"end":{"line":91,"column":2}},"51":{"start":{"line":90,"column":2},"end":{"line":90,"column":31}},"52":{"start":{"line":92,"column":1},"end":{"line":92,"column":18}},"53":{"start":{"line":97,"column":0},"end":{"line":101,"column":2}},"54":{"start":{"line":98,"column":1},"end":{"line":98,"column":35}},"55":{"start":{"line":99,"column":1},"end":{"line":99,"column":20}},"56":{"start":{"line":100,"column":1},"end":{"line":100,"column":14}},"57":{"start":{"line":104,"column":0},"end":{"line":135,"column":2}},"58":{"start":{"line":105,"column":1},"end":{"line":105,"column":53}},"59":{"start":{"line":106,"column":1},"end":{"line":106,"column":49}},"60":{"start":{"line":108,"column":1},"end":{"line":113,"column":2}},"61":{"start":{"line":109,"column":2},"end":{"line":109,"column":56}},"62":{"start":{"line":112,"column":2},"end":{"line":112,"column":52}},"63":{"start":{"line":115,"column":1},"end":{"line":115,"column":42}},"64":{"start":{"line":116,"column":1},"end":{"line":119,"column":2}},"65":{"start":{"line":117,"column":2},"end":{"line":117,"column":58}},"66":{"start":{"line":118,"column":2},"end":{"line":118,"column":57}},"67":{"start":{"line":121,"column":1},"end":{"line":134,"column":2}},"68":{"start":{"line":122,"column":2},"end":{"line":124,"column":3}},"69":{"start":{"line":123,"column":3},"end":{"line":123,"column":50}},"70":{"start":{"line":125,"column":2},"end":{"line":133,"column":3}},"71":{"start":{"line":126,"column":3},"end":{"line":132,"column":6}},"72":{"start":{"line":127,"column":4},"end":{"line":129,"column":5}},"73":{"start":{"line":128,"column":5},"end":{"line":128,"column":29}},"74":{"start":{"line":131,"column":4},"end":{"line":131,"column":39}},"75":{"start":{"line":137,"column":0},"end":{"line":172,"column":2}},"76":{"start":{"line":138,"column":1},"end":{"line":138,"column":53}},"77":{"start":{"line":139,"column":1},"end":{"line":139,"column":33}},"78":{"start":{"line":140,"column":1},"end":{"line":140,"column":20}},"79":{"start":{"line":141,"column":1},"end":{"line":141,"column":39}},"80":{"start":{"line":142,"column":1},"end":{"line":142,"column":34}},"81":{"start":{"line":143,"column":1},"end":{"line":143,"column":43}},"82":{"start":{"line":145,"column":1},"end":{"line":154,"column":2}},"83":{"start":{"line":146,"column":2},"end":{"line":146,"column":20}},"84":{"start":{"line":147,"column":2},"end":{"line":150,"column":35}},"85":{"start":{"line":148,"column":3},"end":{"line":148,"column":57}},"86":{"start":{"line":150,"column":3},"end":{"line":150,"column":35}},"87":{"start":{"line":152,"column":2},"end":{"line":152,"column":25}},"88":{"start":{"line":153,"column":2},"end":{"line":153,"column":25}},"89":{"start":{"line":155,"column":1},"end":{"line":155,"column":30}},"90":{"start":{"line":156,"column":1},"end":{"line":156,"column":28}},"91":{"start":{"line":157,"column":1},"end":{"line":157,"column":27}},"92":{"start":{"line":158,"column":1},"end":{"line":158,"column":46}},"93":{"start":{"line":159,"column":1},"end":{"line":170,"column":2}},"94":{"start":{"line":160,"column":1},"end":{"line":166,"column":3}},"95":{"start":{"line":161,"column":2},"end":{"line":163,"column":3}},"96":{"start":{"line":162,"column":3},"end":{"line":162,"column":27}},"97":{"start":{"line":164,"column":2},"end":{"line":164,"column":40}},"98":{"start":{"line":165,"column":2},"end":{"line":165,"column":22}},"99":{"start":{"line":169,"column":2},"end":{"line":169,"column":17}},"100":{"start":{"line":175,"column":0},"end":{"line":175,"column":23}}},"branchMap":{"1":{"line":19,"type":"if","locations":[{"start":{"line":19,"column":3},"end":{"line":19,"column":3}},{"start":{"line":19,"column":3},"end":{"line":19,"column":3}}]},"2":{"line":39,"type":"if","locations":[{"start":{"line":39,"column":3},"end":{"line":39,"column":3}},{"start":{"line":39,"column":3},"end":{"line":39,"column":3}}]},"3":{"line":39,"type":"binary-expr","locations":[{"start":{"line":39,"column":6},"end":{"line":39,"column":45}},{"start":{"line":39,"column":49},"end":{"line":39,"column":77}}]},"4":{"line":56,"type":"if","locations":[{"start":{"line":56,"column":4},"end":{"line":56,"column":4}},{"start":{"line":56,"column":4},"end":{"line":56,"column":4}}]},"5":{"line":60,"type":"if","locations":[{"start":{"line":60,"column":5},"end":{"line":60,"column":5}},{"start":{"line":60,"column":5},"end":{"line":60,"column":5}}]},"6":{"line":66,"type":"if","locations":[{"start":{"line":66,"column":3},"end":{"line":66,"column":3}},{"start":{"line":66,"column":3},"end":{"line":66,"column":3}}]},"7":{"line":108,"type":"if","locations":[{"start":{"line":108,"column":1},"end":{"line":108,"column":1}},{"start":{"line":108,"column":1},"end":{"line":108,"column":1}}]},"8":{"line":108,"type":"binary-expr","locations":[{"start":{"line":108,"column":4},"end":{"line":108,"column":50}},{"start":{"line":108,"column":54},"end":{"line":108,"column":89}}]},"9":{"line":116,"type":"if","locations":[{"start":{"line":116,"column":1},"end":{"line":116,"column":1}},{"start":{"line":116,"column":1},"end":{"line":116,"column":1}}]},"10":{"line":122,"type":"if","locations":[{"start":{"line":122,"column":2},"end":{"line":122,"column":2}},{"start":{"line":122,"column":2},"end":{"line":122,"column":2}}]},"11":{"line":125,"type":"if","locations":[{"start":{"line":125,"column":2},"end":{"line":125,"column":2}},{"start":{"line":125,"column":2},"end":{"line":125,"column":2}}]},"12":{"line":127,"type":"if","locations":[{"start":{"line":127,"column":4},"end":{"line":127,"column":4}},{"start":{"line":127,"column":4},"end":{"line":127,"column":4}}]},"13":{"line":147,"type":"if","locations":[{"start":{"line":147,"column":2},"end":{"line":147,"column":2}},{"start":{"line":147,"column":2},"end":{"line":147,"column":2}}]},"14":{"line":161,"type":"if","locations":[{"start":{"line":161,"column":2},"end":{"line":161,"column":2}},{"start":{"line":161,"column":2},"end":{"line":161,"column":2}}]}}},"G:\\CSC 519 - DevOps\\DevOps-Project\\checkbox_test_generation\\mock_db\\surveys.js":{"path":"G:\\CSC 519 - DevOps\\DevOps-Project\\checkbox_test_generation\\mock_db\\surveys.js","s":{"1":1,"2":1,"3":1,"4":1,"5":1,"6":1,"7":1,"8":1,"9":1,"10":0,"11":0,"12":0,"13":0,"14":0,"15":0,"16":0,"17":0,"18":0,"19":0,"20":0,"21":0,"22":0,"23":0,"24":0,"25":0,"26":0,"27":0,"28":0,"29":0,"30":0,"31":0,"32":0,"33":1,"34":0,"35":0,"36":0,"37":0,"38":0,"39":0,"40":0,"41":0,"42":0,"43":0,"44":0,"45":0,"46":0,"47":0,"48":0,"49":0,"50":0,"51":0,"52":0,"53":0,"54":0,"55":0,"56":0,"57":0,"58":0,"59":0,"60":0,"61":0,"62":0,"63":0,"64":0,"65":1,"66":0,"67":0,"68":0,"69":0,"70":0,"71":0,"72":1,"73":0,"74":0,"75":0,"76":0,"77":0,"78":0,"79":0,"80":0,"81":0,"82":0,"83":0,"84":0,"85":0,"86":0,"87":0,"88":0,"89":0,"90":0,"91":0,"92":1,"93":0,"94":0,"95":0,"96":0,"97":0,"98":0,"99":0,"100":0,"101":0,"102":0,"103":0,"104":0,"105":0,"106":0,"107":0,"108":0,"109":0,"110":0,"111":0,"112":0,"113":0,"114":0,"115":0,"116":0,"117":1},"b":{"1":[0,0],"2":[0,0],"3":[0,0],"4":[0,0],"5":[0,0],"6":[0,0],"7":[0,0],"8":[0,0],"9":[0,0],"10":[0,0],"11":[0,0],"12":[0,0],"13":[0,0],"14":[0,0],"15":[0,0],"16":[0,0],"17":[0,0],"18":[0,0],"19":[0,0],"20":[0,0]},"f":{"1":0,"2":0,"3":0,"4":0,"5":0,"6":0,"7":0,"8":0,"9":0},"fnMap":{"1":{"name":"(anonymous_1)","line":14,"loc":{"start":{"line":14,"column":18},"end":{"line":14,"column":36}}},"2":{"name":"(anonymous_2)","line":52,"loc":{"start":{"line":52,"column":15},"end":{"line":52,"column":29}}},"3":{"name":"(anonymous_3)","line":64,"loc":{"start":{"line":64,"column":15},"end":{"line":64,"column":27}}},"4":{"name":"(anonymous_4)","line":94,"loc":{"start":{"line":94,"column":16},"end":{"line":94,"column":28}}},"5":{"name":"(anonymous_5)","line":109,"loc":{"start":{"line":109,"column":20},"end":{"line":109,"column":38}}},"6":{"name":"(anonymous_6)","line":120,"loc":{"start":{"line":120,"column":17},"end":{"line":120,"column":48}}},"7":{"name":"(anonymous_7)","line":142,"loc":{"start":{"line":142,"column":100},"end":{"line":142,"column":113}}},"8":{"name":"(anonymous_8)","line":154,"loc":{"start":{"line":154,"column":17},"end":{"line":154,"column":47}}},"9":{"name":"(anonymous_9)","line":178,"loc":{"start":{"line":178,"column":98},"end":{"line":178,"column":111}}}},"statementMap":{"1":{"start":{"line":1,"column":0},"end":{"line":1,"column":34}},"2":{"start":{"line":2,"column":0},"end":{"line":2,"column":28}},"3":{"start":{"line":3,"column":0},"end":{"line":3,"column":23}},"4":{"start":{"line":6,"column":0},"end":{"line":6,"column":38}},"5":{"start":{"line":7,"column":0},"end":{"line":7,"column":94}},"6":{"start":{"line":9,"column":0},"end":{"line":9,"column":22}},"7":{"start":{"line":10,"column":0},"end":{"line":10,"column":23}},"8":{"start":{"line":11,"column":0},"end":{"line":11,"column":24}},"9":{"start":{"line":14,"column":0},"end":{"line":50,"column":2}},"10":{"start":{"line":15,"column":1},"end":{"line":49,"column":4}},"11":{"start":{"line":16,"column":2},"end":{"line":19,"column":3}},"12":{"start":{"line":17,"column":3},"end":{"line":17,"column":53}},"13":{"start":{"line":18,"column":3},"end":{"line":18,"column":58}},"14":{"start":{"line":21,"column":2},"end":{"line":21,"column":22}},"15":{"start":{"line":22,"column":2},"end":{"line":22,"column":20}},"16":{"start":{"line":23,"column":2},"end":{"line":23,"column":33}},"17":{"start":{"line":24,"column":2},"end":{"line":24,"column":19}},"18":{"start":{"line":25,"column":2},"end":{"line":30,"column":3}},"19":{"start":{"line":26,"column":3},"end":{"line":26,"column":
[...]
column":25},"end":{"line":77,"column":40}}},"12":{"name":"(anonymous_12)","line":81,"loc":{"start":{"line":81,"column":27},"end":{"line":81,"column":38}}},"13":{"name":"(anonymous_13)","line":85,"loc":{"start":{"line":85,"column":72},"end":{"line":86,"column":4}}},"14":{"name":"readFile","line":94,"loc":{"start":{"line":94,"column":0},"end":{"line":95,"column":0}}},"15":{"name":"(anonymous_15)","line":97,"loc":{"start":{"line":97,"column":34},"end":{"line":98,"column":1}}},"16":{"name":"uploadFile","line":104,"loc":{"start":{"line":104,"column":0},"end":{"line":105,"column":0}}},"17":{"name":"(anonymous_17)","line":114,"loc":{"start":{"line":114,"column":9},"end":{"line":115,"column":1}}},"18":{"name":"(anonymous_18)","line":116,"loc":{"start":{"line":116,"column":26},"end":{"line":117,"column":2}}},"19":{"name":"(anonymous_19)","line":120,"loc":{"start":{"line":120,"column":12},"end":{"line":121,"column":3}}},"20":{"name":"(anonymous_20)","line":123,"loc":{"start":{"line":123,"column":37},"end":{"line":123,"column":61}}}},"statementMap":{"1":{"start":{"line":1,"column":0},"end":{"line":1,"column":33}},"2":{"start":{"line":2,"column":0},"end":{"line":2,"column":23}},"3":{"start":{"line":3,"column":0},"end":{"line":3,"column":29}},"4":{"start":{"line":5,"column":0},"end":{"line":5,"column":31}},"5":{"start":{"line":6,"column":0},"end":{"line":6,"column":39}},"6":{"start":{"line":7,"column":0},"end":{"line":7,"column":30}},"7":{"start":{"line":9,"column":0},"end":{"line":9,"column":35}},"8":{"start":{"line":12,"column":0},"end":{"line":14,"column":30}},"9":{"start":{"line":16,"column":0},"end":{"line":16,"column":36}},"10":{"start":{"line":17,"column":0},"end":{"line":17,"column":14}},"11":{"start":{"line":18,"column":0},"end":{"line":22,"column":3}},"12":{"start":{"line":20,"column":2},"end":{"line":20,"column":14}},"13":{"start":{"line":21,"column":2},"end":{"line":21,"column":37}},"14":{"start":{"line":24,"column":0},"end":{"line":32,"column":2}},"15":{"start":{"line":26,"column":1},"end":{"line":26,"column":29}},"16":{"start":{"line":28,"column":1},"end":{"line":31,"column":4}},"17":{"start":{"line":30,"column":2},"end":{"line":30,"column":21}},"18":{"start":{"line":34,"column":0},"end":{"line":59,"column":1}},"19":{"start":{"line":36,"column":1},"end":{"line":36,"column":19}},"20":{"start":{"line":37,"column":4},"end":{"line":37,"column":34}},"21":{"start":{"line":39,"column":4},"end":{"line":41,"column":4}},"22":{"start":{"line":40,"column":4},"end":{"line":40,"column":14}},"23":{"start":{"line":42,"column":1},"end":{"line":42,"column":19}},"24":{"start":{"line":44,"column":4},"end":{"line":44,"column":24}},"25":{"start":{"line":45,"column":1},"end":{"line":45,"column":19}},"26":{"start":{"line":47,"column":0},"end":{"line":58,"column":1}},"27":{"start":{"line":48,"column":1},"end":{"line":54,"column":4}},"28":{"start":{"line":48,"column":40},"end":{"line":48,"column":77}},"29":{"start":{"line":50,"column":2},"end":{"line":50,"column":20}},"30":{"start":{"line":51,"column":3},"end":{"line":51,"column":25}},"31":{"start":{"line":52,"column":3},"end":{"line":52,"column":21}},"32":{"start":{"line":57,"column":1},"end":{"line":57,"column":16}},"33":{"start":{"line":61,"column":0},"end":{"line":92,"column":1}},"34":{"start":{"line":63,"column":1},"end":{"line":63,"column":25}},"35":{"start":{"line":64,"column":1},"end":{"line":64,"column":27}},"36":{"start":{"line":66,"column":1},"end":{"line":91,"column":4}},"37":{"start":{"line":68,"column":2},"end":{"line":68,"column":38}},"38":{"start":{"line":71,"column":8},"end":{"line":75,"column":11}},"39":{"start":{"line":77,"column":8},"end":{"line":79,"column":11}},"40":{"start":{"line":81,"column":8},"end":{"line":83,"column":11}},"41":{"start":{"line":85,"column":3},"end":{"line":88,"column":7}},"42":{"start":{"line":87,"column":5},"end":{"line":87,"column":52}},"43":{"start":{"line":90,"column":2},"end":{"line":90,"column":23}},"44":{"start":{"line":94,"column":0},"end":{"line":102,"column":1}},"45":{"start":{"line":97,"column":1},"end":{"line":101,"column":4}},"46":{"start":{"line":99,"column":2},"end":{"line":99,"column":33}},"47":{"start":{"line":100,"column":2},"end":{"line":100,"column":48}},"48":{"start":{"line":104,"column":0},"end":{"line":135,"column":1}},"49":{"start":{"line":107,"column":1},"end":{"line":107,"column":29}},"50":{"start":{"line":109,"column":1},"end":{"line":112,"column":4}},"51":{"start":{"line":114,"column":1},"end":{"line":133,"column":4}},"52":{"start":{"line":116,"column":2},"end":{"line":132,"column":5}},"53":{"start":{"line":118,"column":3},"end":{"line":118,"column":37}},"54":{"start":{"line":120,"column":3},"end":{"line":130,"column":6}},"55":{"start":{"line":123,"column":4},"end":{"line":129,"column":7}},"56":{"start":{"line":124,"column":5},"end":{"line":124,"column":22}},"57":{"start":{"line":125,"column":5},"end":{"line":126,"column":35}},"58":{"start":{"line":126,"column":6},"end":{"line":126,"column":35}},"59":{"start":{"line":128,"column":5},"end":{"line":128,"column":35}}},"branchMap":{"1":{"line":21,"type":"binary-expr","locations":[{"start":{"line":21,"column":15},"end":{"line":21,"column":18}},{"start":{"line":21,"column":22},"end":{"line":21,"column":34}}]},"2":{"line":125,"type":"if","locations":[{"start":{"line":125,"column":5},"end":{"line":125,"column":5}},{"start":{"line":125,"column":5},"end":{"line":125,"column":5}}]}}},"G:\\CSC 519 - DevOps\\DevOps-Project\\checkbox_test_generation\\mock_routes\\admin.js":{"path":"G:\\CSC 519 - DevOps\\DevOps-Project\\checkbox_test_generation\\mock_routes\\admin.js","s":{"1":1,"2":1,"3":1,"4":1,"5":1,"6":1,"7":1,"8":2,"9":2,"10":2,"11":2,"12":2,"13":1,"14":4,"15":4,"16":4,"17":4,"18":4,"19":1,"20":4,"21":4,"22":4,"23":4,"24":4,"25":1,"26":2,"27":2,"28":2,"29":2,"30":2,"31":1,"32":1,"33":1,"34":1,"35":1,"36":1,"37":1,"38":1,"39":1,"40":1,"41":1,"42":0,"43":0,"44":0,"45":0,"46":1,"47":1,"48":1,"49":0,"50":1,"51":1,"52":1,"53":1,"54":1,"55":0,"56":1,"57":0,"58":1,"59":2,"60":2,"61":2,"62":2,"63":2,"64":2,"65":2,"66":2,"67":2,"68":1,"69":1,"70":1,"71":0,"72":2,"73":0,"74":0,"75":2,"76":1,"77":5,"78":5,"79":5,"80":5,"81":1,"82":4,"83":1,"84":3,"85":1,"86":2,"87":1,"88":1,"89":1,"90":5,"91":5,"92":5,"93":5,"94":5,"95":0},"b":{"1":[1,1],"2":[2,2],"3":[1,1],"4":[1,0],"5":[1,1],"6":[0,0],"7":[0,0],"8":[0,1],"9":[2,0],"10":[1,0],"11":[0,2],"12":[2,2],"13":[1,4],"14":[1,3],"15":[1,2],"16":[1,1],"17":[1,0],"18":[5,0],"19":[5,0]},"f":{"1":2,"2":2,"3":2,"4":4,"5":4,"6":4,"7":4,"8":4,"9":4,"10":2,"11":2,"12":2,"13":1,"14":1,"15":1,"16":1,"17":0,"18":0,"19":1,"20":1,"21":1,"22":2,"23":2,"24":2,"25":2,"26":2,"27":1,"28":1,"29":5,"30":5},"fnMap":{"1":{"name":"(anonymous_1)","line":31,"loc":{"start":{"line":31,"column":20},"end":{"line":31,"column":39}}},"2":{"name":"(anonymous_2)","line":34,"loc":{"start":{"line":34,"column":29},"end":{"line":34,"column":55}}},"3":{"name":"(anonymous_3)","line":35,"loc":{"start":{"line":35,"column":44},"end":{"line":35,"column":64}}},"4":{"name":"(anonymous_4)","line":41,"loc":{"start":{"line":41,"column":20},"end":{"line":41,"column":39}}},"5":{"name":"(anonymous_5)","line":43,"loc":{"start":{"line":43,"column":29},"end":{"line":43,"column":55}}},"6":{"name":"(anonymous_6)","line":44,"loc":{"start":{"line":44,"column":44},"end":{"line":44,"column":65}}},"7":{"name":"(anonymous_7)","line":52,"loc":{"start":{"line":52,"column":21},"end":{"line":52,"column":40}}},"8":{"name":"(anonymous_8)","line":54,"loc":{"start":{"line":54,"column":29},"end":{"line":54,"column":55}}},"9":{"name":"(anonymous_9)","line":55,"loc":{"start":{"line":55,"column":44},"end":{"line":55,"column":65}}},"10":{"name":"(anonymous_10)","line":63,"loc":{"start":{"line":63,"column":19},"end":{"line":63,"column":39}}},"11":{"name":"(anonymous_11)","line":68,"loc":{"start":{"line":68,"column":29},"end":{"line":68,"column":60}}},"12":{"name":"(anonymous_12)","line":69,"loc":{"start":{"line":69,"column":49},"end":{"line":70,"column":8}}},"13":{"name":"(anonymous_13)","line":73,"loc":{"start":{"line":73,"column":39},"end":{"line":73,"column":69}}},"14":{"name":"(anonymous_14)","line":75,"loc":{"start":{"line":75,"column":71},"end":{"line":75,"column":92}}},"15":{"name":"(anonymous_15)","line":91,"loc":{"start":{"line":91,"column":39},"end":{"line":91,"column":69}}},"16":{"name":"(anonymous_16)","line":92,"loc":{"start":{"line":92,"column":71},"end":{"line":92,"column":92}}},"17":{"name":"(anonymous_17)","line":94,"loc":{"start":{"line":94,"column":49},"end":{"line":95,"column":28}}},"18":{"name":"(anonymous_18)","line":100,"loc":{"start":{"line":100,"column":39},"end":{"line":100,"column":53}}},"19":{"name":"(anonymous_19)","line":105,"loc":{"start":{"line":105,"column":61},"end":{"line":106,"column":24}}},"20":{"name":"(anonymous_20)","line":114,"loc":{"start":{"line":114,"column":73},"end":{"line":115,"column":28}}},"21":{"name":"(anonymous_21)","line":120,"loc":{"start":{"line":120,"column":45},"end":{"line":121,"column":28}}},"22":{"name":"(anonymous_22)","line":140,"loc":{"start":{"line":140,"column":23},"end":{"line":140,"column":43}}},"23":{"name":"(anonymous_23)","line":145,"loc":{"start":{"line":145,"column":29},"end":{"line":145,"column":60}}},"24":{"name":"(anonymous_24)","line":146,"loc":{"start":{"line":146,"column":49},"end":{"line":147,"column":8}}},"25":{"name":"(anonymous_25)","line":150,"loc":{"start":{"line":150,"column":39},"end":{"line":150,"column":69}}},"26":{"name":"(anonymous_26)","line":151,"loc":{"start":{"line":151,"column":73},"end":{"line":152,"column":20}}},"27":{"name":"(anonymous_27)","line":155,"loc":{"start":{"line":155,"column":49},"end":{"line":155,"column":70}}},"28":{"name":"(anonymous_28)","line":157,"loc":{"start":{"line":157,"column":39},"end":{"line":158,"column":28}}},"29":{"name":"(anonymous_29)","line":188,"loc":{"start":{"line":188,"column":28},"end":{"line":188,"column":47}}},"30":{"name":"(anonymous_30)","line":227,"loc":{"start":{"line":227,"column":8},"end":{"line":228,"column":8}}}},"statementMap":{"1":{"start":{"line":2,"column":0},"end":{"line":2,"column":39}},"2":{"start":{"line":3,"column":0},"end":{"line":3,"column":30}},"3":{"start":{"line":4,"column":0},"end":{"line":4,"column":33}},"4":{"start":{"line":5,"column":0},"end":{"line":5,"column":41}},"5":{"start":{"line":8,"column":0},"end":{"line":8,"column":37}},"6":{"start":{"line":15,"column":0},"end":{"line":20,"column":3}},"7":{"start":{"line":31,"column":0},"end":{"line":39,"column":2}},"8":{"start":{"line":32,"column":4},"end":{"line":32,"column":33}},"9":{"start":{"line":33,"column":4},"end":{"line":33,"column":55}},"10":{"start":{"line":34,"column":4},"end":{"line":38,"column":7}},"11":{"start":{"line":35,"column":8},"end":{"line":37,"column":11}},"12":{"start":{"line":36,"column":12},"end":{"line":36,"column":27}},"13":{"start":{"line":41,"column":0},"end":{"line":50,"column":1}},"14":{"start":{"line":42,"column":4},"end":{"line":42,"column":31}},"15":{"start":{"line":43,"column":4},"end":{"line":49,"column":7}},"16":{"start":{"line":44,"column":8},"end":{"line":48,"column":11}},"17":{"start":{"line":45,"column":12},"end":{"line":46,"column":53}},"18":{"start":{"line":47,"column":12},"end":{"line":47,"column":36}},"19":{"start":{"line":52,"column":0},"end":{"line":61,"column":1}},"20":{"start":{"line":53,"column":4},"end":{"line":53,"column":31}},"21":{"start":{"line":54,"column":4},"end":{"line":60,"column":7}},"22":{"start":{"line":55,"column":8},"end":{"line":59,"column":11}},"23":{"start":{"line":56,"column":12},"end":{"line":57,"column":55}},"24":{"start":{"line":58,"column":12},"end":{"line":58,"column":36}},"25":{"start":{"line":63,"column":0},"end":{"line":136,"column":1}},"26":{"start":{"line":64,"column":4},"end":{"line":64,"column":33}},"27":{"start":{"line":65,"column":4},"end":{"line":65,"column":23}},"28":{"start":{"line":68,"column":4},"end":{"line":135,"column":7}},"29":{"start":{"line":69,"column":8},"end":{"line":134,"column":11}},"30":{"start":{"line":71,"column":12},"end":{"line":133,"column":13}},"31":{"start":{"line":73,"column":16},"end":{"line":87,"column":19}},"32":{"start":{"line":75,"column":20},"end":{"line":86,"column":23}},"33":{"start":{"line":76,"column":24},"end":{"line":76,"column":76}},"34":{"start":{"line":78,"column":24},"end":{"line":81,"column":25}},"35":{"start":{"line":80,"column":28},"end":{"line":80,"column":53}},"36":{"start":{"line":83,"column":24},"end":{"line":83,"column":99}},"37":{"start":{"line":84,"column":24},"end":{"line":84,"column":49}},"38":{"start":{"line":89,"column":17},"end":{"line":133,"column":13}},"39":{"start":{"line":91,"column":16},"end":{"line":128,"column":19}},"40":{"start":{"line":92,"column":20},"end":{"line":127,"column":23}},"41":{"start":{"line":94,"column":24},"end":{"line":100,"column":79}},"42":{"start":{"line":96,"column":32},"end":{"line":99,"column":48}},"43":{"start":{"line":97,"column":36},"end":{"line":97,"column":64}},"44":{"start":{"line":99,"column":36},"end":{"line":99,"column":48}},"45":{"start":{"line":100,"column":55},"end":{"line":100,"column":75}},"46":{"start":{"line":102,"column":24},"end":{"line":102,"column":47}},"47":{"start":{"line":105,"column":24},"end":{"line":125,"column":27}},"48":{"start":{"line":107,"column":28},"end":{"line":110,"column":29}},"49":{"start":{"line":109,"column":32},"end":{"line":109,"column":57}},"50":{"start":{"line":112,"column":28},"end":{"line":112,"column":72}},"51":{"start":{"line":114,"column":28},"end":{"line":117,"column":31}},"52":{"start":{"line":116,"column":32},"end":{"line":116,"column":62}},"53":{"start":{"line":120,"column":28},"end":{"line":124,"column":31}},"54":{"start":{"line":122,"column":32},"end":{"line":122,"column":55}},"55":{"start":{"line":122,"column":43},"end":{"line":122,"column":53}},"56":{"start":{"line":123,"column":32},"end":{"line":123,"column":78}},"57":{"start":{"line":132,"column":16},"end":{"line":132,"column":100}},"58":{"start":{"line":140,"column":0},"end":{"line":185,"column":2}},"59":{"start":{"line":141,"column":4},"end":{"line":141,"column":33}},"60":{"start":{"line":142,"column":4},"end":{"line":142,"column":23}},"61":{"start":{"line":145,"column":4},"end":{"line":184,"column":7}},"62":{"start":{"line":146,"column":8},"end":{"line":183,"column":11}},"63":{"start":{"line":148,"column":12},"end":{"line":182,"column":13}},"64":{"start":{"line":150,"column":16},"end":{"line":181,"column":19}},"65":{"start":{"line":151,"column":20},"end":{"line":180,"column":23}},"66":{"start":{"line":153,"column":24},"end":{"line":153,"column":41}},"67":{"start":{"line":155,"column":24},"end":{"line":167,"column":31}},"68":{"start":{"line":156,"column":32},"end":{"line":156,"column":50}},"69":{"start":{"line":159,"column":32},"end":{"line":166,"column":33}},"70":{"start":{"line":161,"column":36},"end":{"line":161,"column":91}},"71":{"start":{"line":165,"column":36},"end":{"line":165,"column":49}},"72":{"start":{"line":169,"column":24},"end":{"line":178,"column":25}},"73":{"start":{"line":172,"column":28},"end":{"line":172,"column":85}},"74":{"start":{"line":173,"column":28},"end":{"line":173,"column":63}},"75":{"start":{"line":177,"column":28},"end":{"line":177,"column":75}},"76":{"start":{"line":188,"column":0},"end":{"line":241,"column":1}},"77":{"start":{"line":189,"column":4},"end":{"line":189,"column":31}},"78":{"start":{"line":190,"column":4},"end":{"line":190,"column":29}},"79":{"start":{"line":192,"column":4},"end":{"line":192,"column":109}},"80":{"start":{"line":193,"column":4},"end":{"line":213,"column":5}},"81":{"start":{"line":195,"column":8},"end":{"line":195,"column":80}},"82":{"start":{"line":197,"column":9},"end":{"line":213,"column":5}},"83":{"start":{"line":199,"column":8},"end":{"line":199,"column":109}},"84":{"start":{"line":201,"column":9},"end":{"line":213,"column":5}},"85":{"start":{"line":203,"column":8},"end":{"line":203,"column":101}},"86":{"start":{"line":205,"column":9},"end":{"line":213,"column":5}},"87":{"start":{"line":207,"column":8},"end":{"line":207,"column":103}},"88":{"start":{"line":209,"column":9},"end":{"line":213,"column":5}},"89":{"start":{"line":211,"column":8},"end":{"line":211,"column":69}},"90":{"start":{"line":215,"column":4},"end":{"line":224,"column":10}},"91":{"start":{"line":226,"column":4},"end":{"line":239,"column":6}},"92":{"start":{"line":229,"column":12},"end":{"line":229,"column":40}},"93":{"start":{"line":230,"column":12},"end":{"line":237,"column":13}},"94":{"start":{"line":232,"column":16},"end":{"line":232,"column":42}},"95":{"start":{"line":236,"column":16},"end":{"line":236,"column":47}}},"branchMap":{"1":{"line":71,"type":"if","locations":[{"start":{"line":71,"column":12},"end":{"line":71,"column":12}},{"start":{"line":71,"column":12},"end":{"line":71,"column":12}}]},"2":{"line":71,"type":"binary-expr","locations":[{"start":{"line":71,"column":16},"end":{"line":71,"column":21}},{"start":{"line":71,"column":25},"end":{"line":71,"column":52}}]},"3":{"line":76,"type":"binary-expr","locations":[{"start":{"line":76,"column":36},"end":{"line":76,"column":39}},{"start":{"line":76,"column":43},"end":{"line":76,"column":74}}]},"4":{"line":89,"type":"if","locations":[{"start":{"line":89,"column":17},"end":{"line":89,"column":17}},{"start":{"line":89,"column":17},"end":{"line":89,"column":17}}]},"5":{"line":89,"type":"binary-expr","locations":[{"start":{"line":89,"column":21},"end":{"line":89,"column":26}},{"start":{"line":89,"column":30},"end":{"line":89,"column":60}}]},"6":{"line":96,"type":"if","locations":[{"start":{"line":96,"column":32},"end":{"line":96,"column":32}},{"start":{"line":96,"column":32},"end":{"line":96,"column":32}}]},"7":{"line":96,"type":"binary-expr","locations":[{"start":{"line":96,"column":36},"end":{"line":96,"column":46}},{"start":{"line":96,"column":50},"end":{"line":96,"column":71}}]},"8":{"line":122,"type":"if","locations":[{"start":{"line":122,"column":32},"end":{"line":122,"column":32}},{"start":{"line":122,"column":32},"end":{"line":122,"column":32}}]},"9":{"line":148,"type":"if","locations":[{"start":{"line":148,"column":12},"end":{"line":148,"column":12}},{"start":{"line":148,"column":12},"end":{"line":148,"column":12}}]},"10":{"line":161,"type":"binary-expr","locations":[{"start":{"line":161,"column":43},"end":{"line":161,"column":56}},{"start":{"line":161,"column":60},"end":{"line":161,"column":90}}]},"11":{"line":169,"type":"if","locations":[{"start":{"line":169,"column":24},"end":{"line":169,"column":24}},{"start":{"line":169,"column":24},"end":{"line":169,"column":24}}]},"12":{"line":169,"type":"binary-expr","locations":[{"start":{"line":169,"column":28},"end":{"line":169,"column":32}},{"start":{"line":169,"column":36},"end":{"line":169,"column":51}}]},"13":{"line":193,"type":"if","locations":[{"start":{"line":193,"column":4},"end":{"line":193,"column":4}},{"start":{"line":193,"column":4},"end":{"line":193,"column":4}}]},"14":{"line":197,"type":"if","locations":[{"start":{"line":197,"column":9},"end":{"line":197,"column":9}},{"start":{"line":197,"column":9},"end":{"line":197,"column":9}}]},"15":{"line":201,"type":"if","locations":[{"start":{"line":201,"column":9},"end":{"line":201,"column":9}},{"start":{"line":201,"column":9},"end":{"line":201,"column":9}}]},"16":{"line":205,"type":"if","locations":[{"start":{"line":205,"column":9},"end":{"line":205,"column":9}},{"start":{"line":205,"column":9},"end":{"line":205,"column":9}}]},"17":{"line":209,"type":"if","locations":[{"start":{"line":209,"column":9},"end":{"line":209,"column":9}},{"start":{"line":209,"column":9},"end":{"line":209,"column":9}}]},"18":{"line":229,"type":"binary-expr","locations":[{"start":{"line":229,"column":24},"end":{"line":229,"column":27}},{"start":{"line":229,"column":31},"end":{"line":229,"column":38}}]},"19":{"line":230,"type":"if","locations":[{"start":{"line":230,"column":12},"end":{"line":230,"column":12}},{"start":{"line":230,"column":12},"end":{"line":230,"column":12}}]}}}}