TN:
SF:G:\CSC 519 - DevOps\DevOps-Project\checkbox_test_generation\test.js
FN:11,(anonymous_1)
FN:12,(anonymous_2)
FN:13,(anonymous_3)
FN:14,(anonymous_4)
FN:15,(anonymous_5)
FN:17,(anonymous_6)
FN:19,(anonymous_7)
FN:22,(anonymous_8)
FN:24,(anonymous_9)
FN:26,(anonymous_10)
FN:28,(anonymous_11)
FN:30,(anonymous_12)
FN:32,(anonymous_13)
FN:34,(anonymous_14)
FN:36,(anonymous_15)
FN:38,(anonymous_16)
FN:40,(anonymous_17)
FN:42,(anonymous_18)
FN:44,(anonymous_19)
FN:46,(anonymous_20)
FN:47,(anonymous_21)
FN:48,(anonymous_22)
FN:49,(anonymous_23)
FN:51,(anonymous_24)
FN:53,(anonymous_25)
FN:55,(anonymous_26)
FN:57,(anonymous_27)
FN:59,(anonymous_28)
FN:61,(anonymous_29)
FN:63,(anonymous_30)
FN:65,(anonymous_31)
FN:67,(anonymous_32)
FN:69,(anonymous_33)
FN:71,(anonymous_34)
FN:73,(anonymous_35)
FN:75,(anonymous_36)
FN:77,(anonymous_37)
FNF:37
FNH:37
FNDA:1,(anonymous_1)
FNDA:1,(anonymous_2)
FNDA:1,(anonymous_3)
FNDA:1,(anonymous_4)
FNDA:1,(anonymous_5)
FNDA:1,(anonymous_6)
FNDA:1,(anonymous_7)
FNDA:1,(anonymous_8)
FNDA:1,(anonymous_9)
FNDA:1,(anonymous_10)
FNDA:1,(anonymous_11)
FNDA:1,(anonymous_12)
FNDA:1,(anonymous_13)
FNDA:1,(anonymous_14)
FNDA:1,(anonymous_15)
FNDA:1,(anonymous_16)
FNDA:1,(anonymous_17)
FNDA:1,(anonymous_18)
FNDA:1,(anonymous_19)
FNDA:1,(anonymous_20)
FNDA:1,(anonymous_21)
FNDA:1,(anonymous_22)
FNDA:1,(anonymous_23)
FNDA:1,(anonymous_24)
FNDA:1,(anonymous_25)
FNDA:1,(anonymous_26)
FNDA:1,(anonymous_27)
FNDA:1,(anonymous_28)
FNDA:1,(anonymous_29)
FNDA:1,(anonymous_30)
FNDA:1,(anonymous_31)
FNDA:1,(anonymous_32)
FNDA:1,(anonymous_33)
FNDA:1,(anonymous_34)
FNDA:1,(anonymous_35)
FNDA:1,(anonymous_36)
FNDA:1,(anonymous_37)
DA:2,1
DA:3,1
DA:4,1
DA:5,1
DA:6,1
DA:10,1
DA:11,1
DA:12,1
DA:13,1
DA:14,1
DA:15,1
DA:16,1
DA:17,1
DA:18,1
DA:19,1
DA:21,1
DA:22,1
DA:23,1
DA:24,1
DA:25,1
DA:26,1
DA:27,1
DA:28,1
DA:29,1
DA:30,1
DA:31,1
DA:32,1
DA:33,1
DA:34,1
DA:35,1
DA:36,1
DA:37,1
DA:38,1
DA:39,1
DA:40,1
DA:41,1
DA:42,1
DA:43,1
DA:44,1
DA:46,1
DA:47,1
DA:48,1
DA:49,1
DA:50,1
DA:51,1
DA:52,1
DA:53,1
DA:54,1
DA:55,1
DA:56,1
DA:57,1
DA:58,1
DA:59,1
DA:60,1
DA:61,1
DA:62,1
DA:63,1
DA:64,1
DA:65,1
DA:66,1
DA:67,1
DA:68,1
DA:69,1
DA:70,1
DA:71,1
DA:72,1
DA:73,1
DA:74,1
DA:75,1
DA:77,1
LF:70
LH:70
BRF:0
BRH:0
end_of_record
TN:
SF:G:\CSC 519 - DevOps\DevOps-Project\checkbox_test_generation\server.js
FN:19,(anonymous_1)
FN:26,(anonymous_2)
FN:35,(anonymous_3)
FNF:3
FNH:3
FNDA:1,(anonymous_1)
FNDA:12,(anonymous_2)
FNDA:1,(anonymous_3)
DA:1,1
DA:17,1
DA:19,1
DA:20,1
DA:21,1
DA:24,1
DA:25,1
DA:27,12
DA:28,12
DA:32,1
DA:34,1
DA:37,1
DA:39,1
DA:40,1
DA:56,1
DA:57,1
DA:58,1
DA:60,1
DA:62,1
DA:63,1
DA:66,1
DA:67,1
DA:68,1
DA:70,1
DA:71,1
DA:72,1
DA:94,1
DA:95,1
DA:97,1
LF:29
LH:29
BRF:0
BRH:0
end_of_record
TN:
SF:G:\CSC 519 - DevOps\DevOps-Project\checkbox_test_generation\marqdown.js
FN:9,(anonymous_1)
FN:32,loadJadeTemplates
FN:59,testFile
FN:61,(anonymous_4)
FN:86,ReadHeader
FN:100,ReadBody
FN:120,EscapeCode
FN:137,ProcessTokens
FN:342,(anonymous_9)
FN:371,processInnerText
FN:374,(anonymous_11)
FN:388,(anonymous_12)
FN:397,(anonymous_13)
FN:399,(anonymous_14)
FNF:14
FNH:7
FNDA:1,(anonymous_1)
FNDA:1,loadJadeTemplates
FNDA:0,testFile
FNDA:0,(anonymous_4)
FNDA:1,ReadHeader
FNDA:1,ReadBody
FNDA:0,EscapeCode
FNDA:1,ProcessTokens
FNDA:0,(anonymous_9)
FNDA:0,processInnerText
FNDA:0,(anonymous_11)
FNDA:0,(anonymous_12)
FNDA:1,(anonymous_13)
FNDA:1,(anonymous_14)
DA:1,1
DA:2,1
DA:3,1
DA:4,1
DA:5,1
DA:7,1
DA:9,1
DA:11,1
DA:12,1
DA:14,1
DA:15,1
DA:16,1
DA:17,1
DA:19,1
DA:21,1
DA:24,1
DA:26,1
DA:28,1
DA:32,1
DA:34,1
DA:36,1
DA:37,1
DA:38,1
DA:39,1
DA:40,1
DA:41,1
DA:42,1
DA:44,1
DA:46,1
DA:59,1
DA:61,0
DA:62,0
DA:63,0
DA:66,0
DA:68,0
DA:69,0
DA:70,0
DA:72,0
DA:74,0
DA:78,0
DA:80,0
DA:82,0
DA:86,1
DA:88,1
DA:89,1
DA:91,3
DA:92,3
DA:94,1
DA:96,2
DA:100,1
DA:102,1
DA:103,1
DA:104,1
DA:106,3
DA:107,3
DA:109,1
DA:110,1
DA:112,2
DA:114,0
DA:117,1
DA:120,1
DA:122,0
DA:137,1
DA:139,1
DA:141,1
DA:142,1
DA:144,1
DA:150,1
DA:151,1
DA:154,1
DA:155,1
DA:158,1
DA:160,1
DA:162,0
DA:163,0
DA:165,0
DA:169,0
DA:171,0
DA:174,0
DA:177,0
DA:179,0
DA:181,0
DA:183,0
DA:185,0
DA:189,0
DA:192,0
DA:193,0
DA:196,0
DA:197,0
DA:199,0
DA:203,0
DA:206,0
DA:209,0
DA:211,0
DA:217,0
DA:220,0
DA:222,0
DA:223,0
DA:224,0
DA:225,0
DA:226,0
DA:228,0
DA:230,0
DA:233,0
DA:235,0
DA:236,0
DA:239,0
DA:241,0
DA:243,0
DA:245,0
DA:246,0
DA:249,0
DA:252,0
DA:253,0
DA:255,0
DA:256,0
DA:260,0
DA:261,0
DA:264,0
DA:267,0
DA:270,0
DA:272,0
DA:275,0
DA:277,0
DA:280,0
DA:282,0
DA:286,0
DA:288,0
DA:289,0
DA:291,0
DA:292,0
DA:294,0
DA:296,0
DA:297,0
DA:301,0
DA:302,0
DA:303,0
DA:304,0
DA:305,0
DA:308,0
DA:313,0
DA:318,0
DA:321,0
DA:322,0
DA:325,0
DA:328,0
DA:329,0
DA:332,0
DA:335,0
DA:336,0
DA:338,0
DA:341,0
DA:342,0
DA:345,0
DA:350,0
DA:351,0
DA:355,0
DA:356,0
DA:359,0
DA:364,1
DA:367,1
DA:368,1
DA:371,1
DA:373,0
DA:374,0
DA:377,0
DA:379,0
DA:380,0
DA:381,0
DA:388,0
DA:389,0
DA:390,0
DA:392,0
DA:396,1
DA:397,1
DA:398,1
DA:399,1
DA:400,1
LF:178
LH:68
BRDA:62,1,0,0
BRDA:62,1,1,0
BRDA:92,2,0,1
BRDA:92,2,1,2
BRDA:107,3,0,1
BRDA:107,3,1,2
BRDA:107,4,0,3
BRDA:107,4,1,3
BRDA:112,5,0,0
BRDA:112,5,1,2
BRDA:165,6,0,0
BRDA:165,6,1,0
BRDA:165,7,0,0
BRDA:165,7,1,0
BRDA:165,7,2,0
BRDA:177,8,0,0
BRDA:177,8,1,0
BRDA:177,9,0,0
BRDA:177,9,1,0
BRDA:179,10,0,0
BRDA:179,10,1,0
BRDA:183,11,0,0
BRDA:183,11,1,0
BRDA:183,12,0,0
BRDA:183,12,1,0
BRDA:197,13,0,0
BRDA:197,13,1,0
BRDA:203,14,0,0
BRDA:203,14,1,0
BRDA:217,15,0,0
BRDA:217,15,1,0
BRDA:226,16,0,0
BRDA:226,16,1,0
BRDA:228,17,0,0
BRDA:228,17,1,0
BRDA:228,18,0,0
BRDA:228,18,1,0
BRDA:233,19,0,0
BRDA:233,19,1,0
BRDA:233,20,0,0
BRDA:233,20,1,0
BRDA:233,20,2,0
BRDA:239,21,0,0
BRDA:239,21,1,0
BRDA:253,22,0,0
BRDA:253,22,1,0
BRDA:267,23,0,0
BRDA:267,23,1,0
BRDA:272,24,0,0
BRDA:272,24,1,0
BRDA:272,25,0,0
BRDA:272,25,1,0
BRDA:289,26,0,0
BRDA:289,26,1,0
BRDA:289,27,0,0
BRDA:289,27,1,0
BRDA:294,28,0,0
BRDA:294,28,1,0
BRDA:294,29,0,0
BRDA:294,29,1,0
BRDA:294,29,2,0
BRDA:302,30,0,0
BRDA:302,30,1,0
BRDA:302,31,0,0
BRDA:302,31,1,0
BRDA:318,32,0,0
BRDA:318,32,1,0
BRDA:321,33,0,0
BRDA:321,33,1,0
BRDA:321,34,0,0
BRDA:321,34,1,0
BRDA:329,35,0,0
BRDA:329,35,1,0
BRDA:329,36,0,0
BRDA:329,36,1,0
BRDA:342,37,0,0
BRDA:342,37,1,0
BRDA:374,38,0,0
BRDA:374,38,1,0
BRDA:374,39,0,0
BRDA:374,39,1,0
BRDA:380,40,0,0
BRDA:380,40,1,0
BRDA:388,41,0,0
BRDA:388,41,1,0
BRDA:396,42,0,1
BRDA:396,42,1,0
BRDA:400,43,0,1
BRDA:400,43,1,0
BRF:89
BRH:9
end_of_record
TN:
SF:G:\CSC 519 - DevOps\DevOps-Project\checkbox_test_generation\mock_routes\create.js
FN:30,(anonymous_1)
FN:41,(anonymous_2)
FN:43,(anonymous_3)
FN:48,(anonymous_4)
FN:62,(anonymous_5)
FN:76,basicCreate
FN:79,(anonymous_7)
FN:81,(anonymous_8)
FN:107,sendStudyEmail
FN:109,(anonymous_10)
FNF:10
FNH:10
FNDA:2,(anonymous_1)
FNDA:2,(anonymous_2)
FNDA:2,(anonymous_3)
FNDA:2,(anonymous_4)
FNDA:2,(anonymous_5)
FNDA:2,basicCreate
FNDA:2,(anonymous_7)
FNDA:2,(anonymous_8)
FNDA:2,sendStudyEmail
FNDA:2,(anonymous_10)
DA:2,1
DA:3,1
DA:4,1
DA:7,1
DA:22,1
DA:30,1
DA:32,2
DA:33,2
DA:35,2
DA:37,0
DA:38,0
DA:41,2
DA:43,2
DA:45,2
DA:46,0
DA:48,2
DA:50,2
DA:52,2
DA:54,0
DA:58,2
DA:61,2
DA:64,2
DA:65,2
DA:76,1
DA:78,2
DA:79,2
DA:81,2
DA:84,2
DA:86,2
DA:88,2
DA:89,2
DA:91,1
DA:93,2
DA:95,1
DA:98,2
DA:100,2
DA:104,2
DA:107,1
DA:108,2
DA:111,2
LF:40
LH:36
BRDA:35,1,0,0
BRDA:35,1,1,2
BRDA:45,2,0,0
BRDA:45,2,1,2
BRDA:50,3,0,2
BRDA:50,3,1,2
BRDA:52,4,0,0
BRDA:52,4,1,2
BRDA:89,5,0,1
BRDA:89,5,1,1
BRDA:93,6,0,1
BRDA:93,6,1,1
BRDA:111,7,0,2
BRDA:111,7,1,0
BRF:14
BRH:10
end_of_record
TN:
SF:G:\CSC 519 - DevOps\DevOps-Project\checkbox_test_generation\mock_routes\studyModel.js
FN:4,surrogateCtor
FN:6,extend
FN:15,(anonymous_3)
FN:36,(anonymous_4)
FN:46,(anonymous_5)
FN:52,(anonymous_6)
FN:73,(anonymous_7)
FN:83,(anonymous_8)
FN:89,(anonymous_9)
FNF:9
FNH:9
FNDA:2,surrogateCtor
FNDA:2,extend
FNDA:2,(anonymous_3)
FNDA:1,(anonymous_4)
FNDA:1,(anonymous_5)
FNDA:1,(anonymous_6)
FNDA:1,(anonymous_7)
FNDA:1,(anonymous_8)
FNDA:1,(anonymous_9)
DA:4,1
DA:6,1
DA:8,2
DA:10,2
DA:12,2
DA:15,1
DA:17,2
DA:19,2
DA:20,2
DA:21,2
DA:23,2
DA:24,2
DA:26,2
DA:28,2
DA:30,2
DA:31,2
DA:33,2
DA:36,1
DA:38,1
DA:39,1
DA:41,1
DA:42,1
DA:44,1
DA:46,1
DA:48,1
DA:52,1
DA:54,1
DA:68,1
DA:71,1
DA:73,1
DA:75,1
DA:76,1
DA:78,1
DA:79,1
DA:81,1
DA:83,1
DA:85,1
DA:89,1
DA:91,1
DA:105,1
DA:108,1
LF:41
LH:41
BRDA:31,1,0,2
BRDA:31,1,1,2
BRF:2
BRH:2
end_of_record
TN:
SF:G:\CSC 519 - DevOps\DevOps-Project\checkbox_test_generation\mock_db\db.js
FN:6,(anonymous_1)
FNF:1
FNH:1
FNDA:34,(anonymous_1)
DA:1,1
DA:2,1
DA:3,1
DA:6,1
DA:7,34
DA:8,34
DA:9,34
DA:10,16
DA:11,16
DA:14,18
DA:15,18
DA:16,18
DA:20,0
DA:42,1
LF:14
LH:13
BRDA:9,1,0,16
BRDA:9,1,1,18
BRDA:14,2,0,18
BRDA:14,2,1,0
BRF:4
BRH:3
end_of_record
TN:
SF:G:\CSC 519 - DevOps\DevOps-Project\checkbox_test_generation\mock_db\studies.js
FN:14,(anonymous_1)
FN:52,(anonymous_2)
FN:64,(anonymous_3)
FN:94,(anonymous_4)
FN:109,(anonymous_5)
FN:120,(anonymous_6)
FN:142,(anonymous_7)
FN:154,(anonymous_8)
FN:178,(anonymous_9)
FNF:9
FNH:7
FNDA:13,(anonymous_1)
FNDA:1,(anonymous_2)
FNDA:1,(anonymous_3)
FNDA:0,(anonymous_4)
FNDA:0,(anonymous_5)
FNDA:10,(anonymous_6)
FNDA:10,(anonymous_7)
FNDA:2,(anonymous_8)
FNDA:2,(anonymous_9)
DA:1,1
DA:2,1
DA:3,1
DA:6,1
DA:7,1
DA:9,1
DA:10,1
DA:11,1
DA:14,1
DA:15,13
DA:16,13
DA:17,12
DA:18,12
DA:21,13
DA:22,13
DA:23,13
DA:24,13
DA:25,13
DA:26,1
DA:29,12
DA:33,13
DA:34,208
DA:35,208
DA:36,208
DA:37,208
DA:38,208
DA:39,208
DA:40,13
DA:41,13
DA:42,13
DA:43,13
DA:48,0
DA:52,1
DA:53,1
DA:54,1
DA:55,1
DA:56,1
DA:57,1
DA:58,1
DA:59,16
DA:60,16
DA:61,1
DA:62,1
DA:63,1
DA:65,1
DA:66,1
DA:73,0
DA:74,0
DA:75,0
DA:76,0
DA:77,0
DA:80,0
DA:84,0
DA:85,0
DA:86,0
DA:87,0
DA:88,0
DA:89,0
DA:92,0
DA:93,0
DA:95,0
DA:96,0
DA:97,0
DA:105,0
DA:109,1
DA:110,0
DA:111,0
DA:112,0
DA:113,0
DA:114,0
DA:116,0
DA:120,1
DA:121,10
DA:122,10
DA:124,10
DA:125,0
DA:128,10
DA:131,10
DA:132,10
DA:133,10
DA:134,10
DA:137,10
DA:138,164
DA:139,10
DA:141,164
DA:142,10
DA:143,10
DA:144,0
DA:146,10
DA:147,10
DA:148,2
DA:154,1
DA:155,2
DA:156,2
DA:157,2
DA:158,2
DA:159,2
DA:160,2
DA:162,2
DA:163,30
DA:164,30
DA:165,14
DA:167,16
DA:169,30
DA:170,30
DA:172,2
DA:173,2
DA:174,2
DA:175,2
DA:176,2
DA:177,2
DA:178,2
DA:179,2
DA:180,0
DA:182,2
DA:183,2
DA:189,1
LF:117
LH:89
BRDA:16,1,0,12
BRDA:16,1,1,1
BRDA:25,2,0,1
BRDA:25,2,1,12
BRDA:25,3,0,13
BRDA:25,3,1,1
BRDA:39,4,0,13
BRDA:39,4,1,195
BRDA:56,5,0,1
BRDA:56,5,1,0
BRDA:60,6,0,1
BRDA:60,6,1,15
BRDA:76,7,0,0
BRDA:76,7,1,0
BRDA:76,8,0,0
BRDA:76,8,1,0
BRDA:87,9,0,0
BRDA:87,9,1,0
BRDA:88,10,0,0
BRDA:88,10,1,0
BRDA:92,11,0,0
BRDA:92,11,1,0
BRDA:124,12,0,0
BRDA:124,12,1,10
BRDA:124,13,0,10
BRDA:124,13,1,0
BRDA:132,14,0,10
BRDA:132,14,1,0
BRDA:138,15,0,10
BRDA:138,15,1,154
BRDA:141,16,0,10
BRDA:141,16,1,154
BRDA:143,17,0,0
BRDA:143,17,1,10
BRDA:147,18,0,2
BRDA:147,18,1,8
BRDA:164,19,0,14
BRDA:164,19,1,16
BRDA:179,20,0,0
BRDA:179,20,1,2
BRF:40
BRH:24
end_of_record
TN:
SF:G:\CSC 519 - DevOps\DevOps-Project\checkbox_test_generation\mock_db\votes.js
FN:9,(anonymous_1)
FN:30,(anonymous_2)
FN:70,(anonymous_3)
FN:85,(anonymous_4)
FN:97,(anonymous_5)
FN:104,(anonymous_6)
FN:126,(anonymous_7)
FN:137,(anonymous_8)
FN:160,(anonymous_9)
FNF:9
FNH:5
FNDA:0,(anonymous_1)
FNDA:5,(anonymous_2)
FNDA:5,(anonymous_3)
FNDA:1,(anonymous_4)
FNDA:0,(anonymous_5)
FNDA:0,(anonymous_6)
FNDA:0,(anonymous_7)
FNDA:12,(anonymous_8)
FNDA:12,(anonymous_9)
DA:1,1
DA:2,1
DA:3,1
DA:5,1
DA:6,1
DA:9,1
DA:10,0
DA:11,0
DA:13,0
DA:16,0
DA:17,0
DA:18,0
DA:19,0
DA:20,0
DA:25,0
DA:30,1
DA:31,5
DA:32,5
DA:33,5
DA:34,5
DA:35,5
DA:36,5
DA:38,5
DA:39,7
DA:40,2
DA:43,5
DA:47,5
DA:48,5
DA:49,5
DA:53,5
DA:54,291
DA:55,291
DA:56,393
DA:57,50
DA:58,50
DA:59,50
DA:60,50
DA:61,1
DA:62,1
DA:66,291
DA:67,5
DA:68,5
DA:69,5
DA:71,5
DA:78,0
DA:85,1
DA:86,1
DA:87,1
DA:88,1
DA:89,1
DA:90,51
DA:92,1
DA:97,1
DA:98,0
DA:99,0
DA:100,0
DA:104,1
DA:105,0
DA:106,0
DA:108,0
DA:109,0
DA:112,0
DA:115,0
DA:116,0
DA:117,0
DA:118,0
DA:121,0
DA:122,0
DA:123,0
DA:125,0
DA:126,0
DA:127,0
DA:128,0
DA:131,0
DA:137,1
DA:138,12
DA:139,12
DA:140,12
DA:141,12
DA:142,12
DA:143,12
DA:145,12
DA:146,96
DA:147,96
DA:148,0
DA:150,96
DA:152,96
DA:153,96
DA:155,12
DA:156,12
DA:157,12
DA:158,12
DA:159,12
DA:160,12
DA:161,12
DA:162,0
DA:164,12
DA:165,12
DA:169,0
DA:175,1
LF:100
LH:67
BRDA:19,1,0,0
BRDA:19,1,1,0
BRDA:39,2,0,2
BRDA:39,2,1,5
BRDA:39,3,0,7
BRDA:39,3,1,2
BRDA:56,4,0,50
BRDA:56,4,1,343
BRDA:60,5,0,1
BRDA:60,5,1,49
BRDA:66,6,0,5
BRDA:66,6,1,286
BRDA:108,7,0,0
BRDA:108,7,1,0
BRDA:108,8,0,0
BRDA:108,8,1,0
BRDA:116,9,0,0
BRDA:116,9,1,0
BRDA:122,10,0,0
BRDA:122,10,1,0
BRDA:125,11,0,0
BRDA:125,11,1,0
BRDA:127,12,0,0
BRDA:127,12,1,0
BRDA:147,13,0,0
BRDA:147,13,1,96
BRDA:161,14,0,0
BRDA:161,14,1,12
BRF:28
BRH:12
end_of_record
TN:
SF:G:\CSC 519 - DevOps\DevOps-Project\checkbox_test_generation\mock_routes\study.js
FN:8,(anonymous_1)
FN:28,(anonymous_2)
FN:30,(anonymous_3)
FN:32,(anonymous_4)
FN:35,(anonymous_5)
FN:44,(anonymous_6)
FN:95,(anonymous_7)
FN:111,(anonymous_8)
FN:114,(anonymous_9)
FN:116,(anonymous_10)
FN:128,(anonymous_11)
FN:131,(anonymous_12)
FN:132,(anonymous_13)
FN:139,(anonymous_14)
FN:146,(anonymous_15)
FN:153,(anonymous_16)
FN:167,(anonymous_17)
FN:197,(anonymous_18)
FN:210,commonSubmit
FN:215,(anonymous_20)
FN:216,(anonymous_21)
FN:227,(anonymous_22)
FNF:22
FNH:20
FNDA:15,(anonymous_1)
FNDA:1,(anonymous_2)
FNDA:1,(anonymous_3)
FNDA:1,(anonymous_4)
FNDA:1,(anonymous_5)
FNDA:1,(anonymous_6)
FNDA:0,(anonymous_7)
FNDA:1,(anonymous_8)
FNDA:1,(anonymous_9)
FNDA:1,(anonymous_10)
FNDA:1,(anonymous_11)
FNDA:1,(anonymous_12)
FNDA:1,(anonymous_13)
FNDA:1,(anonymous_14)
FNDA:1,(anonymous_15)
FNDA:1,(anonymous_16)
FNDA:12,(anonymous_17)
FNDA:0,(anonymous_18)
FNDA:12,commonSubmit
FNDA:12,(anonymous_20)
FNDA:12,(anonymous_21)
FNDA:13,(anonymous_22)
DA:3,1
DA:4,1
DA:5,1
DA:9,15
DA:12,1
DA:28,1
DA:30,1
DA:32,1
DA:34,1
DA:37,1
DA:38,1
DA:39,1
DA:40,1
DA:46,1
DA:48,1
DA:49,1
DA:50,1
DA:52,51
DA:53,51
DA:55,51
DA:59,1
DA:61,1
DA:63,16
DA:64,16
DA:66,0
DA:79,0
DA:85,0
DA:90,1
DA:95,1
DA:97,0
DA:98,0
DA:100,0
DA:103,1
DA:111,1
DA:112,1
DA:113,1
DA:114,1
DA:115,1
DA:116,1
DA:118,1
DA:119,1
DA:120,1
DA:121,1
DA:123,1
DA:128,1
DA:129,1
DA:131,1
DA:132,1
DA:133,1
DA:139,1
DA:141,1
DA:142,1
DA:143,1
DA:146,1
DA:147,1
DA:155,1
DA:157,0
DA:161,1
DA:167,1
DA:169,12
DA:170,12
DA:171,12
DA:172,12
DA:173,12
DA:174,12
DA:175,12
DA:176,12
DA:177,12
DA:178,12
DA:179,12
DA:180,12
DA:181,12
DA:183,12
DA:193,12
DA:195,12
DA:197,0
DA:198,0
DA:199,0
DA:200,0
DA:205,12
DA:210,1
DA:213,12
DA:215,12
DA:216,12
DA:217,12
DA:218,0
DA:220,12
DA:221,12
DA:227,1
DA:228,13
LF:90
LH:78
BRDA:53,1,0,51
BRDA:53,1,1,0
BRDA:64,2,0,0
BRDA:64,2,1,16
BRDA:79,3,0,0
BRDA:79,3,1,0
BRDA:155,4,0,0
BRDA:155,4,1,1
BRDA:155,5,0,1
BRDA:155,5,1,1
BRDA:195,6,0,0
BRDA:195,6,1,12
BRDA:195,7,0,12
BRDA:195,7,1,0
BRDA:195,7,2,0
BRDA:217,8,0,0
BRDA:217,8,1,12
BRDA:228,9,0,13
BRDA:228,9,1,13
BRDA:228,10,0,13
BRDA:228,10,1,13
BRF:21
BRH:12
end_of_record
TN:
SF:G:\CSC 519 - DevOps\DevOps-Project\checkbox_test_generation\mock_routes\upload.js
FN:18,(anonymous_1)
FN:24,(anonymous_2)
FN:28,(anonymous_3)
FN:34,(anonymous_4)
FN:39,(anonymous_5)
FN:48,(anonymous_6)
FN:48,(anonymous_7)
FN:61,readFileStream
FN:66,(anonymous_9)
FN:71,(anonymous_10)
FN:77,(anonymous_11)
FN:81,(anonymous_12)
FN:85,(anonymous_13)
FN:94,readFile
FN:97,(anonymous_15)
FN:104,uploadFile
FN:114,(anonymous_17)
FN:116,(anonymous_18)
FN:120,(anonymous_19)
FN:123,(anonymous_20)
FNF:20
FNH:3
FNDA:1,(anonymous_1)
FNDA:0,(anonymous_2)
FNDA:0,(anonymous_3)
FNDA:1,(anonymous_4)
FNDA:0,(anonymous_5)
FNDA:0,(anonymous_6)
FNDA:1,(anonymous_7)
FNDA:0,readFileStream
FNDA:0,(anonymous_9)
FNDA:0,(anonymous_10)
FNDA:0,(anonymous_11)
FNDA:0,(anonymous_12)
FNDA:0,(anonymous_13)
FNDA:0,readFile
FNDA:0,(anonymous_15)
FNDA:0,uploadFile
FNDA:0,(anonymous_17)
FNDA:0,(anonymous_18)
FNDA:0,(anonymous_19)
FNDA:0,(anonymous_20)
DA:1,1
DA:2,1
DA:3,1
DA:5,1
DA:6,1
DA:7,1
DA:9,1
DA:12,1
DA:16,1
DA:17,1
DA:18,1
DA:20,1
DA:21,1
DA:24,1
DA:26,0
DA:28,0
DA:30,0
DA:34,1
DA:36,1
DA:37,1
DA:39,1
DA:40,0
DA:42,1
DA:44,1
DA:45,1
DA:47,1
DA:48,1
DA:50,1
DA:51,1
DA:52,1
DA:57,0
DA:61,1
DA:63,0
DA:64,0
DA:66,0
DA:68,0
DA:71,0
DA:77,0
DA:81,0
DA:85,0
DA:87,0
DA:90,0
DA:94,1
DA:97,0
DA:99,0
DA:100,0
DA:104,1
DA:107,0
DA:109,0
DA:114,0
DA:116,0
DA:118,0
DA:120,0
DA:123,0
DA:124,0
DA:125,0
DA:126,0
DA:128,0
LF:58
LH:29
BRDA:21,1,0,1
BRDA:21,1,1,0
BRDA:125,2,0,0
BRDA:125,2,1,0
BRF:4
BRH:1
end_of_record
TN:
SF:G:\CSC 519 - DevOps\DevOps-Project\checkbox_test_generation\mock_routes\admin.js
FN:30,(anonymous_1)
FN:34,(anonymous_2)
FN:35,(anonymous_3)
FN:41,(anonymous_4)
FN:43,(anonymous_5)
FN:44,(anonymous_6)
FN:52,(anonymous_7)
FN:54,(anonymous_8)
FN:55,(anonymous_9)
FN:63,(anonymous_10)
FN:68,(anonymous_11)
FN:69,(anonymous_12)
FN:73,(anonymous_13)
FN:75,(anonymous_14)
FN:91,(anonymous_15)
FN:92,(anonymous_16)
FN:95,(anonymous_17)
FN:101,(anonymous_18)
FN:107,(anonymous_19)
FN:120,(anonymous_20)
FN:126,(anonymous_21)
FN:146,(anonymous_22)
FN:151,(anonymous_23)
FN:152,(anonymous_24)
FN:156,(anonymous_25)
FN:157,(anonymous_26)
FN:161,(anonymous_27)
FN:163,(anonymous_28)
FN:194,(anonymous_29)
FN:233,(anonymous_30)
FNF:30
FNH:26
FNDA:1,(anonymous_1)
FNDA:1,(anonymous_2)
FNDA:1,(anonymous_3)
FNDA:4,(anonymous_4)
FNDA:4,(anonymous_5)
FNDA:4,(anonymous_6)
FNDA:4,(anonymous_7)
FNDA:4,(anonymous_8)
FNDA:4,(anonymous_9)
FNDA:2,(anonymous_10)
FNDA:2,(anonymous_11)
FNDA:2,(anonymous_12)
FNDA:1,(anonymous_13)
FNDA:1,(anonymous_14)
FNDA:1,(anonymous_15)
FNDA:1,(anonymous_16)
FNDA:0,(anonymous_17)
FNDA:0,(anonymous_18)
FNDA:1,(anonymous_19)
FNDA:1,(anonymous_20)
FNDA:1,(anonymous_21)
FNDA:1,(anonymous_22)
FNDA:1,(anonymous_23)
FNDA:1,(anonymous_24)
FNDA:1,(anonymous_25)
FNDA:1,(anonymous_26)
FNDA:0,(anonymous_27)
FNDA:0,(anonymous_28)
FNDA:5,(anonymous_29)
FNDA:5,(anonymous_30)
DA:2,1
DA:3,1
DA:4,1
DA:5,1
DA:8,1
DA:15,1
DA:30,1
DA:31,1
DA:32,1
DA:33,1
DA:34,1
DA:35,1
DA:36,1
DA:41,1
DA:42,4
DA:43,4
DA:44,4
DA:45,4
DA:47,4
DA:52,1
DA:53,4
DA:54,4
DA:55,4
DA:56,4
DA:58,4
DA:63,1
DA:64,2
DA:65,2
DA:68,2
DA:69,2
DA:71,2
DA:73,1
DA:75,1
DA:76,1
DA:78,1
DA:80,0
DA:83,1
DA:84,1
DA:89,1
DA:91,1
DA:92,1
DA:93,1
DA:95,1
DA:97,0
DA:98,0
DA:100,0
DA:101,0
DA:102,1
DA:104,1
DA:107,1
DA:109,1
DA:110,0
DA:112,1
DA:113,1
DA:115,0
DA:118,1
DA:120,1
DA:122,1
DA:126,1
DA:128,1
DA:129,1
DA:138,0
DA:146,1
DA:147,1
DA:148,1
DA:151,1
DA:152,1
DA:154,1
DA:156,1
DA:157,1
DA:159,1
DA:161,1
DA:162,0
DA:165,0
DA:167,0
DA:171,0
DA:175,1
DA:178,0
DA:179,0
DA:183,1
DA:194,1
DA:195,5
DA:196,5
DA:198,5
DA:199,5
DA:201,1
DA:203,4
DA:205,1
DA:207,3
DA:209,1
DA:211,2
DA:213,1
DA:215,1
DA:217,1
DA:221,5
DA:232,5
DA:235,5
DA:236,5
DA:238,5
DA:242,0
LF:100
LH:85
BRDA:71,1,0,1
BRDA:71,1,1,1
BRDA:71,2,0,2
BRDA:71,2,1,2
BRDA:76,3,0,1
BRDA:76,3,1,1
BRDA:89,4,0,1
BRDA:89,4,1,0
BRDA:89,5,0,1
BRDA:89,5,1,1
BRDA:97,6,0,0
BRDA:97,6,1,0
BRDA:97,7,0,0
BRDA:97,7,1,0
BRDA:109,8,0,0
BRDA:109,8,1,1
BRDA:128,9,0,0
BRDA:128,9,1,1
BRDA:154,10,0,1
BRDA:154,10,1,0
BRDA:167,11,0,0
BRDA:167,11,1,0
BRDA:175,12,0,0
BRDA:175,12,1,1
BRDA:175,13,0,1
BRDA:175,13,1,1
BRDA:199,14,0,1
BRDA:199,14,1,4
BRDA:203,15,0,1
BRDA:203,15,1,3
BRDA:207,16,0,1
BRDA:207,16,1,2
BRDA:211,17,0,1
BRDA:211,17,1,1
BRDA:215,18,0,1
BRDA:215,18,1,0
BRDA:235,19,0,5
BRDA:235,19,1,0
BRDA:236,20,0,5
BRDA:236,20,1,0
BRF:40
BRH:26
end_of_record
