TN:
SF:G:\CSC 519 - DevOps\DevOps-Project\checkbox_test_generation\test.js
FN:11,(anonymous_1)
FN:12,(anonymous_2)
FN:13,(anonymous_3)
FN:14,(anonymous_4)
FN:15,(anonymous_5)
FN:17,(anonymous_6)
FN:19,(anonymous_7)
FN:20,(anonymous_8)
FN:21,(anonymous_9)
FN:22,(anonymous_10)
FN:24,(anonymous_11)
FN:26,(anonymous_12)
FN:28,(anonymous_13)
FN:30,(anonymous_14)
FN:32,(anonymous_15)
FN:34,(anonymous_16)
FN:36,(anonymous_17)
FN:38,(anonymous_18)
FN:40,(anonymous_19)
FN:42,(anonymous_20)
FN:44,(anonymous_21)
FN:46,(anonymous_22)
FN:48,(anonymous_23)
FN:50,(anonymous_24)
FNF:24
FNH:24
FNDA:1,(anonymous_1)
FNDA:1,(anonymous_2)
FNDA:1,(anonymous_3)
FNDA:1,(anonymous_4)
FNDA:1,(anonymous_5)
FNDA:1,(anonymous_6)
FNDA:1,(anonymous_7)
FNDA:1,(anonymous_8)
FNDA:1,(anonymous_9)
FNDA:1,(anonymous_10)
FNDA:1,(anonymous_11)
FNDA:1,(anonymous_12)
FNDA:1,(anonymous_13)
FNDA:1,(anonymous_14)
FNDA:1,(anonymous_15)
FNDA:1,(anonymous_16)
FNDA:1,(anonymous_17)
FNDA:1,(anonymous_18)
FNDA:1,(anonymous_19)
FNDA:1,(anonymous_20)
FNDA:1,(anonymous_21)
FNDA:1,(anonymous_22)
FNDA:1,(anonymous_23)
FNDA:1,(anonymous_24)
DA:2,1
DA:3,1
DA:4,1
DA:5,1
DA:6,1
DA:10,1
DA:11,1
DA:12,1
DA:13,1
DA:14,1
DA:15,1
DA:16,1
DA:17,1
DA:18,1
DA:19,1
DA:20,1
DA:21,1
DA:22,1
DA:23,1
DA:24,1
DA:25,1
DA:26,1
DA:27,1
DA:28,1
DA:29,1
DA:30,1
DA:31,1
DA:32,1
DA:33,1
DA:34,1
DA:35,1
DA:36,1
DA:37,1
DA:38,1
DA:39,1
DA:40,1
DA:41,1
DA:42,1
DA:43,1
DA:44,1
DA:45,1
DA:46,1
DA:47,1
DA:48,1
DA:50,1
LF:45
LH:45
BRF:0
BRH:0
end_of_record
TN:
SF:G:\CSC 519 - DevOps\DevOps-Project\checkbox_test_generation\server.js
FN:19,(anonymous_1)
FN:26,(anonymous_2)
FN:35,(anonymous_3)
FNF:3
FNH:2
FNDA:1,(anonymous_1)
FNDA:0,(anonymous_2)
FNDA:1,(anonymous_3)
DA:1,1
DA:17,1
DA:19,1
DA:20,1
DA:21,1
DA:24,1
DA:25,1
DA:27,0
DA:28,0
DA:32,1
DA:34,1
DA:37,1
DA:39,1
DA:40,1
DA:56,1
DA:57,1
DA:58,1
DA:60,1
DA:62,1
DA:63,1
DA:66,1
DA:67,1
DA:68,1
DA:70,1
DA:71,1
DA:72,1
DA:94,1
DA:95,1
DA:97,1
LF:29
LH:27
BRF:0
BRH:0
end_of_record
TN:
SF:G:\CSC 519 - DevOps\DevOps-Project\checkbox_test_generation\marqdown.js
FN:9,(anonymous_1)
FN:32,loadJadeTemplates
FN:59,testFile
FN:61,(anonymous_4)
FN:86,ReadHeader
FN:100,ReadBody
FN:120,EscapeCode
FN:137,ProcessTokens
FN:342,(anonymous_9)
FN:371,processInnerText
FN:374,(anonymous_11)
FN:388,(anonymous_12)
FN:397,(anonymous_13)
FN:399,(anonymous_14)
FNF:14
FNH:7
FNDA:1,(anonymous_1)
FNDA:1,loadJadeTemplates
FNDA:0,testFile
FNDA:0,(anonymous_4)
FNDA:1,ReadHeader
FNDA:1,ReadBody
FNDA:0,EscapeCode
FNDA:1,ProcessTokens
FNDA:0,(anonymous_9)
FNDA:0,processInnerText
FNDA:0,(anonymous_11)
FNDA:0,(anonymous_12)
FNDA:1,(anonymous_13)
FNDA:1,(anonymous_14)
DA:1,1
DA:2,1
DA:3,1
DA:4,1
DA:5,1
DA:7,1
DA:9,1
DA:11,1
DA:12,1
DA:14,1
DA:15,1
DA:16,1
DA:17,1
DA:19,1
DA:21,1
DA:24,1
DA:26,1
DA:28,1
DA:32,1
DA:34,1
DA:36,1
DA:37,1
DA:38,1
DA:39,1
DA:40,1
DA:41,1
DA:42,1
DA:44,1
DA:46,1
DA:59,1
DA:61,0
DA:62,0
DA:63,0
DA:66,0
DA:68,0
DA:69,0
DA:70,0
DA:72,0
DA:74,0
DA:78,0
DA:80,0
DA:82,0
DA:86,1
DA:88,1
DA:89,1
DA:91,3
DA:92,3
DA:94,1
DA:96,2
DA:100,1
DA:102,1
DA:103,1
DA:104,1
DA:106,3
DA:107,3
DA:109,1
DA:110,1
DA:112,2
DA:114,0
DA:117,1
DA:120,1
DA:122,0
DA:137,1
DA:139,1
DA:141,1
DA:142,1
DA:144,1
DA:150,1
DA:151,1
DA:154,1
DA:155,1
DA:158,1
DA:160,1
DA:162,0
DA:163,0
DA:165,0
DA:169,0
DA:171,0
DA:174,0
DA:177,0
DA:179,0
DA:181,0
DA:183,0
DA:185,0
DA:189,0
DA:192,0
DA:193,0
DA:196,0
DA:197,0
DA:199,0
DA:203,0
DA:206,0
DA:209,0
DA:211,0
DA:217,0
DA:220,0
DA:222,0
DA:223,0
DA:224,0
DA:225,0
DA:226,0
DA:228,0
DA:230,0
DA:233,0
DA:235,0
DA:236,0
DA:239,0
DA:241,0
DA:243,0
DA:245,0
DA:246,0
DA:249,0
DA:252,0
DA:253,0
DA:255,0
DA:256,0
DA:260,0
DA:261,0
DA:264,0
DA:267,0
DA:270,0
DA:272,0
DA:275,0
DA:277,0
DA:280,0
DA:282,0
DA:286,0
DA:288,0
DA:289,0
DA:291,0
DA:292,0
DA:294,0
DA:296,0
DA:297,0
DA:301,0
DA:302,0
DA:303,0
DA:304,0
DA:305,0
DA:308,0
DA:313,0
DA:318,0
DA:321,0
DA:322,0
DA:325,0
DA:328,0
DA:329,0
DA:332,0
DA:335,0
DA:336,0
DA:338,0
DA:341,0
DA:342,0
DA:345,0
DA:350,0
DA:351,0
DA:355,0
DA:356,0
DA:359,0
DA:364,1
DA:367,1
DA:368,1
DA:371,1
DA:373,0
DA:374,0
DA:377,0
DA:379,0
DA:380,0
DA:381,0
DA:388,0
DA:389,0
DA:390,0
DA:392,0
DA:396,1
DA:397,1
DA:398,1
DA:399,1
DA:400,1
LF:178
LH:68
BRDA:62,1,0,0
BRDA:62,1,1,0
BRDA:92,2,0,1
BRDA:92,2,1,2
BRDA:107,3,0,1
BRDA:107,3,1,2
BRDA:107,4,0,3
BRDA:107,4,1,3
BRDA:112,5,0,0
BRDA:112,5,1,2
BRDA:165,6,0,0
BRDA:165,6,1,0
BRDA:165,7,0,0
BRDA:165,7,1,0
BRDA:165,7,2,0
BRDA:177,8,0,0
BRDA:177,8,1,0
BRDA:177,9,0,0
BRDA:177,9,1,0
BRDA:179,10,0,0
BRDA:179,10,1,0
BRDA:183,11,0,0
BRDA:183,11,1,0
BRDA:183,12,0,0
BRDA:183,12,1,0
BRDA:197,13,0,0
BRDA:197,13,1,0
BRDA:203,14,0,0
BRDA:203,14,1,0
BRDA:217,15,0,0
BRDA:217,15,1,0
BRDA:226,16,0,0
BRDA:226,16,1,0
BRDA:228,17,0,0
BRDA:228,17,1,0
BRDA:228,18,0,0
BRDA:228,18,1,0
BRDA:233,19,0,0
BRDA:233,19,1,0
BRDA:233,20,0,0
BRDA:233,20,1,0
BRDA:233,20,2,0
BRDA:239,21,0,0
BRDA:239,21,1,0
BRDA:253,22,0,0
BRDA:253,22,1,0
BRDA:267,23,0,0
BRDA:267,23,1,0
BRDA:272,24,0,0
BRDA:272,24,1,0
BRDA:272,25,0,0
BRDA:272,25,1,0
BRDA:289,26,0,0
BRDA:289,26,1,0
BRDA:289,27,0,0
BRDA:289,27,1,0
BRDA:294,28,0,0
BRDA:294,28,1,0
BRDA:294,29,0,0
BRDA:294,29,1,0
BRDA:294,29,2,0
BRDA:302,30,0,0
BRDA:302,30,1,0
BRDA:302,31,0,0
BRDA:302,31,1,0
BRDA:318,32,0,0
BRDA:318,32,1,0
BRDA:321,33,0,0
BRDA:321,33,1,0
BRDA:321,34,0,0
BRDA:321,34,1,0
BRDA:329,35,0,0
BRDA:329,35,1,0
BRDA:329,36,0,0
BRDA:329,36,1,0
BRDA:342,37,0,0
BRDA:342,37,1,0
BRDA:374,38,0,0
BRDA:374,38,1,0
BRDA:374,39,0,0
BRDA:374,39,1,0
BRDA:380,40,0,0
BRDA:380,40,1,0
BRDA:388,41,0,0
BRDA:388,41,1,0
BRDA:396,42,0,1
BRDA:396,42,1,0
BRDA:400,43,0,1
BRDA:400,43,1,0
BRF:89
BRH:9
end_of_record
TN:
SF:G:\CSC 519 - DevOps\DevOps-Project\checkbox_test_generation\mock_routes\create.js
FN:30,(anonymous_1)
FN:41,(anonymous_2)
FN:43,(anonymous_3)
FN:48,(anonymous_4)
FN:62,(anonymous_5)
FN:76,basicCreate
FN:79,(anonymous_7)
FN:81,(anonymous_8)
FN:107,sendStudyEmail
FN:109,(anonymous_10)
FNF:10
FNH:10
FNDA:2,(anonymous_1)
FNDA:2,(anonymous_2)
FNDA:2,(anonymous_3)
FNDA:2,(anonymous_4)
FNDA:2,(anonymous_5)
FNDA:2,basicCreate
FNDA:2,(anonymous_7)
FNDA:2,(anonymous_8)
FNDA:2,sendStudyEmail
FNDA:2,(anonymous_10)
DA:2,1
DA:3,1
DA:4,1
DA:7,1
DA:22,1
DA:30,1
DA:32,2
DA:33,2
DA:35,2
DA:37,0
DA:38,0
DA:41,2
DA:43,2
DA:45,2
DA:46,0
DA:48,2
DA:50,2
DA:52,2
DA:54,0
DA:58,2
DA:61,2
DA:64,2
DA:65,2
DA:76,1
DA:78,2
DA:79,2
DA:81,2
DA:84,2
DA:86,2
DA:88,2
DA:89,2
DA:91,1
DA:93,2
DA:95,1
DA:98,2
DA:100,2
DA:104,2
DA:107,1
DA:108,2
DA:111,2
LF:40
LH:36
BRDA:35,1,0,0
BRDA:35,1,1,2
BRDA:45,2,0,0
BRDA:45,2,1,2
BRDA:50,3,0,2
BRDA:50,3,1,2
BRDA:52,4,0,0
BRDA:52,4,1,2
BRDA:89,5,0,1
BRDA:89,5,1,1
BRDA:93,6,0,1
BRDA:93,6,1,1
BRDA:111,7,0,2
BRDA:111,7,1,0
BRF:14
BRH:10
end_of_record
TN:
SF:G:\CSC 519 - DevOps\DevOps-Project\checkbox_test_generation\mock_routes\studyModel.js
FN:4,surrogateCtor
FN:6,extend
FN:15,(anonymous_3)
FN:36,(anonymous_4)
FN:46,(anonymous_5)
FN:52,(anonymous_6)
FN:73,(anonymous_7)
FN:83,(anonymous_8)
FN:89,(anonymous_9)
FNF:9
FNH:9
FNDA:2,surrogateCtor
FNDA:2,extend
FNDA:2,(anonymous_3)
FNDA:1,(anonymous_4)
FNDA:1,(anonymous_5)
FNDA:1,(anonymous_6)
FNDA:1,(anonymous_7)
FNDA:1,(anonymous_8)
FNDA:1,(anonymous_9)
DA:4,1
DA:6,1
DA:8,2
DA:10,2
DA:12,2
DA:15,1
DA:17,2
DA:19,2
DA:20,2
DA:21,2
DA:23,2
DA:24,2
DA:26,2
DA:28,2
DA:30,2
DA:31,2
DA:33,2
DA:36,1
DA:38,1
DA:39,1
DA:41,1
DA:42,1
DA:44,1
DA:46,1
DA:48,1
DA:52,1
DA:54,1
DA:68,1
DA:71,1
DA:73,1
DA:75,1
DA:76,1
DA:78,1
DA:79,1
DA:81,1
DA:83,1
DA:85,1
DA:89,1
DA:91,1
DA:105,1
DA:108,1
LF:41
LH:41
BRDA:31,1,0,2
BRDA:31,1,1,2
BRF:2
BRH:2
end_of_record
TN:
SF:G:\CSC 519 - DevOps\DevOps-Project\checkbox_test_generation\mock_db\db.js
FN:6,(anonymous_1)
FNF:1
FNH:1
FNDA:20,(anonymous_1)
DA:1,1
DA:2,1
DA:3,1
DA:6,1
DA:7,20
DA:8,20
DA:9,20
DA:10,15
DA:11,15
DA:14,5
DA:15,5
DA:16,5
DA:20,0
DA:42,1
LF:14
LH:13
BRDA:9,1,0,15
BRDA:9,1,1,5
BRDA:14,2,0,5
BRDA:14,2,1,0
BRF:4
BRH:3
end_of_record
TN:
SF:G:\CSC 519 - DevOps\DevOps-Project\checkbox_test_generation\mock_db\studies.js
FN:14,(anonymous_1)
FN:52,(anonymous_2)
FN:64,(anonymous_3)
FN:94,(anonymous_4)
FN:109,(anonymous_5)
FN:120,(anonymous_6)
FN:142,(anonymous_7)
FN:154,(anonymous_8)
FN:178,(anonymous_9)
FNF:9
FNH:7
FNDA:12,(anonymous_1)
FNDA:1,(anonymous_2)
FNDA:1,(anonymous_3)
FNDA:0,(anonymous_4)
FNDA:0,(anonymous_5)
FNDA:10,(anonymous_6)
FNDA:10,(anonymous_7)
FNDA:2,(anonymous_8)
FNDA:2,(anonymous_9)
DA:1,1
DA:2,1
DA:3,1
DA:6,1
DA:7,1
DA:9,1
DA:10,1
DA:11,1
DA:14,1
DA:15,12
DA:16,12
DA:17,11
DA:18,11
DA:21,12
DA:22,12
DA:23,12
DA:24,12
DA:25,12
DA:26,1
DA:29,11
DA:33,12
DA:34,360
DA:35,360
DA:36,360
DA:37,360
DA:38,360
DA:39,360
DA:40,12
DA:41,12
DA:42,12
DA:43,12
DA:48,0
DA:52,1
DA:53,1
DA:54,1
DA:55,1
DA:56,1
DA:57,1
DA:58,1
DA:59,30
DA:60,30
DA:61,1
DA:62,1
DA:63,1
DA:65,1
DA:66,1
DA:73,0
DA:74,0
DA:75,0
DA:76,0
DA:77,0
DA:80,0
DA:84,0
DA:85,0
DA:86,0
DA:87,0
DA:88,0
DA:89,0
DA:92,0
DA:93,0
DA:95,0
DA:96,0
DA:97,0
DA:105,0
DA:109,1
DA:110,0
DA:111,0
DA:112,0
DA:113,0
DA:114,0
DA:116,0
DA:120,1
DA:121,10
DA:122,10
DA:124,10
DA:125,0
DA:128,10
DA:131,10
DA:132,10
DA:133,10
DA:134,10
DA:137,10
DA:138,304
DA:139,10
DA:141,304
DA:142,10
DA:143,10
DA:144,0
DA:146,10
DA:147,10
DA:148,2
DA:154,1
DA:155,2
DA:156,2
DA:157,2
DA:158,2
DA:159,2
DA:160,2
DA:162,2
DA:163,30
DA:164,30
DA:165,14
DA:167,16
DA:169,30
DA:170,30
DA:172,2
DA:173,2
DA:174,2
DA:175,2
DA:176,2
DA:177,2
DA:178,2
DA:179,2
DA:180,0
DA:182,2
DA:183,2
DA:189,1
LF:117
LH:89
BRDA:16,1,0,11
BRDA:16,1,1,1
BRDA:25,2,0,1
BRDA:25,2,1,11
BRDA:25,3,0,12
BRDA:25,3,1,1
BRDA:39,4,0,12
BRDA:39,4,1,348
BRDA:56,5,0,1
BRDA:56,5,1,0
BRDA:60,6,0,1
BRDA:60,6,1,29
BRDA:76,7,0,0
BRDA:76,7,1,0
BRDA:76,8,0,0
BRDA:76,8,1,0
BRDA:87,9,0,0
BRDA:87,9,1,0
BRDA:88,10,0,0
BRDA:88,10,1,0
BRDA:92,11,0,0
BRDA:92,11,1,0
BRDA:124,12,0,0
BRDA:124,12,1,10
BRDA:124,13,0,10
BRDA:124,13,1,0
BRDA:132,14,0,10
BRDA:132,14,1,0
BRDA:138,15,0,10
BRDA:138,15,1,294
BRDA:141,16,0,10
BRDA:141,16,1,294
BRDA:143,17,0,0
BRDA:143,17,1,10
BRDA:147,18,0,2
BRDA:147,18,1,8
BRDA:164,19,0,14
BRDA:164,19,1,16
BRDA:179,20,0,0
BRDA:179,20,1,2
BRF:40
BRH:24
end_of_record
TN:
SF:G:\CSC 519 - DevOps\DevOps-Project\checkbox_test_generation\mock_db\votes.js
FN:8,(anonymous_1)
FN:29,(anonymous_2)
FN:69,(anonymous_3)
FN:84,(anonymous_4)
FN:96,(anonymous_5)
FN:103,(anonymous_6)
FN:125,(anonymous_7)
FNF:7
FNH:3
FNDA:0,(anonymous_1)
FNDA:4,(anonymous_2)
FNDA:4,(anonymous_3)
FNDA:1,(anonymous_4)
FNDA:0,(anonymous_5)
FNDA:0,(anonymous_6)
FNDA:0,(anonymous_7)
DA:1,1
DA:2,1
DA:4,1
DA:5,1
DA:8,1
DA:9,0
DA:10,0
DA:12,0
DA:15,0
DA:16,0
DA:17,0
DA:18,0
DA:19,0
DA:24,0
DA:29,1
DA:30,4
DA:31,4
DA:32,4
DA:33,4
DA:34,4
DA:35,4
DA:37,4
DA:38,6
DA:39,2
DA:42,4
DA:46,4
DA:47,4
DA:48,4
DA:52,4
DA:53,8
DA:54,8
DA:55,12
DA:56,1
DA:57,1
DA:58,1
DA:59,1
DA:60,1
DA:61,1
DA:65,8
DA:66,4
DA:67,4
DA:68,4
DA:70,4
DA:77,0
DA:84,1
DA:85,1
DA:86,1
DA:87,1
DA:88,1
DA:89,2
DA:91,1
DA:96,1
DA:97,0
DA:98,0
DA:99,0
DA:103,1
DA:104,0
DA:105,0
DA:107,0
DA:108,0
DA:111,0
DA:114,0
DA:115,0
DA:116,0
DA:117,0
DA:120,0
DA:121,0
DA:122,0
DA:124,0
DA:125,0
DA:126,0
DA:127,0
DA:130,0
DA:136,1
LF:74
LH:44
BRDA:18,1,0,0
BRDA:18,1,1,0
BRDA:38,2,0,2
BRDA:38,2,1,4
BRDA:38,3,0,6
BRDA:38,3,1,2
BRDA:55,4,0,1
BRDA:55,4,1,11
BRDA:59,5,0,1
BRDA:59,5,1,0
BRDA:65,6,0,4
BRDA:65,6,1,4
BRDA:107,7,0,0
BRDA:107,7,1,0
BRDA:107,8,0,0
BRDA:107,8,1,0
BRDA:115,9,0,0
BRDA:115,9,1,0
BRDA:121,10,0,0
BRDA:121,10,1,0
BRDA:124,11,0,0
BRDA:124,11,1,0
BRDA:126,12,0,0
BRDA:126,12,1,0
BRF:24
BRH:9
end_of_record
TN:
SF:G:\CSC 519 - DevOps\DevOps-Project\checkbox_test_generation\mock_routes\study.js
FN:8,(anonymous_1)
FN:28,(anonymous_2)
FN:30,(anonymous_3)
FN:32,(anonymous_4)
FN:35,(anonymous_5)
FN:44,(anonymous_6)
FN:95,(anonymous_7)
FN:111,(anonymous_8)
FN:114,(anonymous_9)
FN:116,(anonymous_10)
FN:128,(anonymous_11)
FN:131,(anonymous_12)
FN:132,(anonymous_13)
FN:139,(anonymous_14)
FN:146,(anonymous_15)
FN:153,(anonymous_16)
FN:167,(anonymous_17)
FN:189,(anonymous_18)
FN:202,commonSubmit
FN:207,(anonymous_20)
FN:208,(anonymous_21)
FN:219,(anonymous_22)
FNF:22
FNH:16
FNDA:3,(anonymous_1)
FNDA:1,(anonymous_2)
FNDA:1,(anonymous_3)
FNDA:1,(anonymous_4)
FNDA:1,(anonymous_5)
FNDA:1,(anonymous_6)
FNDA:0,(anonymous_7)
FNDA:1,(anonymous_8)
FNDA:1,(anonymous_9)
FNDA:1,(anonymous_10)
FNDA:1,(anonymous_11)
FNDA:1,(anonymous_12)
FNDA:1,(anonymous_13)
FNDA:1,(anonymous_14)
FNDA:1,(anonymous_15)
FNDA:1,(anonymous_16)
FNDA:0,(anonymous_17)
FNDA:0,(anonymous_18)
FNDA:0,commonSubmit
FNDA:0,(anonymous_20)
FNDA:0,(anonymous_21)
FNDA:1,(anonymous_22)
DA:3,1
DA:4,1
DA:5,1
DA:9,3
DA:12,1
DA:28,1
DA:30,1
DA:32,1
DA:34,1
DA:37,1
DA:38,1
DA:39,1
DA:40,1
DA:46,1
DA:48,1
DA:49,1
DA:50,1
DA:52,2
DA:53,2
DA:55,2
DA:59,1
DA:61,1
DA:63,30
DA:64,30
DA:66,0
DA:79,0
DA:85,0
DA:90,1
DA:95,1
DA:97,0
DA:98,0
DA:100,0
DA:103,1
DA:111,1
DA:112,1
DA:113,1
DA:114,1
DA:115,1
DA:116,1
DA:118,1
DA:119,1
DA:120,1
DA:121,1
DA:123,1
DA:128,1
DA:129,1
DA:131,1
DA:132,1
DA:133,1
DA:139,1
DA:141,1
DA:142,1
DA:143,1
DA:146,1
DA:147,1
DA:155,1
DA:157,0
DA:161,1
DA:167,1
DA:169,0
DA:170,0
DA:171,0
DA:172,0
DA:173,0
DA:174,0
DA:176,0
DA:187,0
DA:189,0
DA:190,0
DA:191,0
DA:192,0
DA:197,0
DA:202,1
DA:205,0
DA:207,0
DA:208,0
DA:209,0
DA:210,0
DA:212,0
DA:213,0
DA:219,1
DA:220,1
LF:82
LH:55
BRDA:53,1,0,2
BRDA:53,1,1,0
BRDA:64,2,0,0
BRDA:64,2,1,30
BRDA:79,3,0,0
BRDA:79,3,1,0
BRDA:155,4,0,0
BRDA:155,4,1,1
BRDA:155,5,0,1
BRDA:155,5,1,1
BRDA:187,6,0,0
BRDA:187,6,1,0
BRDA:187,7,0,0
BRDA:187,7,1,0
BRDA:187,7,2,0
BRDA:209,8,0,0
BRDA:209,8,1,0
BRDA:220,9,0,1
BRDA:220,9,1,1
BRDA:220,10,0,1
BRDA:220,10,1,1
BRF:21
BRH:9
end_of_record
TN:
SF:G:\CSC 519 - DevOps\DevOps-Project\checkbox_test_generation\mock_routes\upload.js
FN:18,(anonymous_1)
FN:24,(anonymous_2)
FN:28,(anonymous_3)
FN:34,(anonymous_4)
FN:39,(anonymous_5)
FN:48,(anonymous_6)
FN:48,(anonymous_7)
FN:61,readFileStream
FN:66,(anonymous_9)
FN:71,(anonymous_10)
FN:77,(anonymous_11)
FN:81,(anonymous_12)
FN:85,(anonymous_13)
FN:94,readFile
FN:97,(anonymous_15)
FN:104,uploadFile
FN:114,(anonymous_17)
FN:116,(anonymous_18)
FN:120,(anonymous_19)
FN:123,(anonymous_20)
FNF:20
FNH:1
FNDA:1,(anonymous_1)
FNDA:0,(anonymous_2)
FNDA:0,(anonymous_3)
FNDA:0,(anonymous_4)
FNDA:0,(anonymous_5)
FNDA:0,(anonymous_6)
FNDA:0,(anonymous_7)
FNDA:0,readFileStream
FNDA:0,(anonymous_9)
FNDA:0,(anonymous_10)
FNDA:0,(anonymous_11)
FNDA:0,(anonymous_12)
FNDA:0,(anonymous_13)
FNDA:0,readFile
FNDA:0,(anonymous_15)
FNDA:0,uploadFile
FNDA:0,(anonymous_17)
FNDA:0,(anonymous_18)
FNDA:0,(anonymous_19)
FNDA:0,(anonymous_20)
DA:1,1
DA:2,1
DA:3,1
DA:5,1
DA:6,1
DA:7,1
DA:9,1
DA:12,1
DA:16,1
DA:17,1
DA:18,1
DA:20,1
DA:21,1
DA:24,1
DA:26,0
DA:28,0
DA:30,0
DA:34,1
DA:36,0
DA:37,0
DA:39,0
DA:40,0
DA:42,0
DA:44,0
DA:45,0
DA:47,0
DA:48,0
DA:50,0
DA:51,0
DA:52,0
DA:57,0
DA:61,1
DA:63,0
DA:64,0
DA:66,0
DA:68,0
DA:71,0
DA:77,0
DA:81,0
DA:85,0
DA:87,0
DA:90,0
DA:94,1
DA:97,0
DA:99,0
DA:100,0
DA:104,1
DA:107,0
DA:109,0
DA:114,0
DA:116,0
DA:118,0
DA:120,0
DA:123,0
DA:124,0
DA:125,0
DA:126,0
DA:128,0
LF:58
LH:18
BRDA:21,1,0,1
BRDA:21,1,1,0
BRDA:125,2,0,0
BRDA:125,2,1,0
BRF:4
BRH:1
end_of_record
TN:
SF:G:\CSC 519 - DevOps\DevOps-Project\checkbox_test_generation\mock_routes\admin.js
FN:8,(anonymous_1)
FN:35,(anonymous_2)
FN:39,(anonymous_3)
FN:40,(anonymous_4)
FN:46,(anonymous_5)
FN:48,(anonymous_6)
FN:49,(anonymous_7)
FN:57,(anonymous_8)
FN:59,(anonymous_9)
FN:60,(anonymous_10)
FN:68,(anonymous_11)
FN:73,(anonymous_12)
FN:74,(anonymous_13)
FN:78,(anonymous_14)
FN:80,(anonymous_15)
FN:96,(anonymous_16)
FN:97,(anonymous_17)
FN:100,(anonymous_18)
FN:106,(anonymous_19)
FN:112,(anonymous_20)
FN:125,(anonymous_21)
FN:131,(anonymous_22)
FN:151,(anonymous_23)
FN:156,(anonymous_24)
FN:157,(anonymous_25)
FN:161,(anonymous_26)
FN:162,(anonymous_27)
FN:166,(anonymous_28)
FN:168,(anonymous_29)
FN:199,(anonymous_30)
FN:238,(anonymous_31)
FNF:31
FNH:21
FNDA:0,(anonymous_1)
FNDA:1,(anonymous_2)
FNDA:1,(anonymous_3)
FNDA:1,(anonymous_4)
FNDA:4,(anonymous_5)
FNDA:4,(anonymous_6)
FNDA:4,(anonymous_7)
FNDA:4,(anonymous_8)
FNDA:4,(anonymous_9)
FNDA:4,(anonymous_10)
FNDA:1,(anonymous_11)
FNDA:1,(anonymous_12)
FNDA:1,(anonymous_13)
FNDA:1,(anonymous_14)
FNDA:1,(anonymous_15)
FNDA:0,(anonymous_16)
FNDA:0,(anonymous_17)
FNDA:0,(anonymous_18)
FNDA:0,(anonymous_19)
FNDA:0,(anonymous_20)
FNDA:0,(anonymous_21)
FNDA:0,(anonymous_22)
FNDA:1,(anonymous_23)
FNDA:1,(anonymous_24)
FNDA:1,(anonymous_25)
FNDA:1,(anonymous_26)
FNDA:1,(anonymous_27)
FNDA:0,(anonymous_28)
FNDA:0,(anonymous_29)
FNDA:5,(anonymous_30)
FNDA:5,(anonymous_31)
DA:2,1
DA:3,1
DA:4,1
DA:5,1
DA:9,0
DA:13,1
DA:20,1
DA:35,1
DA:36,1
DA:37,1
DA:38,1
DA:39,1
DA:40,1
DA:41,1
DA:46,1
DA:47,4
DA:48,4
DA:49,4
DA:50,4
DA:52,4
DA:57,1
DA:58,4
DA:59,4
DA:60,4
DA:61,4
DA:63,4
DA:68,1
DA:69,1
DA:70,1
DA:73,1
DA:74,1
DA:76,1
DA:78,1
DA:80,1
DA:81,1
DA:83,1
DA:85,0
DA:88,1
DA:89,1
DA:94,0
DA:96,0
DA:97,0
DA:98,0
DA:100,0
DA:102,0
DA:103,0
DA:105,0
DA:106,0
DA:107,0
DA:109,0
DA:112,0
DA:114,0
DA:115,0
DA:117,0
DA:118,0
DA:120,0
DA:123,0
DA:125,0
DA:127,0
DA:131,0
DA:133,0
DA:134,0
DA:143,0
DA:151,1
DA:152,1
DA:153,1
DA:156,1
DA:157,1
DA:159,1
DA:161,1
DA:162,1
DA:164,1
DA:166,1
DA:167,0
DA:170,0
DA:172,0
DA:176,0
DA:180,1
DA:183,0
DA:184,0
DA:188,1
DA:199,1
DA:200,5
DA:201,5
DA:203,5
DA:204,5
DA:206,1
DA:208,4
DA:210,1
DA:212,3
DA:214,1
DA:216,2
DA:218,1
DA:220,1
DA:222,1
DA:226,5
DA:237,5
DA:240,5
DA:241,5
DA:243,5
DA:247,0
LF:101
LH:68
BRDA:76,1,0,1
BRDA:76,1,1,0
BRDA:76,2,0,1
BRDA:76,2,1,1
BRDA:81,3,0,1
BRDA:81,3,1,1
BRDA:94,4,0,0
BRDA:94,4,1,0
BRDA:94,5,0,0
BRDA:94,5,1,0
BRDA:102,6,0,0
BRDA:102,6,1,0
BRDA:102,7,0,0
BRDA:102,7,1,0
BRDA:114,8,0,0
BRDA:114,8,1,0
BRDA:133,9,0,0
BRDA:133,9,1,0
BRDA:159,10,0,1
BRDA:159,10,1,0
BRDA:172,11,0,0
BRDA:172,11,1,0
BRDA:180,12,0,0
BRDA:180,12,1,1
BRDA:180,13,0,1
BRDA:180,13,1,1
BRDA:204,14,0,1
BRDA:204,14,1,4
BRDA:208,15,0,1
BRDA:208,15,1,3
BRDA:212,16,0,1
BRDA:212,16,1,2
BRDA:216,17,0,1
BRDA:216,17,1,1
BRDA:220,18,0,1
BRDA:220,18,1,0
BRDA:240,19,0,5
BRDA:240,19,1,0
BRDA:241,20,0,5
BRDA:241,20,1,0
BRF:40
BRH:20
end_of_record
